

 SAP2000 v18.2.0 Ultimate 64-bit (Analysis Build 9503/64)
 File: C:\Users\lyoshi\Documen...的屈曲分析和平衡路径\Sap2000_negative\Frame.LOG




 B E G I N   A N A L Y S I S                                2016/12/01  01:02:38


 RUNNING ANALYSIS WITHIN THE GUI PROCESS
 USING THE ADVANCED SOLVER (PROVIDES LIMITED INSTABILITY INFORMATION)

 NUMBER OF JOINTS                          =          11
    WITH RESTRAINTS                        =           2
 NUMBER OF FRAME/CABLE/TENDON ELEMENTS     =          10
 NUMBER OF LOAD PATTERNS                   =           1
 NUMBER OF ACCELERATION LOADS              =           9
 NUMBER OF LOAD CASES                      =           1

 ADDRESSABLE PHYSICAL MEMORY (RAM)         =       3.822 GB

 PARALLELIZATION OF ANALYSIS OPERATIONS:
 (Env. variable SAPFIRE_NUM_THREADS        =           0)
 NUMBER OF THREADS: STATE (AUTOMATIC)      =           2
 NUMBER OF THREADS: STIFFNESS (AUTOMATIC)  =           2
 NUMBER OF THREADS: EVENT (AUTOMATIC)      =           2
 NUMBER OF THREADS: MOVE (AUTOMATIC)       =           2
 NUMBER OF THREADS: RESPONSE (AUTOMATIC)   =           2
 NUMBER OF THREADS: SOLVE (AUTOMATIC)      =           2


 N O N L I N E A R   S T A T I C   A N A L Y S I S                      01:02:38

 CASE: NLSTAT1

 STARTING FROM ZERO (UNSTRESSED) INITIAL CONDITIONS

 LOAD CONTROL TYPE                         = DISPLACEMENT
 SAVE POSITIVE INCREMENTS ONLY             =         YES
 TYPE OF GEOMETRIC NONLINEARITY            = LARGE DISPLACEMENT AND P-DELTA
 INCLUDE ELASTIC MATERIAL NONLINEARITY     =         YES
 INCLUDE INELASTIC MATERIAL NONLINEARITY   =         YES
 USE EVENT STEPPING                        =         YES
 USE ITERATION                             =         YES
 USE LINE SEARCH                           =          NO
 EVENT LUMPING TOLERANCE                   =    0.010000
 FORCE CONVERGENCE TOLERANCE (RELATIVE)    =    0.000100


 E L E M E N T   F O R M A T I O N                                      01:02:38


 Negative iterations are Constant-Stiffness
 Positive iterations are Newton-Raphson

  Saved    Null   Total  Iteration   Relative  Curr Step   Curr Sum    Max Sum
  Steps   Steps   Steps  this Step  Unbalance       Size   of Steps   of Steps
 (  100      50     200     -10/40   1.000000   0.100000   1.000000   1.000000)

      0       0       1         -1   4659.547   0.100000    .000000    .000000
      0       0       1         -2  22307.261   0.100000    .000000    .000000
      0       0       1         -3  82766.411   0.100000    .000000    .000000
      0       0       1         -4 7.8667E+06   0.100000    .000000    .000000
      0       0       1          1   4659.547   0.100000    .000000    .000000
      0       0       1          2  12021.882   0.100000    .000000    .000000
      0       0       1          3 147539.973   0.100000    .000000    .000000
      0       0       1          4 205771.253   0.100000    .000000    .000000
      0       0       1          5 1.4035E+09   0.100000    .000000    .000000
      0       1       2          1   1198.033   0.050000    .000000    .000000
      0       1       2          2   4153.869   0.050000    .000000    .000000
      0       1       2          3  35184.205   0.050000    .000000    .000000
      0       1       2          4 5.1248E+07   0.050000    .000000    .000000
      0       2       3         -1 305.494776   0.025000    .000000    .000000
      0       2       3         -2 386.412209   0.025000    .000000    .000000
      0       2       3         -3 495.773786   0.025000    .000000    .000000
      0       2       3         -4 691.179193   0.025000    .000000    .000000
      0       2       3          1 305.494776   0.025000    .000000    .000000
      0       2       3          2   2370.454   0.025000    .000000    .000000
      0       2       3          3   6613.264   0.025000    .000000    .000000
      0       2       3          4   3772.975   0.025000    .000000    .000000
      0       2       3          5   4329.639   0.025000    .000000    .000000
      0       2       3          6   5060.165   0.025000    .000000    .000000
      0       2       3          7   5556.192   0.025000    .000000    .000000
      0       2       3          8   6931.496   0.025000    .000000    .000000
      0       2       3          9   9598.970   0.025000    .000000    .000000
      0       2       3         10   7997.246   0.025000    .000000    .000000
      0       2       3         11   8035.473   0.025000    .000000    .000000
      0       2       3         12   9615.767   0.025000    .000000    .000000
      0       2       3         13  21724.046   0.025000    .000000    .000000
      0       2       3         14  10406.099   0.025000    .000000    .000000
      0       2       3         15  11225.478   0.025000    .000000    .000000
      0       2       3         16  11326.426   0.025000    .000000    .000000
      0       2       3         17  11320.826   0.025000    .000000    .000000
      0       2       3         18  10843.426   0.025000    .000000    .000000
      0       2       3         19  11618.867   0.025000    .000000    .000000
      0       2       3         20 3.2074E+06   0.025000    .000000    .000000
      0       3       4          1  77.234321   0.012500    .000000    .000000
      0       3       4          2 276.593409   0.012500    .000000    .000000
      0       3       4          3  51.404623   0.012500    .000000    .000000
      0       3       4          4  31.913956   0.012500    .000000    .000000
      0       3       4          5  41.840438   0.012500    .000000    .000000
      0       3       4          6 115.884794   0.012500    .000000    .000000
      0       3       4          7  84.279212   0.012500    .000000    .000000
      0       3       4          8 321.480623   0.012500    .000000    .000000
      0       3       4          9  41.294747   0.012500    .000000    .000000
      0       3       4         10  12.248245   0.012500    .000000    .000000
      0       3       4         11  17.644617   0.012500    .000000    .000000
      0       3       4         12  28.058019   0.012500    .000000    .000000
      0       3       4         13  67.681848   0.012500    .000000    .000000
      0       3       4         14  71.484001   0.012500    .000000    .000000
      0       3       4         15 265.010722   0.012500    .000000    .000000
      0       3       4         16  56.035181   0.012500    .000000    .000000
      0       3       4         17  52.319669   0.012500    .000000    .000000
      0       3       4         18  59.821651   0.012500    .000000    .000000
      0       3       4         19 199.076012   0.012500    .000000    .000000
      0       3       4         20  75.149879   0.012500    .000000    .000000
      0       3       4         21 170.918496   0.012500    .000000    .000000
      0       3       4         22  82.143427   0.012500    .000000    .000000
      0       3       4         23 248.841022   0.012500    .000000    .000000
      0       3       4         24  62.851327   0.012500    .000000    .000000
      0       3       4         25  87.178482   0.012500    .000000    .000000
      0       3       4         26  77.630996   0.012500    .000000    .000000
      0       3       4         27 302.691235   0.012500    .000000    .000000
      0       3       4         28  45.124283   0.012500    .000000    .000000
      0       3       4         29   9.489376   0.012500    .000000    .000000
      0       3       4         30   9.804485   0.012500    .000000    .000000
      0       3       4         31  19.901929   0.012500    .000000    .000000
      0       3       4         32  31.042711   0.012500    .000000    .000000
      0       3       4         33  77.095706   0.012500    .000000    .000000
      0       4       5          1  19.423059   0.006250    .000000    .000000
      0       4       5          2  17.214341   0.006250    .000000    .000000
      0       4       5          3  11.126857   0.006250    .000000    .000000
      0       4       5          4  10.161254   0.006250    .000000    .000000
      0       4       5          5   7.198657   0.006250    .000000    .000000
      0       4       5          6   6.316527   0.006250    .000000    .000000
      0       4       5          7   4.705851   0.006250    .000000    .000000
      0       4       5          8   4.015514   0.006250    .000000    .000000
      0       4       5          9   3.081165   0.006250    .000000    .000000
      0       4       5         10   2.579881   0.006250    .000000    .000000
      0       4       5         11   2.015838   0.006250    .000000    .000000
      0       4       5         12   1.666634   0.006250    .000000    .000000
      0       4       5         13   1.317227   0.006250    .000000    .000000
      0       4       5         14   1.079932   0.006250    .000000    .000000
      1       4       5  Conv   15   0.859774   0.006250   0.006250   0.006250
      1       4       6          1  68.193876   0.012500   0.006250   0.006250
      1       4       6          2  93.658436   0.012500   0.006250   0.006250
      1       4       6          3  65.498813   0.012500   0.006250   0.006250
      1       4       6          4 115.993865   0.012500   0.006250   0.006250
      1       4       6          5  69.204951   0.012500   0.006250   0.006250
      1       4       6          6 118.755007   0.012500   0.006250   0.006250
      1       4       6          7  69.454472   0.012500   0.006250   0.006250
      1       4       6          8 118.866012   0.012500   0.006250   0.006250
      1       4       6          9  69.459255   0.012500   0.006250   0.006250
      1       4       6         10 118.886665   0.012500   0.006250   0.006250
      1       4       6         11  69.461960   0.012500   0.006250   0.006250
      1       4       6         12 118.884477   0.012500   0.006250   0.006250
      1       4       6         13  69.461530   0.012500   0.006250   0.006250
      1       4       6         14 118.885186   0.012500   0.006250   0.006250
      1       4       6         15  69.461649   0.012500   0.006250   0.006250
      1       4       6         16 118.885022   0.012500   0.006250   0.006250
      1       4       6         17  69.461621   0.012500   0.006250   0.006250
      1       4       6         18 118.885063   0.012500   0.006250   0.006250
      1       4       6         19  69.461628   0.012500   0.006250   0.006250
      1       4       6         20 118.885053   0.012500   0.006250   0.006250
      1       4       6         21  69.461626   0.012500   0.006250   0.006250
      1       4       6         22 118.885055   0.012500   0.006250   0.006250
      1       4       6         23  69.461626   0.012500   0.006250   0.006250
      1       4       6         24 118.885055   0.012500   0.006250   0.006250
      1       4       6         25  69.461626   0.012500   0.006250   0.006250
      1       4       6         26 118.885055   0.012500   0.006250   0.006250
      1       4       6         27  69.461626   0.012500   0.006250   0.006250
      1       4       6         28 118.885055   0.012500   0.006250   0.006250
      1       4       6         29  69.461626   0.012500   0.006250   0.006250
      1       4       6         30 118.885055   0.012500   0.006250   0.006250
      1       4       6         31  69.461626   0.012500   0.006250   0.006250
      1       4       6         32 118.885055   0.012500   0.006250   0.006250
      1       4       6         33  69.461626   0.012500   0.006250   0.006250
      1       4       6         34 118.885055   0.012500   0.006250   0.006250
      1       4       6         35  69.461626   0.012500   0.006250   0.006250
      1       4       6         36 118.885055   0.012500   0.006250   0.006250
      1       4       6         37  69.461626   0.012500   0.006250   0.006250
      1       4       6         38 118.885055   0.012500   0.006250   0.006250
      1       4       6         39  69.461626   0.012500   0.006250   0.006250
      1       4       6         40 118.885055   0.012500   0.006250   0.006250
      1       4       6         -1  23.806872   0.006250   0.006250   0.006250
      1       4       6         -2   4.939529   0.006250   0.006250   0.006250
      1       4       6         -3   1.173557   0.006250   0.006250   0.006250
      2       4       6  Conv   -4   0.312666   0.006250   0.012500   0.012500
      2       4       7         -1  61.033997   0.012500   0.012500   0.012500
      2       4       7         -2  16.814317   0.012500   0.012500   0.012500
      2       4       7         -3   5.311583   0.012500   0.012500   0.012500
      2       4       7         -4   2.266983   0.012500   0.012500   0.012500
      2       4       7         -5   0.957451   0.012500   0.012500   0.012500
      2       4       7         -1 176.074190   0.025000   0.012500   0.012500
      2       4       7         -2  90.574268   0.025000   0.012500   0.012500
      2       4       7         -3  53.092310   0.025000   0.012500   0.012500
      2       4       7         -4  44.007154   0.025000   0.012500   0.012500
      2       4       7         -5  36.493841   0.025000   0.012500   0.012500
      2       4       7         -6  30.529874   0.025000   0.012500   0.012500
      2       4       7         -7  25.576520   0.025000   0.012500   0.012500
      2       4       7         -8  21.412637   0.025000   0.012500   0.012500
      2       4       7         -9  17.944238   0.025000   0.012500   0.012500
      2       4       7        -10  15.025727   0.025000   0.012500   0.012500
      2       4       7         -1  61.033997   0.012500   0.012500   0.012500
      2       4       7         -2  16.814317   0.012500   0.012500   0.012500
      2       4       7         -3   5.311583   0.012500   0.012500   0.012500
      2       4       7         -4   2.266983   0.012500   0.012500   0.012500
      3       4       7  Conv   -5   0.957451   0.012500   0.025000   0.025000
      3       4       8         -1 136.933148   0.025000   0.025000   0.025000
      3       4       8         -2  39.317353   0.025000   0.025000   0.025000
      3       4       8         -3   6.478995   0.025000   0.025000   0.025000
      3       4       8         -4   4.154070   0.025000   0.025000   0.025000
      3       4       8         -5   2.867760   0.025000   0.025000   0.025000
      3       4       8         -6   1.766302   0.025000   0.025000   0.025000
      3       4       8         -7   1.091894   0.025000   0.025000   0.025000
      3       4       8         -8   0.667068   0.025000   0.025000   0.025000
      3       4       8         -1 401.920851   0.050000   0.025000   0.025000
      3       4       8         -2 198.998516   0.050000   0.025000   0.025000
      3       4       8         -3 299.077209   0.050000   0.025000   0.025000
      3       4       8         -4 376.384997   0.050000   0.025000   0.025000
      3       4       8         -5 473.157999   0.050000   0.025000   0.025000
      3       4       8         -1 136.933148   0.025000   0.025000   0.025000
      3       4       8         -2  39.317353   0.025000   0.025000   0.025000
      3       4       8         -3   6.478995   0.025000   0.025000   0.025000
      3       4       8         -4   4.154070   0.025000   0.025000   0.025000
      3       4       8         -5   2.867760   0.025000   0.025000   0.025000
      3       4       8         -6   1.766302   0.025000   0.025000   0.025000
      3       4       8         -7   1.091894   0.025000   0.025000   0.025000
      4       4       8  Conv   -8   0.667068   0.025000   0.050000   0.050000
      4       4       9         -1 349.613364   0.050000   0.050000   0.050000
      4       4       9         -2 350.488302   0.050000   0.050000   0.050000
      4       4       9         -3 386.839104   0.050000   0.050000   0.050000
      4       4       9         -4 318.510389   0.050000   0.050000   0.050000
      4       4       9         -5 264.917509   0.050000   0.050000   0.050000
      4       4       9         -6 212.617642   0.050000   0.050000   0.050000
      4       4       9         -7 169.982048   0.050000   0.050000   0.050000
      4       4       9         -8 135.384531   0.050000   0.050000   0.050000
      4       4       9         -9 107.559726   0.050000   0.050000   0.050000
      4       4       9        -10  85.589377   0.050000   0.050000   0.050000
      4       4       9         -1 113.085691   0.025000   0.050000   0.050000
      4       4       9         -2  51.520593   0.025000   0.050000   0.050000
      4       4       9         -3  24.429169   0.025000   0.050000   0.050000
      4       4       9         -4  10.199902   0.025000   0.050000   0.050000
      4       4       9         -5   4.468642   0.025000   0.050000   0.050000
      4       4       9         -6   1.829292   0.025000   0.050000   0.050000
      5       4       9  Conv   -7   0.756705   0.025000   0.075000   0.075000
      5       4      10         -1 379.283338   0.050000   0.075000   0.075000
      5       4      10         -2 426.081393   0.050000   0.075000   0.075000
      5       4      10         -3 344.457949   0.050000   0.075000   0.075000
      5       4      10         -4 218.612403   0.050000   0.075000   0.075000
      5       4      10         -5 142.518775   0.050000   0.075000   0.075000
      5       4      10         -6  90.035317   0.050000   0.075000   0.075000
      5       4      10         -7  57.497081   0.050000   0.075000   0.075000
      5       4      10         -8  36.724770   0.050000   0.075000   0.075000
      5       4      10         -9  23.700614   0.050000   0.075000   0.075000
      5       4      10        -10  15.421993   0.050000   0.075000   0.075000
      5       4      10         -1 110.036762   0.025000   0.075000   0.075000
      5       4      10         -2  70.758999   0.025000   0.075000   0.075000
      5       4      10         -3  26.095668   0.025000   0.075000   0.075000
      5       4      10         -4   8.435310   0.025000   0.075000   0.075000
      5       4      10         -5   2.909640   0.025000   0.075000   0.075000
      6       4      10  Conv   -6   0.930367   0.025000   0.100000   0.100000
      6       4      11         -1 427.905075   0.050000   0.100000   0.100000
      6       4      11         -2 484.597954   0.050000   0.100000   0.100000
      6       4      11         -3 310.541808   0.050000   0.100000   0.100000
      6       4      11         -4 167.631240   0.050000   0.100000   0.100000
      6       4      11         -5  93.147440   0.050000   0.100000   0.100000
      6       4      11         -6  52.647401   0.050000   0.100000   0.100000
      6       4      11         -7  30.636296   0.050000   0.100000   0.100000
      6       4      11         -8  18.527033   0.050000   0.100000   0.100000
      6       4      11         -9  11.470060   0.050000   0.100000   0.100000
      6       4      11        -10   7.317566   0.050000   0.100000   0.100000
      6       4      11         -1 116.204408   0.025000   0.100000   0.100000
      6       4      11         -2  87.253824   0.025000   0.100000   0.100000
      6       4      11         -3  25.605623   0.025000   0.100000   0.100000
      6       4      11         -4   7.135253   0.025000   0.100000   0.100000
      6       4      11         -5   2.060105   0.025000   0.100000   0.100000
      7       4      11  Conv   -6   0.576458   0.025000   0.125000   0.125000
      7       4      12         -1 481.817211   0.050000   0.125000   0.125000
      7       4      12         -2 540.534386   0.050000   0.125000   0.125000
      7       4      12         -3 290.275171   0.050000   0.125000   0.125000
      7       4      12         -4 145.469866   0.050000   0.125000   0.125000
      7       4      12         -5  73.162457   0.050000   0.125000   0.125000
      7       4      12         -6  41.713045   0.050000   0.125000   0.125000
      7       4      12         -7  24.200610   0.050000   0.125000   0.125000
      7       4      12         -8  15.299317   0.050000   0.125000   0.125000
      7       4      12         -9   9.697543   0.050000   0.125000   0.125000
      7       4      12        -10   6.373981   0.050000   0.125000   0.125000
      7       4      12         -1 124.633568   0.025000   0.125000   0.125000
      7       4      12         -2 103.028078   0.025000   0.125000   0.125000
      7       4      12         -3  25.214495   0.025000   0.125000   0.125000
      7       4      12         -4   6.663462   0.025000   0.125000   0.125000
      7       4      12         -5   1.645613   0.025000   0.125000   0.125000
      8       4      12  Conv   -6   0.454445   0.025000   0.150000   0.150000
      8       4      13         -1 537.911549   0.050000   0.150000   0.150000
      8       4      13         -2 596.105894   0.050000   0.150000   0.150000
      8       4      13         -3 280.424940   0.050000   0.150000   0.150000
      8       4      13         -4 140.389099   0.050000   0.150000   0.150000
      8       4      13         -5  67.189112   0.050000   0.150000   0.150000
      8       4      13         -6  40.883472   0.050000   0.150000   0.150000
      8       4      13         -7  24.141836   0.050000   0.150000   0.150000
      8       4      13         -8  15.845575   0.050000   0.150000   0.150000
      8       4      13         -9  10.165989   0.050000   0.150000   0.150000
      8       4      13        -10   6.761337   0.050000   0.150000   0.150000
      8       4      13         -1 135.076956   0.025000   0.150000   0.150000
      8       4      13         -2 118.260001   0.025000   0.150000   0.150000
      8       4      13         -3  25.014140   0.025000   0.150000   0.150000
      8       4      13         -4   6.788868   0.025000   0.150000   0.150000
      8       4      13         -5   1.463074   0.025000   0.150000   0.150000
      8       4      13  Conv   -6   0.437951   0.025000   0.175000   0.175000
      8       4      14         -1 594.873933   0.050000   0.175000   0.175000
      8       4      14         -2 651.856675   0.050000   0.175000   0.175000
      8       4      14         -3 278.666418   0.050000   0.175000   0.175000
      8       4      14         -4 145.693916   0.050000   0.175000   0.175000
      8       4      14         -5  68.473671   0.050000   0.175000   0.175000
      8       4      14         -6  44.072336   0.050000   0.175000   0.175000
      8       4      14         -7  26.256721   0.050000   0.175000   0.175000
      8       4      14         -8  17.500159   0.050000   0.175000   0.175000
      8       4      14         -9  11.253744   0.050000   0.175000   0.175000
      8       4      14        -10   7.505152   0.050000   0.175000   0.175000
      8       4      14         -1 146.676046   0.025000   0.175000   0.175000
      8       4      14         -2 133.160010   0.025000   0.175000   0.175000
      8       4      14         -3  25.086125   0.025000   0.175000   0.175000
      8       4      14         -4   7.343149   0.025000   0.175000   0.175000
      8       4      14         -5   1.424354   0.025000   0.175000   0.175000
      9       4      14  Conv   -6   0.472869   0.025000   0.200000   0.200000
      9       4      15         -1 652.164953   0.050000   0.200000   0.200000
      9       4      15         -2 707.827687   0.050000   0.200000   0.200000
      9       4      15         -3 283.369874   0.050000   0.200000   0.200000
      9       4      15         -4 157.285289   0.050000   0.200000   0.200000
      9       4      15         -5  73.583282   0.050000   0.200000   0.200000
      9       4      15         -6  48.963559   0.050000   0.200000   0.200000
      9       4      15         -7  29.229441   0.050000   0.200000   0.200000
      9       4      15         -8  19.579693   0.050000   0.200000   0.200000
      9       4      15         -9  12.583168   0.050000   0.200000   0.200000
      9       4      15        -10   8.392259   0.050000   0.200000   0.200000
      9       4      15         -1 158.986195   0.025000   0.200000   0.200000
      9       4      15         -2 147.821721   0.025000   0.200000   0.200000
      9       4      15         -3  25.449374   0.025000   0.200000   0.200000
      9       4      15         -4   8.193321   0.025000   0.200000   0.200000
      9       4      15         -5   1.479099   0.025000   0.200000   0.200000
      9       4      15  Conv   -6   0.533505   0.025000   0.225000   0.225000
      9       4      16         -1 709.545987   0.050000   0.225000   0.225000
      9       4      16         -2 763.962160   0.050000   0.225000   0.225000
      9       4      16         -3 293.364010   0.050000   0.225000   0.225000
      9       4      16         -4 172.780618   0.050000   0.225000   0.225000
      9       4      16         -5  80.809290   0.050000   0.225000   0.225000
      9       4      16         -6  54.711609   0.050000   0.225000   0.225000
      9       4      16         -7  32.635379   0.050000   0.225000   0.225000
      9       4      16         -8  21.886423   0.050000   0.225000   0.225000
      9       4      16         -9  14.046739   0.050000   0.225000   0.225000
      9       4      16        -10   9.361868   0.050000   0.225000   0.225000
      9       4      16         -1 171.756004   0.025000   0.225000   0.225000
      9       4      16         -2 162.295931   0.025000   0.225000   0.225000
      9       4      16         -3  26.107215   0.025000   0.225000   0.225000
      9       4      16         -4   9.251547   0.025000   0.225000   0.225000
      9       4      16         -5   1.596123   0.025000   0.225000   0.225000
     10       4      16  Conv   -6   0.608808   0.025000   0.250000   0.250000
     10       4      17         -1 766.912472   0.050000   0.250000   0.250000
     10       4      17         -2 820.203944   0.050000   0.250000   0.250000
     10       4      17         -3 307.775907   0.050000   0.250000   0.250000
     10       4      17         -4 190.871728   0.050000   0.250000   0.250000
     10       4      17         -5  89.336778   0.050000   0.250000   0.250000
     10       4      17         -6  61.004680   0.050000   0.250000   0.250000
     10       4      17         -7  36.328521   0.050000   0.250000   0.250000
     10       4      17         -8  24.356866   0.050000   0.250000   0.250000
     10       4      17         -9  15.609728   0.050000   0.250000   0.250000
     10       4      17        -10  10.394294   0.050000   0.250000   0.250000
     10       4      17         -1 184.835460   0.025000   0.250000   0.250000
     10       4      17         -2 176.615757   0.025000   0.250000   0.250000
     10       4      17         -3  27.057655   0.025000   0.250000   0.250000
     10       4      17         -4  10.465680   0.025000   0.250000   0.250000
     10       4      17         -5   1.756517   0.025000   0.250000   0.250000
     10       4      17  Conv   -6   0.694286   0.025000   0.275000   0.275000
     10       4      18         -1 824.225816   0.050000   0.275000   0.275000
     10       4      18         -2 876.518042   0.050000   0.275000   0.275000
     10       4      18         -3 325.945290   0.050000   0.275000   0.275000
     10       4      18         -4 210.862894   0.050000   0.275000   0.275000
     10       4      18         -5  98.785380   0.050000   0.275000   0.275000
     10       4      18         -6  67.728922   0.050000   0.275000   0.275000
     10       4      18         -7  40.259132   0.050000   0.275000   0.275000
     10       4      18         -8  26.972173   0.050000   0.275000   0.275000
     10       4      18         -9  17.262147   0.050000   0.275000   0.275000
     10       4      18        -10  11.484286   0.050000   0.275000   0.275000
     10       4      18         -1 198.131952   0.025000   0.275000   0.275000
     10       4      18         -2 190.806182   0.025000   0.275000   0.275000
     10       4      18         -3  28.295832   0.025000   0.275000   0.275000
     10       4      18         -4  11.806430   0.025000   0.275000   0.275000
     10       4      18         -5   1.949393   0.025000   0.275000   0.275000
     11       4      18  Conv   -6   0.788191   0.025000   0.300000   0.300000
     11       4      19         -1 881.482266   0.050000   0.300000   0.300000
     11       4      19         -2 932.891080   0.050000   0.300000   0.300000
     11       4      19         -3 347.374858   0.050000   0.300000   0.300000
     11       4      19         -4 232.393096   0.050000   0.300000   0.300000
     11       4      19         -5 108.983516   0.050000   0.300000   0.300000
     11       4      19         -6  74.850328   0.050000   0.300000   0.300000
     11       4      19         -7  44.415627   0.050000   0.300000   0.300000
     11       4      19         -8  29.731428   0.050000   0.300000   0.300000
     11       4      19         -9  19.004373   0.050000   0.300000   0.300000
     11       4      19        -10  12.632882   0.050000   0.300000   0.300000
     11       4      19         -1 211.587242   0.025000   0.300000   0.300000
     11       4      19         -2 204.888037   0.025000   0.300000   0.300000
     11       4      19         -3  29.814985   0.025000   0.300000   0.300000
     11       4      19         -4  13.257976   0.025000   0.300000   0.300000
     11       4      19         -5   2.168805   0.025000   0.300000   0.300000
     12       4      19  Conv   -6   0.889964   0.025000   0.325000   0.325000
     12       4      20         -1 938.697373   0.050000   0.325000   0.325000
     12       4      20         -2 989.327296   0.050000   0.325000   0.325000
     12       4      20         -3 371.695973   0.050000   0.325000   0.325000
     12       4      20         -4 255.284570   0.050000   0.325000   0.325000
     12       4      20         -5 119.863337   0.050000   0.325000   0.325000
     12       4      20         -6  82.370925   0.050000   0.325000   0.325000
     12       4      20         -7  48.804028   0.050000   0.325000   0.325000
     12       4      20         -8  32.642429   0.050000   0.325000   0.325000
     12       4      20         -9  20.842074   0.050000   0.325000   0.325000
     12       4      20        -10  13.844461   0.050000   0.325000   0.325000
     12       4      20         -1 225.164575   0.025000   0.325000   0.325000
     12       4      20         -2 218.879791   0.025000   0.325000   0.325000
     12       4      20         -3  31.607293   0.025000   0.325000   0.325000
     12       4      20         -4  14.812323   0.025000   0.325000   0.325000
     12       4      20         -5   2.411755   0.025000   0.325000   0.325000
     13       4      20  Conv   -6   0.999607   0.025000   0.350000   0.350000
     13       4      21         -1 995.897706   0.050000   0.350000   0.350000
     13       4      21         -2   1045.844   0.050000   0.350000   0.350000
     13       4      21         -3 398.641911   0.050000   0.350000   0.350000
     13       4      21         -4 279.462715   0.050000   0.350000   0.350000
     13       4      21         -5 131.411771   0.050000   0.350000   0.350000
     13       4      21         -6  90.311357   0.050000   0.350000   0.350000
     13       4      21         -7  53.439980   0.050000   0.350000   0.350000
     13       4      21         -8  35.718148   0.050000   0.350000   0.350000
     13       4      21         -9  22.784195   0.050000   0.350000   0.350000
     13       4      21        -10  15.125548   0.050000   0.350000   0.350000
     13       4      21         -1 238.841087   0.025000   0.350000   0.350000
     13       4      21         -2 232.798426   0.025000   0.350000   0.350000
     13       4      21         -3  33.664730   0.025000   0.350000   0.350000
     13       4      21         -4  16.466118   0.025000   0.350000   0.350000
     13       4      21         -5   2.677014   0.025000   0.350000   0.350000
     13       4      21         -6   1.117422   0.025000   0.350000   0.350000
     14       4      21  Conv   -7   0.249651   0.025000   0.375000   0.375000
     14       4      22         -1   1053.512   0.050000   0.375000   0.375000
     14       4      22         -2   1102.619   0.050000   0.375000   0.375000
     14       4      22         -3 428.170773   0.050000   0.375000   0.375000
     14       4      22         -4 304.974542   0.050000   0.375000   0.375000
     14       4      22         -5 143.665436   0.050000   0.375000   0.375000
     14       4      22         -6  98.704470   0.050000   0.375000   0.375000
     14       4      22         -7  58.338910   0.050000   0.375000   0.375000
     14       4      22         -8  38.966687   0.050000   0.375000   0.375000
     14       4      22         -9  24.833701   0.050000   0.375000   0.375000
     14       4      22        -10  16.476958   0.050000   0.375000   0.375000
     14       4      22         -1 253.033096   0.025000   0.375000   0.375000
     14       4      22         -2 246.774419   0.025000   0.375000   0.375000
     14       4      22         -3  36.055982   0.025000   0.375000   0.375000
     14       4      22         -4  18.242228   0.025000   0.375000   0.375000
     14       4      22         -5   2.970338   0.025000   0.375000   0.375000
     14       4      22         -6   1.245424   0.025000   0.375000   0.375000
     15       4      22  Conv   -7   0.276504   0.025000   0.400000   0.400000
     15       4      23         -1   1110.814   0.050000   0.400000   0.400000
     15       4      23         -2   1159.401   0.050000   0.400000   0.400000
     15       4      23         -3 459.888186   0.050000   0.400000   0.400000
     15       4      23         -4 331.728897   0.050000   0.400000   0.400000
     15       4      23         -5 156.628036   0.050000   0.400000   0.400000
     15       4      23         -6 107.588415   0.050000   0.400000   0.400000
     15       4      23         -7  63.539956   0.050000   0.400000   0.400000
     15       4      23         -8  42.423997   0.050000   0.400000   0.400000
     15       4      23         -9  27.019950   0.050000   0.400000   0.400000
     15       4      23        -10  17.922165   0.050000   0.400000   0.400000
     15       4      23         -1 266.909201   0.025000   0.400000   0.400000
     15       4      23         -2 260.601883   0.025000   0.400000   0.400000
     15       4      23         -3  38.632468   0.025000   0.400000   0.400000
     15       4      23         -4  20.097648   0.025000   0.400000   0.400000
     15       4      23         -5   3.281108   0.025000   0.400000   0.400000
     15       4      23         -6   1.381303   0.025000   0.400000   0.400000
     16       4      23  Conv   -7   0.304877   0.025000   0.425000   0.425000
     16       4      24         -1   1168.210   0.050000   0.425000   0.425000
     16       4      24         -2   1216.370   0.050000   0.425000   0.425000
     16       4      24         -3 493.846920   0.050000   0.425000   0.425000
     16       4      24         -4 359.829135   0.050000   0.425000   0.425000
     16       4      24         -5 170.368295   0.050000   0.425000   0.425000
     16       4      24         -6 117.010958   0.050000   0.425000   0.425000
     16       4      24         -7  69.068720   0.050000   0.425000   0.425000
     16       4      24         -8  46.105356   0.050000   0.425000   0.425000
     16       4      24         -9  29.351061   0.050000   0.425000   0.425000
     16       4      24        -10  19.465731   0.050000   0.425000   0.425000
     16       4      24         -1 280.859950   0.025000   0.425000   0.425000
     16       4      24         -2 274.402225   0.025000   0.425000   0.425000
     16       4      24         -3  41.456024   0.025000   0.425000   0.425000
     16       4      24         -4  22.056239   0.025000   0.425000   0.425000
     16       4      24         -5   3.615821   0.025000   0.425000   0.425000
     16       4      24         -6   1.527223   0.025000   0.425000   0.425000
     17       4      24  Conv   -7   0.335275   0.025000   0.450000   0.450000
     17       4      25         -1   1225.738   0.050000   0.450000   0.450000
     17       4      25         -2   1273.570   0.050000   0.450000   0.450000
     17       4      25         -3 530.011246   0.050000   0.450000   0.450000
     17       4      25         -4 389.342471   0.050000   0.450000   0.450000
     17       4      25         -5 184.950226   0.050000   0.450000   0.450000
     17       4      25         -6 127.025608   0.050000   0.450000   0.450000
     17       4      25         -7  74.961195   0.050000   0.450000   0.450000
     17       4      25         -8  50.036928   0.050000   0.450000   0.450000
     17       4      25         -9  31.844925   0.050000   0.450000   0.450000
     17       4      25        -10  21.120393   0.050000   0.450000   0.450000
     17       4      25         -1 294.885580   0.025000   0.450000   0.450000
     17       4      25         -2 288.189644   0.025000   0.450000   0.450000
     17       4      25         -3  44.523458   0.025000   0.450000   0.450000
     17       4      25         -4  24.121700   0.025000   0.450000   0.450000
     17       4      25         -5   3.976040   0.025000   0.450000   0.450000
     17       4      25         -6   1.684048   0.025000   0.450000   0.450000
     17       4      25  Conv   -7   0.367882   0.025000   0.475000   0.475000
     17       4      26         -1   1283.440   0.050000   0.475000   0.475000
     17       4      26         -2   1331.053   0.050000   0.475000   0.475000
     17       4      26         -3 568.376073   0.050000   0.475000   0.475000
     17       4      26         -4 420.350308   0.050000   0.475000   0.475000
     17       4      26         -5 200.448071   0.050000   0.475000   0.475000
     17       4      26         -6 137.692547   0.050000   0.475000   0.475000
     17       4      26         -7  81.258153   0.050000   0.475000   0.475000
     17       4      26         -8  54.248360   0.050000   0.475000   0.475000
     17       4      26         -9  34.521886   0.050000   0.475000   0.475000
     17       4      26        -10  22.900652   0.050000   0.475000   0.475000
     17       4      26         -1 308.988380   0.025000   0.475000   0.475000
     17       4      26         -2 301.977984   0.025000   0.475000   0.475000
     17       4      26         -3  47.833288   0.025000   0.475000   0.475000
     17       4      26         -4  26.298523   0.025000   0.475000   0.475000
     17       4      26         -5   4.363693   0.025000   0.475000   0.475000
     17       4      26         -6   1.852761   0.025000   0.475000   0.475000
     17       4      26  Conv   -7   0.402917   0.025000   0.500000   0.500000
     17       4      27         -1   1341.356   0.050000   0.500000   0.500000
     17       4      27         -2   1388.871   0.050000   0.500000   0.500000
     17       4      27         -3 608.960932   0.050000   0.500000   0.500000
     17       4      27         -4 452.946069   0.050000   0.500000   0.500000
     17       4      27         -5 216.945944   0.050000   0.500000   0.500000
     17       4      27         -6 149.079071   0.050000   0.500000   0.500000
     17       4      27         -7  88.005583   0.050000   0.500000   0.500000
     17       4      27         -8  58.773169   0.050000   0.500000   0.500000
     17       4      27         -9  37.405039   0.050000   0.500000   0.500000
     17       4      27        -10  24.823009   0.050000   0.500000   0.500000
     17       4      27         -1 323.172228   0.025000   0.500000   0.500000
     17       4      27         -2 315.780857   0.025000   0.500000   0.500000
     17       4      27         -3  51.385723   0.025000   0.500000   0.500000
     17       4      27         -4  28.591889   0.025000   0.500000   0.500000
     17       4      27         -5   4.781050   0.025000   0.500000   0.500000
     17       4      27         -6   2.034469   0.025000   0.500000   0.500000
     17       4      27  Conv   -7   0.440631   0.025000   0.525000   0.525000
     17       4      28         -1   1399.526   0.050000   0.525000   0.525000
     17       4      28         -2   1447.082   0.050000   0.525000   0.525000
     17       4      28         -3 651.805442   0.050000   0.525000   0.525000
     17       4      28         -4 487.234092   0.050000   0.525000   0.525000
     17       4      28         -5 234.538013   0.050000   0.525000   0.525000
     17       4      28         -6 161.260226   0.050000   0.525000   0.525000
     17       4      28         -7  95.255283   0.050000   0.525000   0.525000
     17       4      28         -8  63.649242   0.050000   0.525000   0.525000
     17       4      28         -9  40.520609   0.050000   0.525000   0.525000
     17       4      28        -10  26.906258   0.050000   0.525000   0.525000
     17       4      28         -1 337.442179   0.025000   0.525000   0.525000
     17       4      28         -2 329.611732   0.025000   0.525000   0.525000
     17       4      28         -3  55.182575   0.025000   0.525000   0.525000
     17       4      28         -4  31.007613   0.025000   0.525000   0.525000
     17       4      28         -5   5.230720   0.025000   0.525000   0.525000
     17       4      28         -6   2.230415   0.025000   0.525000   0.525000
     18       4      28  Conv   -7   0.481317   0.025000   0.550000   0.550000
     18       4      29         -1   1457.990   0.050000   0.550000   0.550000
     18       4      29         -2   1505.745   0.050000   0.550000   0.550000
     18       4      29         -3 696.965881   0.050000   0.550000   0.550000
     18       4      29         -4 523.329159   0.050000   0.550000   0.550000
     18       4      29         -5 253.329014   0.050000   0.550000   0.550000
     18       4      29         -6 174.319620   0.050000   0.550000   0.550000
     18       4      29         -7 103.065570   0.050000   0.550000   0.550000
     18       4      29         -8  68.919428   0.050000   0.550000   0.550000
     18       4      29         -9  43.898412   0.050000   0.550000   0.550000
     18       4      29        -10  29.171844   0.050000   0.550000   0.550000
     18       4      29         -1 351.804195   0.025000   0.550000   0.550000
     18       4      29         -2 343.484023   0.025000   0.550000   0.550000
     18       4      29         -3  59.227150   0.025000   0.550000   0.550000
     18       4      29         -4  33.552118   0.025000   0.550000   0.550000
     18       4      29         -5   5.715663   0.025000   0.550000   0.550000
     18       4      29         -6   2.441994   0.025000   0.550000   0.550000
     18       4      29  Conv   -7   0.525310   0.025000   0.575000   0.575000
     18       4      30         -1   1516.790   0.050000   0.575000   0.575000
     18       4      30         -2   1564.924   0.050000   0.575000   0.575000
     18       4      30         -3 744.512626   0.050000   0.575000   0.575000
     18       4      30         -4 561.356451   0.050000   0.575000   0.575000
     18       4      30         -5 273.435035   0.050000   0.575000   0.575000
     18       4      30         -6 188.350389   0.050000   0.575000   0.575000
     18       4      30         -7 111.502132   0.050000   0.575000   0.575000
     18       4      30         -8  74.632250   0.050000   0.575000   0.575000
     18       4      30         -9  47.572404   0.050000   0.575000   0.575000
     18       4      30        -10  31.644291   0.050000   0.575000   0.575000
     18       4      30         -1 366.264944   0.025000   0.575000   0.575000
     18       4      30         -2 357.411172   0.025000   0.575000   0.575000
     18       4      30         -3  63.524140   0.025000   0.575000   0.575000
     18       4      30         -4  36.232425   0.025000   0.575000   0.575000
     18       4      30         -5   6.239211   0.025000   0.575000   0.575000
     18       4      30         -6   2.670764   0.025000   0.575000   0.575000
     18       4      30  Conv   -7   0.572992   0.025000   0.600000   0.600000
     18       4      31         -1   1575.966   0.050000   0.600000   0.600000
     18       4      31         -2   1624.687   0.050000   0.600000   0.600000
     18       4      31         -3 794.528210   0.050000   0.600000   0.600000
     18       4      31         -4 601.451790   0.050000   0.600000   0.600000
     18       4      31         -5 294.984500   0.050000   0.600000   0.600000
     18       4      31         -6 203.456309   0.050000   0.600000   0.600000
     18       4      31         -7 120.639020   0.050000   0.600000   0.600000
     18       4      31         -8  80.842731   0.050000   0.600000   0.600000
     18       4      31         -9  51.581330   0.050000   0.600000   0.600000
     18       4      31        -10  34.351707   0.050000   0.600000   0.600000
     18       4      31         -1 380.831679   0.025000   0.600000   0.600000
     18       4      31         -2 371.406740   0.025000   0.600000   0.600000
     18       4      31         -3  68.079509   0.025000   0.600000   0.600000
     18       4      31         -4  39.056164   0.025000   0.600000   0.600000
     18       4      31         -5   6.805095   0.025000   0.600000   0.600000
     18       4      31         -6   2.918471   0.025000   0.600000   0.600000
     18       4      31  Conv   -7   0.624807   0.025000   0.625000   0.625000
     18       4      32         -1   1635.560   0.050000   0.625000   0.625000
     18       4      32         -2   1685.103   0.050000   0.625000   0.625000
     18       4      32         -3 847.105823   0.050000   0.625000   0.625000
     18       4      32         -4 643.762066   0.050000   0.625000   0.625000
     18       4      32         -5 318.119325   0.050000   0.625000   0.625000
     18       4      32         -6 219.753075   0.050000   0.625000   0.625000
     18       4      32         -7 130.559794   0.050000   0.625000   0.625000
     18       4      32         -8  87.613364   0.050000   0.625000   0.625000
     18       4      32         -9  55.969492   0.050000   0.625000   0.625000
     18       4      32        -10  37.326391   0.050000   0.625000   0.625000
     18       4      32         -1 395.512150   0.025000   0.625000   0.625000
     18       4      32         -2 385.484497   0.025000   0.625000   0.625000
     18       4      32         -3  72.900403   0.025000   0.625000   0.625000
     18       4      32         -4  42.031588   0.025000   0.625000   0.625000
     18       4      32         -5   7.417479   0.025000   0.625000   0.625000
     18       4      32         -6   3.187066   0.025000   0.625000   0.625000
     19       4      32  Conv   -7   0.681260   0.025000   0.650000   0.650000
     19       4      33         -1   1695.614   0.050000   0.650000   0.650000
     19       4      33         -2   1746.248   0.050000   0.650000   0.650000
     19       4      33         -3 902.348217   0.050000   0.650000   0.650000
     19       4      33         -4 688.445849   0.050000   0.650000   0.650000
     19       4      33         -5 342.996263   0.050000   0.650000   0.650000
     19       4      33         -6 237.369755   0.050000   0.650000   0.650000
     19       4      33         -7 141.358848   0.050000   0.650000   0.650000
     19       4      33         -8  95.015242   0.050000   0.650000   0.650000
     19       4      33         -9  60.787645   0.050000   0.650000   0.650000
     19       4      33        -10  40.605551   0.050000   0.650000   0.650000
     19       4      33         -1 410.314566   0.025000   0.650000   0.650000
     19       4      33         -2 399.658515   0.025000   0.650000   0.650000
     19       4      33         -3  77.995060   0.025000   0.650000   0.650000
     19       4      33         -4  45.167607   0.025000   0.650000   0.650000
     19       4      33         -5   8.081004   0.025000   0.650000   0.650000
     19       4      33         -6   3.478732   0.025000   0.650000   0.650000
     19       4      33  Conv   -7   0.742932   0.025000   0.675000   0.675000
     19       4      34         -1   1756.170   0.050000   0.675000   0.675000
     19       4      34         -2   1808.201   0.050000   0.675000   0.675000
     19       4      34         -3 960.366819   0.050000   0.675000   0.675000
     19       4      34         -4 735.674109   0.050000   0.675000   0.675000
     19       4      34         -5 369.788417   0.050000   0.675000   0.675000
     19       4      34         -6 256.450444   0.050000   0.675000   0.675000
     19       4      34         -7 153.142944   0.050000   0.675000   0.675000
     19       4      34         -8 103.129376   0.050000   0.675000   0.675000
     19       4      34         -9  66.094069   0.050000   0.675000   0.675000
     19       4      34        -10  44.232153   0.050000   0.675000   0.675000
     19       4      34         -1 425.247567   0.025000   0.675000   0.675000
     19       4      34         -2 413.943270   0.025000   0.675000   0.675000
     19       4      34         -3  83.372742   0.025000   0.675000   0.675000
     19       4      34         -4  48.473814   0.025000   0.675000   0.675000
     19       4      34         -5   8.800835   0.025000   0.675000   0.675000
     19       4      34         -6   3.795910   0.025000   0.675000   0.675000
     19       4      34  Conv   -7   0.810492   0.025000   0.700000   0.700000
     19       4      35         -1   1817.272   0.050000   0.700000   0.700000
     19       4      35         -2   1871.045   0.050000   0.700000   0.700000
     19       4      35         -3   1021.281   0.050000   0.700000   0.700000
     19       4      35         -4 785.631058   0.050000   0.700000   0.700000
     19       4      35         -5 398.686930   0.050000   0.700000   0.700000
     19       4      35         -6 277.156127   0.050000   0.700000   0.700000
     19       4      35         -7 166.032966   0.050000   0.700000   0.700000
     19       4      35         -8 112.048234   0.050000   0.700000   0.700000
     19       4      35         -9  71.955820   0.050000   0.700000   0.700000
     19       4      35        -10  48.255943   0.050000   0.700000   0.700000
     19       4      35         -1 440.320232   0.025000   0.700000   0.700000
     19       4      35         -2 428.353740   0.025000   0.700000   0.700000
     19       4      35         -3  89.043675   0.025000   0.700000   0.700000
     19       4      35         -4  51.960524   0.025000   0.700000   0.700000
     19       4      35         -5   9.582710   0.025000   0.700000   0.700000
     19       4      35         -6   4.141333   0.025000   0.700000   0.700000
     19       4      35  Conv   -7   0.884704   0.025000   0.725000   0.725000
     19       4      36         -1   1878.965   0.050000   0.725000   0.725000
     19       4      36         -2   1934.872   0.050000   0.725000   0.725000
     19       4      36         -3   1085.218   0.050000   0.725000   0.725000
     19       4      36         -4 838.515115   0.050000   0.725000   0.725000
     19       4      36         -5 429.902894   0.050000   0.725000   0.725000
     19       4      36         -6 299.666809   0.050000   0.725000   0.725000
     19       4      36         -7 180.165961   0.050000   0.725000   0.725000
     19       4      36         -8 121.877536   0.050000   0.725000   0.725000
     19       4      36         -9  78.450219   0.050000   0.725000   0.725000
     19       4      36        -10  52.734656   0.050000   0.725000   0.725000
     19       4      36         -1 455.542099   0.025000   0.725000   0.725000
     19       4      36         -2 442.905513   0.025000   0.725000   0.725000
     19       4      36         -3  95.019001   0.025000   0.725000   0.725000
     19       4      36         -4  55.638827   0.025000   0.725000   0.725000
     19       4      36         -5  10.433006   0.025000   0.725000   0.725000
     19       4      36         -6   4.518059   0.025000   0.725000   0.725000
     20       4      36  Conv   -7   0.966453   0.025000   0.750000   0.750000
     20       4      37         -1   1941.296   0.050000   0.750000   0.750000
     20       4      37         -2   1999.775   0.050000   0.750000   0.750000
     20       4      37         -3   1152.312   0.050000   0.750000   0.750000
     20       4      37         -4 894.539966   0.050000   0.750000   0.750000
     20       4      37         -5 463.669448   0.050000   0.750000   0.750000
     20       4      37         -6 324.183911   0.050000   0.750000   0.750000
     20       4      37         -7 195.697478   0.050000   0.750000   0.750000
     20       4      37         -8 132.738364   0.050000   0.750000   0.750000
     20       4      37         -9  85.666611   0.050000   0.750000   0.750000
     20       4      37        -10  57.735472   0.050000   0.750000   0.750000
     20       4      37         -1 470.923194   0.025000   0.750000   0.750000
     20       4      37         -2 457.614899   0.025000   0.750000   0.750000
     20       4      37         -3 101.310747   0.025000   0.750000   0.750000
     20       4      37         -4  59.520628   0.025000   0.750000   0.750000
     20       4      37         -5  11.358802   0.025000   0.750000   0.750000
     20       4      37         -6   4.929516   0.025000   0.750000   0.750000
     20       4      37         -7   1.056751   0.025000   0.750000   0.750000
     20       4      37  Conv   -8   0.374499   0.025000   0.775000   0.775000
     20       4      38         -1   2004.167   0.050000   0.775000   0.775000
     20       4      38         -2   2065.746   0.050000   0.775000   0.775000
     20       4      38         -3   1222.574   0.050000   0.775000   0.775000
     20       4      38         -4 953.902317   0.050000   0.775000   0.775000
     20       4      38         -5 500.266631   0.050000   0.775000   0.775000
     20       4      38         -6 350.966772   0.050000   0.775000   0.775000
     20       4      38         -7 212.841368   0.050000   0.775000   0.775000
     20       4      38         -8 144.802462   0.050000   0.775000   0.775000
     20       4      38         -9  93.736028   0.050000   0.775000   0.775000
     20       4      38        -10  63.358802   0.050000   0.775000   0.775000
     20       4      38         -1 486.283118   0.025000   0.775000   0.775000
     20       4      38         -2 472.427480   0.025000   0.775000   0.775000
     20       4      38         -3 107.849013   0.025000   0.775000   0.775000
     20       4      38         -4  63.595463   0.025000   0.775000   0.775000
     20       4      38         -5  12.365396   0.025000   0.775000   0.775000
     20       4      38         -6   5.379278   0.025000   0.775000   0.775000
     20       4      38         -7   1.157016   0.025000   0.775000   0.775000
     20       4      38  Conv   -8   0.410204   0.025000   0.800000   0.800000
     20       4      39         -1   2067.932   0.050000   0.800000   0.800000
     20       4      39         -2   2133.110   0.050000   0.800000   0.800000
     20       4      39         -3   1296.401   0.050000   0.800000   0.800000
     20       4      39         -4   1016.918   0.050000   0.800000   0.800000
     20       4      39         -5 539.940637   0.050000   0.800000   0.800000
     20       4      39         -6 380.207987   0.050000   0.800000   0.800000
     20       4      39         -7 231.731691   0.050000   0.800000   0.800000
     20       4      39         -8 158.169871   0.050000   0.800000   0.800000
     20       4      39         -9 102.728434   0.050000   0.800000   0.800000
     20       4      39        -10  69.656233   0.050000   0.800000   0.800000
     20       4      39         -1 502.020823   0.025000   0.800000   0.800000
     20       4      39         -2 487.503754   0.025000   0.800000   0.800000
     20       4      39         -3 114.806145   0.025000   0.800000   0.800000
     20       4      39         -4  67.922121   0.025000   0.800000   0.800000
     20       4      39         -5  13.466810   0.025000   0.800000   0.800000
     20       4      39         -6   5.872340   0.025000   0.800000   0.800000
     20       4      39         -7   1.268201   0.025000   0.800000   0.800000
     20       4      39  Conv   -8   0.449785   0.025000   0.825000   0.825000
     20       4      40         -1   2132.491   0.050000   0.825000   0.825000
     20       4      40         -2   2201.876   0.050000   0.825000   0.825000
     20       4      40         -3   1373.827   0.050000   0.825000   0.825000
     20       4      40         -4   1083.820   0.050000   0.825000   0.825000
     20       4      40         -5 583.023155   0.050000   0.825000   0.825000
     20       4      40         -6 412.218997   0.050000   0.825000   0.825000
     20       4      40         -7 252.628889   0.050000   0.825000   0.825000
     20       4      40         -8 173.052258   0.050000   0.825000   0.825000
     20       4      40         -9 112.806982   0.050000   0.825000   0.825000
     20       4      40        -10  76.754056   0.050000   0.825000   0.825000
     20       4      40         -1 517.954180   0.025000   0.825000   0.825000
     20       4      40         -2 502.792625   0.025000   0.825000   0.825000
     20       4      40         -3 122.120233   0.025000   0.825000   0.825000
     20       4      40         -4  72.493481   0.025000   0.825000   0.825000
     20       4      40         -5  14.670045   0.025000   0.825000   0.825000
     20       4      40         -6   6.413145   0.025000   0.825000   0.825000
     20       4      40         -7   1.392027   0.025000   0.825000   0.825000
     21       4      40  Conv   -8   0.493912   0.025000   0.850000   0.850000
     21       4      41         -1   2197.902   0.050000   0.850000   0.850000
     21       4      41         -2   2272.168   0.050000   0.850000   0.850000
     21       4      41         -3   1455.014   0.050000   0.850000   0.850000
     21       4      41         -4   1154.897   0.050000   0.850000   0.850000
     21       4      41         -5 629.861984   0.050000   0.850000   0.850000
     21       4      41         -6 447.318354   0.050000   0.850000   0.850000
     21       4      41         -7 275.794498   0.050000   0.850000   0.850000
     21       4      41         -8 189.661709   0.050000   0.850000   0.850000
     21       4      41         -9 124.134604   0.050000   0.850000   0.850000
     21       4      41        -10  84.778764   0.050000   0.850000   0.850000
     21       4      41         -1 534.096193   0.025000   0.850000   0.850000
     21       4      41         -2 518.314623   0.025000   0.850000   0.850000
     21       4      41         -3 129.806576   0.025000   0.850000   0.850000
     21       4      41         -4  77.325376   0.025000   0.850000   0.850000
     21       4      41         -5  15.985837   0.025000   0.850000   0.850000
     21       4      41         -6   7.007117   0.025000   0.850000   0.850000
     21       4      41         -7   1.530292   0.025000   0.850000   0.850000
     21       4      41  Conv   -8   0.543254   0.025000   0.875000   0.875000
     21       4      42         -1   2264.227   0.050000   0.875000   0.875000
     21       4      42         -2   2344.119   0.050000   0.875000   0.875000
     21       4      42         -3   1540.128   0.050000   0.875000   0.875000
     21       4      42         -4   1230.459   0.050000   0.875000   0.875000
     21       4      42         -5 680.841610   0.050000   0.875000   0.875000
     21       4      42         -6 485.863894   0.050000   0.875000   0.875000
     21       4      42         -7 301.527127   0.050000   0.875000   0.875000
     21       4      42         -8 208.243173   0.050000   0.875000   0.875000
     21       4      42         -9 136.901588   0.050000   0.875000   0.875000
     21       4      42        -10  93.879432   0.050000   0.875000   0.875000
     21       4      42         -1 550.460814   0.025000   0.875000   0.875000
     21       4      42         -2 534.091681   0.025000   0.875000   0.875000
     21       4      42         -3 137.881329   0.025000   0.875000   0.875000
     21       4      42         -4  82.434829   0.025000   0.875000   0.875000
     21       4      42         -5  17.426089   0.025000   0.875000   0.875000
     21       4      42         -6   7.660349   0.025000   0.875000   0.875000
     21       4      42         -7   1.685071   0.025000   0.875000   0.875000
     21       4      42  Conv   -8   0.598589   0.025000   0.900000   0.900000
     21       4      43         -1   2331.530   0.050000   0.900000   0.900000
     21       4      43         -2   2417.870   0.050000   0.900000   0.900000
     21       4      43         -3   1629.344   0.050000   0.900000   0.900000
     21       4      43         -4   1310.841   0.050000   0.900000   0.900000
     21       4      43         -5 736.387156   0.050000   0.900000   0.900000
     21       4      43         -6 528.257882   0.050000   0.900000   0.900000
     21       4      43         -7 330.168124   0.050000   0.900000   0.900000
     21       4      43         -8 229.080027   0.050000   0.900000   0.900000
     21       4      43         -9 151.330652   0.050000   0.900000   0.900000
     21       4      43        -10 104.232213   0.050000   0.900000   0.900000
     21       4      43         -1 567.063001   0.025000   0.900000   0.900000
     21       4      43         -2 550.147281   0.025000   0.900000   0.900000
     21       4      43         -3 146.361515   0.025000   0.900000   0.900000
     21       4      43         -4  87.840152   0.025000   0.900000   0.900000
     21       4      43         -5  19.003997   0.025000   0.900000   0.900000
     21       4      43         -6   8.379682   0.025000   0.900000   0.900000
     21       4      43         -7   1.858763   0.025000   0.900000   0.900000
     21       4      43  Conv   -8   0.660828   0.025000   0.925000   0.925000
     21       4      44         -1   2399.880   0.050000   0.925000   0.925000
     21       4      44         -2   2493.573   0.050000   0.925000   0.925000
     21       4      44         -3   1722.846   0.050000   0.925000   0.925000
     21       4      44         -4   1396.405   0.050000   0.925000   0.925000
     21       4      44         -5 796.968753   0.050000   0.925000   0.925000
     21       4      44         -6 574.952857   0.050000   0.925000   0.925000
     21       4      44         -7 362.108128   0.050000   0.925000   0.925000
     21       4      44         -8 252.500648   0.050000   0.925000   0.925000
     21       4      44         -9 167.683032   0.050000   0.925000   0.925000
     21       4      44        -10 116.045799   0.050000   0.925000   0.925000
     21       4      44         -1 583.918833   0.025000   0.925000   0.925000
     21       4      44         -2 566.506610   0.025000   0.925000   0.925000
     21       4      44         -3 155.265071   0.025000   0.925000   0.925000
     21       4      44         -4  93.561055   0.025000   0.925000   0.925000
     21       4      44         -5  20.734186   0.025000   0.925000   0.925000
     21       4      44         -6   9.172808   0.025000   0.925000   0.925000
     21       4      44         -7   2.054143   0.025000   0.925000   0.925000
     22       4      44  Conv   -8   0.731034   0.025000   0.950000   0.950000
     22       4      45         -1   2469.354   0.050000   0.950000   0.950000
     22       4      45         -2   2571.389   0.050000   0.950000   0.950000
     22       4      45         -3   1820.822   0.050000   0.950000   0.950000
     22       4      45         -4   1487.540   0.050000   0.950000   0.950000
     22       4      45         -5 863.106368   0.050000   0.950000   0.950000
     22       4      45         -6 626.458261   0.050000   0.950000   0.950000
     22       4      45         -7 397.794693   0.050000   0.950000   0.950000
     22       4      45         -8 278.886183   0.050000   0.950000   0.950000
     22       4      45         -9 186.265786   0.050000   0.950000   0.950000
     22       4      45        -10 129.568077   0.050000   0.950000   0.950000
     22       4      45         -1 601.045636   0.025000   0.950000   0.950000
     22       4      45         -2 583.196733   0.025000   0.950000   0.950000
     22       4      45         -3 164.610905   0.025000   0.950000   0.950000
     22       4      45         -4  99.618778   0.025000   0.950000   0.950000
     22       4      45         -5  22.632862   0.025000   0.950000   0.950000
     22       4      45         -6  10.048378   0.025000   0.950000   0.950000
     22       4      45         -7   2.274422   0.025000   0.950000   0.950000
     22       4      45  Conv   -8   0.810455   0.025000   0.975000   0.975000
     22       4      46         -1 618.462114   0.025000   0.975000   0.975000
     22       4      46         -2 600.246763   0.025000   0.975000   0.975000
     22       4      46         -3 174.418971   0.025000   0.975000   0.975000
     22       4      46         -4 106.036235   0.025000   0.975000   0.975000
     22       4      46         -5  24.717984   0.025000   0.975000   0.975000
     22       4      46         -6  11.016128   0.025000   0.975000   0.975000
     22       4      46         -7   2.523321   0.025000   0.975000   0.975000
     22       4      46  Conv   -8   0.900556   0.025000   1.000000   1.000000

 NUMBER OF STIFFNESS FORMATIONS/SOLUTIONS  =         158

 TIME FOR INITIALIZING ANALYSIS            =        0.00
 TIME FOR CONTROLLING ANALYSIS             =        0.09
 TIME FOR UPDATING LOADS AND STATE         =        0.22
 TIME FOR FORMING STIFFNESS MATRIX         =        0.06
 TIME FOR SOLVING STIFFNESS MATRIX         =        4.77
 TIME FOR CALCULATING DISPLACEMENTS        =        0.57
 TIME FOR DETERMINING EVENTS               =        0.11
 TIME FOR SAVING RESULTS                   =        0.02
                                               ----------
 TOTAL TIME FOR THIS ANALYSIS              =        5.84


 A N A L Y S I S   C O M P L E T E                          2016/12/01  01:02:44
