

 SAP2000 v18.2.0 Ultimate 64-bit (Analysis Build 9503/64)
 File: C:\Users\lyoshi\Documen...yTheory\5¹°µÄÎÈ¶¨\Sap2000_flatarch_0.2\arch.LOG




 B E G I N   A N A L Y S I S                                2016/12/01  00:40:08


 RUNNING ANALYSIS WITHIN THE GUI PROCESS
 USING THE ADVANCED SOLVER (PROVIDES LIMITED INSTABILITY INFORMATION)

 NUMBER OF JOINTS                          =          11
    WITH RESTRAINTS                        =           2
 NUMBER OF FRAME/CABLE/TENDON ELEMENTS     =          10
 NUMBER OF LOAD PATTERNS                   =           1
 NUMBER OF ACCELERATION LOADS              =           9
 NUMBER OF LOAD CASES                      =           2

 ADDRESSABLE PHYSICAL MEMORY (RAM)         =       3.822 GB

 PARALLELIZATION OF ANALYSIS OPERATIONS:
 (Env. variable SAPFIRE_NUM_THREADS        =           0)
 NUMBER OF THREADS: STATE (AUTOMATIC)      =           2
 NUMBER OF THREADS: STIFFNESS (AUTOMATIC)  =           2
 NUMBER OF THREADS: EVENT (AUTOMATIC)      =           2
 NUMBER OF THREADS: MOVE (AUTOMATIC)       =           2
 NUMBER OF THREADS: RESPONSE (AUTOMATIC)   =           2
 NUMBER OF THREADS: SOLVE (AUTOMATIC)      =           2


 E L E M E N T   F O R M A T I O N                                      00:40:08



 L I N E A R   E Q U A T I O N   S O L U T I O N                        00:40:08

 FORMING STIFFNESS AT ZERO (UNSTRESSED) INITIAL CONDITIONS

 TOTAL NUMBER OF EQUILIBRIUM EQUATIONS     =          29
 NUMBER OF NON-ZERO STIFFNESS TERMS        =         134

 ---------------------------------
 BASIC STABILITY CHECK FOR LINEAR LOAD CASES:
    NUMBER OF NEGATIVE STIFFNESS EIGENVALUES SHOULD BE ZERO FOR STABILITY.
    (NOTE: FURTHER CHECKS SHOULD BE CONSIDERED AS DEEMED NECESSARY,
     SUCH AS REVIEWING EIGEN MODES FOR MECHANISMS AND RIGID-BODY MOTION)

    NUMBER OF NEGATIVE EIGENVALUES         =           0,  OK.
 ---------------------------------


 L I N E A R   B U C K L I N G   A N A L Y S I S                        00:40:08

 CASE: BUCK1

 USING STIFFNESS AT ZERO (UNSTRESSED) INITIAL CONDITIONS

 NUMBER OF STIFFNESS DEGREES OF FREEDOM    =          29
 NUMBER OF BUCKLING MODES SOUGHT           =           6
 NUMBER OF SUBSPACE VECTORS USED           =          24

 RELATIVE CONVERGENCE TOLERANCE            =    1.00E-09


 Iteration  Approximations to next lowest eigenvalues...
         1  1.084200882E+03  1.377910066E+03  2.848270917E+03  4.540588076E+03
         2  1.084200882E+03  1.377910066E+03  2.848270917E+03  4.540588076E+03

     Found mode       1 of       6,  Eigenvalue =   1.084200882E+03
     Found mode       2 of       6,  Eigenvalue =   1.377910066E+03
     Found mode       3 of       6,  Eigenvalue =   2.848270917E+03
     Found mode       4 of       6,  Eigenvalue =   4.540588076E+03
     Found mode       5 of       6,  Eigenvalue =   6.320633125E+03
     Found mode       6 of       6,  Eigenvalue =   8.056320226E+03

 NUMBER OF BUCKLING MODES FOUND            =           6
 NUMBER OF ITERATIONS PERFORMED            =           2


 N O N L I N E A R   S T A T I C   A N A L Y S I S                      00:40:08

 CASE: NLSTAT1

 STARTING FROM ZERO (UNSTRESSED) INITIAL CONDITIONS

 LOAD CONTROL TYPE                         = DISPLACEMENT
 SAVE POSITIVE INCREMENTS ONLY             =         YES
 TYPE OF GEOMETRIC NONLINEARITY            = LARGE DISPLACEMENT AND P-DELTA
 INCLUDE ELASTIC MATERIAL NONLINEARITY     =         YES
 INCLUDE INELASTIC MATERIAL NONLINEARITY   =         YES
 USE EVENT STEPPING                        =         YES
 USE ITERATION                             =         YES
 USE LINE SEARCH                           =          NO
 EVENT LUMPING TOLERANCE                   =    0.010000
 FORCE CONVERGENCE TOLERANCE (RELATIVE)    =    0.000100

 Negative iterations are Constant-Stiffness
 Positive iterations are Newton-Raphson

  Saved    Null   Total  Iteration   Relative  Curr Step   Curr Sum    Max Sum
  Steps   Steps   Steps  this Step  Unbalance       Size   of Steps   of Steps
 (  200      50     200     -10/40   1.000000   0.010000   1.000000   1.000000)

      0       0       1         -1  17.010222   0.010000    .000000    .000000
      1       0       1  Conv   -2   0.120280   0.010000   0.010000   0.010000
      1       0       2         -1  33.633876   0.010000   0.010000   0.010000
      2       0       2  Conv   -2   0.121319   0.010000   0.020000   0.020000
      2       0       3         -1  49.729942   0.010000   0.020000   0.020000
      3       0       3  Conv   -2   0.123097   0.010000   0.030000   0.030000
      3       0       4         -1  65.382687   0.010000   0.030000   0.030000
      4       0       4  Conv   -2   0.126064   0.010000   0.040000   0.040000
      4       0       5         -1  80.592162   0.010000   0.040000   0.040000
      5       0       5  Conv   -2   0.130267   0.010000   0.050000   0.050000
      5       0       6         -1  95.358598   0.010000   0.050000   0.050000
      6       0       6  Conv   -2   0.135698   0.010000   0.060000   0.060000
      6       0       7         -1 109.682341   0.010000   0.060000   0.060000
      7       0       7  Conv   -2   0.142318   0.010000   0.070000   0.070000
      7       0       8         -1 123.563792   0.010000   0.070000   0.070000
      8       0       8  Conv   -2   0.150060   0.010000   0.080000   0.080000
      8       0       9         -1 137.003379   0.010000   0.080000   0.080000
      9       0       9  Conv   -2   0.158845   0.010000   0.090000   0.090000
      9       0      10         -1 150.001553   0.010000   0.090000   0.090000
     10       0      10  Conv   -2   0.168587   0.010000   0.100000   0.100000
     10       0      11         -1 162.558776   0.010000   0.100000   0.100000
     11       0      11  Conv   -2   0.179201   0.010000   0.110000   0.110000
     11       0      12         -1 174.675517   0.010000   0.110000   0.110000
     12       0      12  Conv   -2   0.190606   0.010000   0.120000   0.120000
     12       0      13         -1 186.352251   0.010000   0.120000   0.120000
     13       0      13  Conv   -2   0.202730   0.010000   0.130000   0.130000
     13       0      14         -1 197.589452   0.010000   0.130000   0.130000
     14       0      14  Conv   -2   0.215505   0.010000   0.140000   0.140000
     14       0      15         -1 208.387594   0.010000   0.140000   0.140000
     15       0      15  Conv   -2   0.228874   0.010000   0.150000   0.150000
     15       0      16         -1 218.747144   0.010000   0.150000   0.150000
     16       0      16  Conv   -2   0.242784   0.010000   0.160000   0.160000
     16       0      17         -1 228.668565   0.010000   0.160000   0.160000
     17       0      17  Conv   -2   0.257191   0.010000   0.170000   0.170000
     17       0      18         -1 238.152306   0.010000   0.170000   0.170000
     18       0      18  Conv   -2   0.272052   0.010000   0.180000   0.180000
     18       0      19         -1 247.198807   0.010000   0.180000   0.180000
     19       0      19  Conv   -2   0.287331   0.010000   0.190000   0.190000
     19       0      20         -1 255.808490   0.010000   0.190000   0.190000
     20       0      20  Conv   -2   0.302993   0.010000   0.200000   0.200000
     20       0      21         -1 263.981763   0.010000   0.200000   0.200000
     21       0      21  Conv   -2   0.319005   0.010000   0.210000   0.210000
     21       0      22         -1 271.719013   0.010000   0.210000   0.210000
     22       0      22  Conv   -2   0.335335   0.010000   0.220000   0.220000
     22       0      23         -1 279.020605   0.010000   0.220000   0.220000
     23       0      23  Conv   -2   0.351953   0.010000   0.230000   0.230000
     23       0      24         -1 285.886882   0.010000   0.230000   0.230000
     24       0      24  Conv   -2   0.368827   0.010000   0.240000   0.240000
     24       0      25         -1 292.318160   0.010000   0.240000   0.240000
     25       0      25  Conv   -2   0.385927   0.010000   0.250000   0.250000
     25       0      26         -1 298.314728   0.010000   0.250000   0.250000
     26       0      26  Conv   -2   0.403220   0.010000   0.260000   0.260000
     26       0      27         -1 303.876845   0.010000   0.260000   0.260000
     27       0      27  Conv   -2   0.420674   0.010000   0.270000   0.270000
     27       0      28         -1 309.004741   0.010000   0.270000   0.270000
     28       0      28  Conv   -2   0.438256   0.010000   0.280000   0.280000
     28       0      29         -1 313.698611   0.010000   0.280000   0.280000
     29       0      29  Conv   -2   0.455931   0.010000   0.290000   0.290000
     29       0      30         -1 317.958617   0.010000   0.290000   0.290000
     30       0      30  Conv   -2   0.473664   0.010000   0.300000   0.300000
     30       0      31         -1 321.784886   0.010000   0.300000   0.300000
     31       0      31  Conv   -2   0.491420   0.010000   0.310000   0.310000
     31       0      32         -1 325.177505   0.010000   0.310000   0.310000
     32       0      32  Conv   -2   0.509161   0.010000   0.320000   0.320000
     32       0      33         -1 328.136527   0.010000   0.320000   0.320000
     33       0      33  Conv   -2   0.526850   0.010000   0.330000   0.330000
     33       0      34         -1 330.661962   0.010000   0.330000   0.330000
     34       0      34  Conv   -2   0.544451   0.010000   0.340000   0.340000
     34       0      35         -1 332.753782   0.010000   0.340000   0.340000
     35       0      35  Conv   -2   0.561924   0.010000   0.350000   0.350000
     35       0      36         -1 334.411916   0.010000   0.350000   0.350000
     36       0      36  Conv   -2   0.579233   0.010000   0.360000   0.360000
     36       0      37         -1 335.636250   0.010000   0.360000   0.360000
     37       0      37  Conv   -2   0.596342   0.010000   0.370000   0.370000
     37       0      38         -1 336.426630   0.010000   0.370000   0.370000
     38       0      38  Conv   -2   0.613212   0.010000   0.380000   0.380000
     38       0      39         -1 336.782856   0.010000   0.380000   0.380000
     39       0      39  Conv   -2   0.629810   0.010000   0.390000   0.390000
     39       0      40         -1 336.704685   0.010000   0.390000   0.390000
     40       0      40  Conv   -2   0.646101   0.010000   0.400000   0.400000
     40       0      41         -1 336.191830   0.010000   0.400000   0.400000
     41       0      41  Conv   -2   0.662053   0.010000   0.410000   0.410000
     41       0      42         -1 335.243959   0.010000   0.410000   0.410000
     42       0      42  Conv   -2   0.677633   0.010000   0.420000   0.420000
     42       0      43         -1 333.860695   0.010000   0.420000   0.420000
     43       0      43  Conv   -2   0.692815   0.010000   0.430000   0.430000
     43       0      44         -1 332.041619   0.010000   0.430000   0.430000
     44       0      44  Conv   -2   0.707571   0.010000   0.440000   0.440000
     44       0      45         -1 329.786264   0.010000   0.440000   0.440000
     45       0      45  Conv   -2   0.721877   0.010000   0.450000   0.450000
     45       0      46         -1 327.094122   0.010000   0.450000   0.450000
     46       0      46  Conv   -2   0.735711   0.010000   0.460000   0.460000
     46       0      47         -1 323.964643   0.010000   0.460000   0.460000
     47       0      47  Conv   -2   0.749057   0.010000   0.470000   0.470000
     47       0      48         -1 320.397231   0.010000   0.470000   0.470000
     48       0      48  Conv   -2   0.761897   0.010000   0.480000   0.480000
     48       0      49         -1 316.391253   0.010000   0.480000   0.480000
     49       0      49  Conv   -2   0.774220   0.010000   0.490000   0.490000
     49       0      50         -1 311.946031   0.010000   0.490000   0.490000
     50       0      50  Conv   -2   0.786019   0.010000   0.500000   0.500000
     50       0      51         -1 307.060853   0.010000   0.500000   0.500000
     51       0      51  Conv   -2   0.797286   0.010000   0.510000   0.510000
     51       0      52         -1 301.734967   0.010000   0.510000   0.510000
     52       0      52  Conv   -2   0.808021   0.010000   0.520000   0.520000
     52       0      53         -1 295.967585   0.010000   0.520000   0.520000
     53       0      53  Conv   -2   0.818227   0.010000   0.530000   0.530000
     53       0      54         -1 289.757887   0.010000   0.530000   0.530000
     54       0      54  Conv   -2   0.827907   0.010000   0.540000   0.540000
     54       0      55         -1 283.105021   0.010000   0.540000   0.540000
     55       0      55  Conv   -2   0.837073   0.010000   0.550000   0.550000
     55       0      56         -1 276.008106   0.010000   0.550000   0.550000
     56       0      56  Conv   -2   0.845737   0.010000   0.560000   0.560000
     56       0      57         -1 268.466236   0.010000   0.560000   0.560000
     57       0      57  Conv   -2   0.853916   0.010000   0.570000   0.570000
     57       0      58         -1 260.478480   0.010000   0.570000   0.570000
     58       0      58  Conv   -2   0.861629   0.010000   0.580000   0.580000
     58       0      59         -1 252.043889   0.010000   0.580000   0.580000
     59       0      59  Conv   -2   0.868900   0.010000   0.590000   0.590000
     59       0      60         -1 243.161499   0.010000   0.590000   0.590000
     60       0      60  Conv   -2   0.875755   0.010000   0.600000   0.600000
     60       0      61         -1 233.830332   0.010000   0.600000   0.600000
     61       0      61  Conv   -2   0.882226   0.010000   0.610000   0.610000
     61       0      62         -1 224.049405   0.010000   0.610000   0.610000
     62       0      62  Conv   -2   0.888343   0.010000   0.620000   0.620000
     62       0      63         -1 213.817736   0.010000   0.620000   0.620000
     63       0      63  Conv   -2   0.894142   0.010000   0.630000   0.630000
     63       0      64         -1 203.134345   0.010000   0.630000   0.630000
     64       0      64  Conv   -2   0.899662   0.010000   0.640000   0.640000
     64       0      65         -1 191.998272   0.010000   0.640000   0.640000
     65       0      65  Conv   -2   0.904942   0.010000   0.650000   0.650000
     65       0      66         -1 180.408580   0.010000   0.650000   0.650000
     66       0      66  Conv   -2   0.910024   0.010000   0.660000   0.660000
     66       0      67         -1 168.364375   0.010000   0.660000   0.660000
     67       0      67  Conv   -2   0.914951   0.010000   0.670000   0.670000
     67       0      68         -1 155.864826   0.010000   0.670000   0.670000
     68       0      68  Conv   -2   0.919768   0.010000   0.680000   0.680000
     68       0      69         -1 142.909200   0.010000   0.680000   0.680000
     69       0      69  Conv   -2   0.924522   0.010000   0.690000   0.690000
     69       0      70         -1 129.496918   0.010000   0.690000   0.690000
     70       0      70  Conv   -2   0.929259   0.010000   0.700000   0.700000
     70       0      71         -1 115.627652   0.010000   0.700000   0.700000
     71       0      71  Conv   -2   0.934026   0.010000   0.710000   0.710000
     71       0      72         -1 101.301513   0.010000   0.710000   0.710000
     72       0      72  Conv   -2   0.938870   0.010000   0.720000   0.720000
     72       0      73         -1  86.519442   0.010000   0.720000   0.720000
     73       0      73  Conv   -2   0.943839   0.010000   0.730000   0.730000
     73       0      74         -1  71.284144   0.010000   0.730000   0.730000
     74       0      74  Conv   -2   0.948980   0.010000   0.740000   0.740000
     74       0      75         -1  55.602685   0.010000   0.740000   0.740000
     75       0      75  Conv   -2   0.954337   0.010000   0.750000   0.750000
     75       0      76         -1  39.495745   0.010000   0.750000   0.750000
     76       0      76  Conv   -2   0.959955   0.010000   0.760000   0.760000
     76       0      77         -1  23.047851   0.010000   0.760000   0.760000
     77       0      77  Conv   -2   0.965879   0.010000   0.770000   0.770000
     77       0      78         -1   7.206462   0.010000   0.770000   0.770000
     78       0      78  Conv   -2   0.972149   0.010000   0.780000   0.780000
     78       0      79         -1  13.034723   0.010000   0.780000   0.780000
     79       0      79  Conv   -2   0.978806   0.010000   0.790000   0.790000
     79       0      80         -1  30.566488   0.010000   0.790000   0.790000
     80       0      80  Conv   -2   0.985887   0.010000   0.800000   0.800000
     80       0      81         -1  48.946237   0.010000   0.800000   0.800000
     81       0      81  Conv   -2   0.993428   0.010000   0.810000   0.810000
     81       0      82         -1  67.868553   0.010000   0.810000   0.810000
     81       0      82         -2   1.001461   0.010000   0.810000   0.810000
     82       0      82  Conv   -3   0.002482   0.010000   0.820000   0.820000
     82       0      83         -1  86.999658   0.010000   0.820000   0.820000
     82       0      83         -2   1.010575   0.010000   0.820000   0.820000
     83       0      83  Conv   -3   0.003087   0.010000   0.830000   0.830000
     83       0      84         -1 106.880896   0.010000   0.830000   0.830000
     83       0      84         -2   1.020518   0.010000   0.830000   0.830000
     84       0      84  Conv   -3   0.004055   0.010000   0.840000   0.840000
     84       0      85         -1 127.240568   0.010000   0.840000   0.840000
     84       0      85         -2   1.031057   0.010000   0.840000   0.840000
     85       0      85  Conv   -3   0.005145   0.010000   0.850000   0.850000
     85       0      86         -1 148.074823   0.010000   0.850000   0.850000
     85       0      86         -2   1.042216   0.010000   0.850000   0.850000
     86       0      86  Conv   -3   0.006323   0.010000   0.860000   0.860000
     86       0      87         -1 169.381614   0.010000   0.860000   0.860000
     86       0      87         -2   1.054014   0.010000   0.860000   0.860000
     87       0      87  Conv   -3   0.007576   0.010000   0.870000   0.870000
     87       0      88         -1 191.159697   0.010000   0.870000   0.870000
     87       0      88         -2   1.066468   0.010000   0.870000   0.870000
     88       0      88  Conv   -3   0.008899   0.010000   0.880000   0.880000
     88       0      89         -1 213.408214   0.010000   0.880000   0.880000
     88       0      89         -2   1.079592   0.010000   0.880000   0.880000
     89       0      89  Conv   -3   0.010292   0.010000   0.890000   0.890000
     89       0      90         -1 236.126486   0.010000   0.890000   0.890000
     89       0      90         -2   1.093398   0.010000   0.890000   0.890000
     90       0      90  Conv   -3   0.011756   0.010000   0.900000   0.900000
     90       0      91         -1 259.313912   0.010000   0.900000   0.900000
     90       0      91         -2   1.107893   0.010000   0.900000   0.900000
     91       0      91  Conv   -3   0.013293   0.010000   0.910000   0.910000
     91       0      92         -1 282.969901   0.010000   0.910000   0.910000
     91       0      92         -2   1.123086   0.010000   0.910000   0.910000
     92       0      92  Conv   -3   0.014908   0.010000   0.920000   0.920000
     92       0      93         -1 307.093838   0.010000   0.920000   0.920000
     92       0      93         -2   1.138980   0.010000   0.920000   0.920000
     93       0      93  Conv   -3   0.016606   0.010000   0.930000   0.930000
     93       0      94         -1 331.685062   0.010000   0.930000   0.930000
     93       0      94         -2   1.155578   0.010000   0.930000   0.930000
     94       0      94  Conv   -3   0.018391   0.010000   0.940000   0.940000
     94       0      95         -1 356.742850   0.010000   0.940000   0.940000
     94       0      95         -2   1.172882   0.010000   0.940000   0.940000
     95       0      95  Conv   -3   0.020268   0.010000   0.950000   0.950000
     95       0      96         -1 382.266406   0.010000   0.950000   0.950000
     95       0      96         -2   1.190895   0.010000   0.950000   0.950000
     96       0      96  Conv   -3   0.022246   0.010000   0.960000   0.960000
     96       0      97         -1 408.254857   0.010000   0.960000   0.960000
     96       0      97         -2   1.209618   0.010000   0.960000   0.960000
     97       0      97  Conv   -3   0.024329   0.010000   0.970000   0.970000
     97       0      98         -1 434.707246   0.010000   0.970000   0.970000
     97       0      98         -2   1.229055   0.010000   0.970000   0.970000
     98       0      98  Conv   -3   0.026526   0.010000   0.980000   0.980000
     98       0      99         -1 461.622530   0.010000   0.980000   0.980000
     98       0      99         -2   1.249212   0.010000   0.980000   0.980000
     99       0      99  Conv   -3   0.028844   0.010000   0.990000   0.990000
     99       0     100         -1 488.999579   0.010000   0.990000   0.990000
     99       0     100         -2   1.270100   0.010000   0.990000   0.990000
    100       0     100  Conv   -3   0.031292   0.010000   1.000000   1.000000

 NUMBER OF STIFFNESS FORMATIONS/SOLUTIONS  =         100

 TIME FOR INITIALIZING ANALYSIS            =        0.00
 TIME FOR CONTROLLING ANALYSIS             =        0.00
 TIME FOR UPDATING LOADS AND STATE         =        0.08
 TIME FOR FORMING STIFFNESS MATRIX         =        0.00
 TIME FOR SOLVING STIFFNESS MATRIX         =        1.42
 TIME FOR CALCULATING DISPLACEMENTS        =        0.06
 TIME FOR DETERMINING EVENTS               =        0.09
 TIME FOR SAVING RESULTS                   =        0.07
                                               ----------
 TOTAL TIME FOR THIS ANALYSIS              =        1.72


 A N A L Y S I S   C O M P L E T E                          2016/12/01  00:40:10
