

 SAP2000 v18.2.0 Ultimate 64-bit (Analysis Build 9503/64)
 File: C:\Users\lyoshi\Documen...¨\Sap2000_3 - add_local_imperfection\Column.LOG




 B E G I N   A N A L Y S I S                                2016/12/01  00:04:38


 RUNNING ANALYSIS WITHIN THE GUI PROCESS
 USING THE ADVANCED SOLVER (PROVIDES LIMITED INSTABILITY INFORMATION)

 NUMBER OF JOINTS                          =          85
    WITH RESTRAINTS                        =           2
 NUMBER OF FRAME/CABLE/TENDON ELEMENTS     =          95
 NUMBER OF LOAD PATTERNS                   =           1
 NUMBER OF ACCELERATION LOADS              =           9
 NUMBER OF LOAD CASES                      =           1

 ADDRESSABLE PHYSICAL MEMORY (RAM)         =       3.822 GB

 PARALLELIZATION OF ANALYSIS OPERATIONS:
 (Env. variable SAPFIRE_NUM_THREADS        =           0)
 NUMBER OF THREADS: STATE (AUTOMATIC)      =           2
 NUMBER OF THREADS: STIFFNESS (AUTOMATIC)  =           2
 NUMBER OF THREADS: EVENT (AUTOMATIC)      =           2
 NUMBER OF THREADS: MOVE (AUTOMATIC)       =           2
 NUMBER OF THREADS: RESPONSE (AUTOMATIC)   =           2
 NUMBER OF THREADS: SOLVE (AUTOMATIC)      =           2


 N O N L I N E A R   S T A T I C   A N A L Y S I S                      00:04:38

 CASE: NLSTAT1

 STARTING FROM ZERO (UNSTRESSED) INITIAL CONDITIONS

 LOAD CONTROL TYPE                         = DISPLACEMENT
 SAVE POSITIVE INCREMENTS ONLY             =         YES
 TYPE OF GEOMETRIC NONLINEARITY            = LARGE DISPLACEMENT AND P-DELTA
 INCLUDE ELASTIC MATERIAL NONLINEARITY     =         YES
 INCLUDE INELASTIC MATERIAL NONLINEARITY   =         YES
 USE EVENT STEPPING                        =         YES
 USE ITERATION                             =         YES
 USE LINE SEARCH                           =          NO
 EVENT LUMPING TOLERANCE                   =    0.010000
 FORCE CONVERGENCE TOLERANCE (RELATIVE)    =    0.000100


 E L E M E N T   F O R M A T I O N                                      00:04:38


 Negative iterations are Constant-Stiffness
 Positive iterations are Newton-Raphson

  Saved    Null   Total  Iteration   Relative  Curr Step   Curr Sum    Max Sum
  Steps   Steps   Steps  this Step  Unbalance       Size   of Steps   of Steps
 (  100      50     200     -10/40   1.000000   0.066667   1.000000   1.000000)

      0       0       1         -1   2410.711   0.066667    .000000    .000000
      0       0       1         -2  49511.801   0.066667    .000000    .000000
      0       0       1         -3 3.7076E+06   0.066667    .000000    .000000
      0       0       1         -4 2.1508E+09   0.066667    .000000    .000000
      0       0       1          1   2410.711   0.066667    .000000    .000000
      0       0       1          2 397678.705   0.066667    .000000    .000000
      0       0       1          3 9.4957E+07   0.066667    .000000    .000000
      0       0       1          4 1.6907E+06   0.066667    .000000    .000000
      0       0       1          5 9.7621E+06   0.066667    .000000    .000000
      0       0       1          6 1.2379E+06   0.066667    .000000    .000000
      0       0       1          7 4.9740E+08   0.066667    .000000    .000000
      0       1       2          1 592.282016   0.033333    .000000    .000000
      0       1       2          2 114710.668   0.033333    .000000    .000000
      0       1       2          3 4.7680E+06   0.033333    .000000    .000000
      0       1       2          4 6.7671E+06   0.033333    .000000    .000000
      0       1       2          5 6.2476E+06   0.033333    .000000    .000000
      0       1       2          6 3.2771E+06   0.033333    .000000    .000000
      0       1       2          7 1.1526E+07   0.033333    .000000    .000000
      0       1       2          8 1.2869E+06   0.033333    .000000    .000000
      0       1       2          9 511587.236   0.033333    .000000    .000000
      0       1       2         10 533410.547   0.033333    .000000    .000000
      0       1       2         11 386472.848   0.033333    .000000    .000000
      0       1       2         12 135658.511   0.033333    .000000    .000000
      0       1       2         13 183118.342   0.033333    .000000    .000000
      0       1       2         14 951324.400   0.033333    .000000    .000000
      0       1       2         15 132210.374   0.033333    .000000    .000000
      0       1       2         16  67781.653   0.033333    .000000    .000000
      0       1       2         17  72717.708   0.033333    .000000    .000000
      0       1       2         18  35713.006   0.033333    .000000    .000000
      0       1       2         19  44653.969   0.033333    .000000    .000000
      0       1       2         20   7873.549   0.033333    .000000    .000000
      0       1       2         21 1.7303E+06   0.033333    .000000    .000000
      0       2       3         -1 146.767614   0.016667    .000000    .000000
      0       2       3         -2 114.337328   0.016667    .000000    .000000
      0       2       3         -3  91.909173   0.016667    .000000    .000000
      0       2       3         -4 115.746980   0.016667    .000000    .000000
      0       2       3         -5 161.737725   0.016667    .000000    .000000
      0       2       3          1 146.767614   0.016667    .000000    .000000
      0       2       3          2   1636.031   0.016667    .000000    .000000
      0       2       3          3   2628.740   0.016667    .000000    .000000
      0       2       3          4  11011.081   0.016667    .000000    .000000
      0       2       3          5  44151.116   0.016667    .000000    .000000
      0       2       3          6 123983.177   0.016667    .000000    .000000
      0       2       3          7 142549.359   0.016667    .000000    .000000
      0       2       3          8 104267.548   0.016667    .000000    .000000
      0       2       3          9  76832.251   0.016667    .000000    .000000
      0       2       3         10  62054.892   0.016667    .000000    .000000
      0       2       3         11  58306.650   0.016667    .000000    .000000
      0       2       3         12  43857.954   0.016667    .000000    .000000
      0       2       3         13  57048.157   0.016667    .000000    .000000
      0       2       3         14  37767.257   0.016667    .000000    .000000
      0       2       3         15 176910.745   0.016667    .000000    .000000
      0       2       3         16  38227.634   0.016667    .000000    .000000
      0       2       3         17  97569.929   0.016667    .000000    .000000
      0       2       3         18  28875.250   0.016667    .000000    .000000
      0       2       3         19 2.8696E+06   0.016667    .000000    .000000
      0       3       4          1  36.529020   0.008333    .000000    .000000
      0       3       4          2  37.435462   0.008333    .000000    .000000
      0       3       4          3  33.372222   0.008333    .000000    .000000
      0       3       4          4  33.259760   0.008333    .000000    .000000
      0       3       4          5  37.569085   0.008333    .000000    .000000
      0       3       4          6  37.282793   0.008333    .000000    .000000
      0       3       4          7  33.867297   0.008333    .000000    .000000
      0       3       4          8  33.773773   0.008333    .000000    .000000
      0       3       4          9  37.456810   0.008333    .000000    .000000
      0       3       4         10  37.137957   0.008333    .000000    .000000
      0       3       4         11  34.181248   0.008333    .000000    .000000
      0       3       4         12  34.087660   0.008333    .000000    .000000
      0       3       4         13  37.353168   0.008333    .000000    .000000
      0       3       4         14  37.026990   0.008333    .000000    .000000
      0       3       4         15  34.405119   0.008333    .000000    .000000
      0       3       4         16  34.307960   0.008333    .000000    .000000
      0       3       4         17  37.263041   0.008333    .000000    .000000
      0       3       4         18  36.937257   0.008333    .000000    .000000
      0       3       4         19  34.576571   0.008333    .000000    .000000
      0       3       4         20  34.474721   0.008333    .000000    .000000
      0       3       4         21  37.184649   0.008333    .000000    .000000
      0       3       4         22  36.862105   0.008333    .000000    .000000
      0       3       4         23  34.714016   0.008333    .000000    .000000
      0       3       4         24  34.607199   0.008333    .000000    .000000
      0       3       4         25  37.115807   0.008333    .000000    .000000
      0       3       4         26  36.797591   0.008333    .000000    .000000
      0       3       4         27  34.827777   0.008333    .000000    .000000
      0       3       4         28  34.716045   0.008333    .000000    .000000
      0       3       4         29  37.054715   0.008333    .000000    .000000
      0       3       4         30  36.741177   0.008333    .000000    .000000
      0       3       4         31  34.924188   0.008333    .000000    .000000
      0       3       4         32  34.807731   0.008333    .000000    .000000
      0       3       4         33  36.999973   0.008333    .000000    .000000
      0       3       4         34  36.691139   0.008333    .000000    .000000
      0       3       4         35  35.007399   0.008333    .000000    .000000
      0       3       4         36  34.886454   0.008333    .000000    .000000
      0       3       4         37  36.950504   0.008333    .000000    .000000
      0       3       4         38  36.646249   0.008333    .000000    .000000
      0       3       4         39  35.080262   0.008333    .000000    .000000
      0       3       4         40  34.955080   0.008333    .000000    .000000
      0       4       5          1   9.111899   0.004167    .000000    .000000
      0       4       5          2   6.587968   0.004167    .000000    .000000
      0       4       5          3   4.920299   0.004167    .000000    .000000
      0       4       5          4   3.798065   0.004167    .000000    .000000
      0       4       5          5   2.910431   0.004167    .000000    .000000
      0       4       5          6   2.265220   0.004167    .000000    .000000
      0       4       5          7   1.751641   0.004167    .000000    .000000
      0       4       5          8   1.365753   0.004167    .000000    .000000
      0       4       5          9   1.060089   0.004167    .000000    .000000
      1       4       5  Conv   10   0.826672   0.004167   0.004167   0.004167
      1       4       6          1  22.045717   0.008333   0.004167   0.004167
      1       4       6          2  12.702255   0.008333   0.004167   0.004167
      1       4       6          3  10.120045   0.008333   0.004167   0.004167
      1       4       6          4   7.899899   0.008333   0.004167   0.004167
      1       4       6          5   6.367753   0.008333   0.004167   0.004167
      1       4       6          6   5.064976   0.008333   0.004167   0.004167
      1       4       6          7   4.096516   0.008333   0.004167   0.004167
      1       4       6          8   3.283379   0.008333   0.004167   0.004167
      1       4       6          9   2.657412   0.008333   0.004167   0.004167
      1       4       6         10   2.137638   0.008333   0.004167   0.004167
      1       4       6         11   1.729840   0.008333   0.004167   0.004167
      1       4       6         12   1.394087   0.008333   0.004167   0.004167
      1       4       6         13   1.127739   0.008333   0.004167   0.004167
      1       4       6        -14   0.909779   0.008333   0.004167   0.004167
      1       4       6         -1  20.329666   0.016667   0.004167   0.004167
      1       4       6         -2   3.507430   0.016667   0.004167   0.004167
      1       4       6         -3   0.917403   0.016667   0.004167   0.004167
      1       4       6         -1 396.158900   0.066667   0.004167   0.004167
      1       4       6         -2 341.221081   0.066667   0.004167   0.004167
      1       4       6         -3 500.303194   0.066667   0.004167   0.004167
      1       4       6         -4 514.043366   0.066667   0.004167   0.004167
      1       4       6         -1  91.010050   0.033333   0.004167   0.004167
      1       4       6         -2  31.699329   0.033333   0.004167   0.004167
      1       4       6         -3  20.657230   0.033333   0.004167   0.004167
      1       4       6         -4  14.794939   0.033333   0.004167   0.004167
      1       4       6         -5  10.286400   0.033333   0.004167   0.004167
      1       4       6         -6   7.300177   0.033333   0.004167   0.004167
      1       4       6         -7   5.118944   0.033333   0.004167   0.004167
      1       4       6         -8   3.620231   0.033333   0.004167   0.004167
      1       4       6         -9   2.545528   0.033333   0.004167   0.004167
      1       4       6        -10   1.797239   0.033333   0.004167   0.004167
      1       4       6          1  91.010050   0.033333   0.004167   0.004167
      1       4       6          2  64.774146   0.033333   0.004167   0.004167
      1       4       6          3  76.299286   0.033333   0.004167   0.004167
      1       4       6          4  93.466413   0.033333   0.004167   0.004167
      1       4       6          5 101.269522   0.033333   0.004167   0.004167
      1       4       6          6 108.975419   0.033333   0.004167   0.004167
      1       4       6          7 111.304608   0.033333   0.004167   0.004167
      1       4       6          8 107.864343   0.033333   0.004167   0.004167
      1       4       6          9 110.446934   0.033333   0.004167   0.004167
      1       4       6         10 108.063209   0.033333   0.004167   0.004167
      1       4       6         11 110.583879   0.033333   0.004167   0.004167
      1       4       6         12 108.023234   0.033333   0.004167   0.004167
      1       4       6         13 110.557177   0.033333   0.004167   0.004167
      1       4       6         14 108.031942   0.033333   0.004167   0.004167
      1       4       6         15 110.562935   0.033333   0.004167   0.004167
      1       4       6         16 108.029991   0.033333   0.004167   0.004167
      1       4       6         17 110.561650   0.033333   0.004167   0.004167
      1       4       6         18 108.030433   0.033333   0.004167   0.004167
      1       4       6         19 110.561940   0.033333   0.004167   0.004167
      1       4       6         20 108.030333   0.033333   0.004167   0.004167
      1       4       6         21 110.561874   0.033333   0.004167   0.004167
      1       4       6         22 108.030355   0.033333   0.004167   0.004167
      1       4       6         23 110.561889   0.033333   0.004167   0.004167
      1       4       6         24 108.030350   0.033333   0.004167   0.004167
      1       4       6         25 110.561886   0.033333   0.004167   0.004167
      1       4       6         26 108.030351   0.033333   0.004167   0.004167
      1       4       6         27 110.561887   0.033333   0.004167   0.004167
      1       4       6         28 108.030351   0.033333   0.004167   0.004167
      1       4       6         29 110.561886   0.033333   0.004167   0.004167
      1       4       6         30 108.030351   0.033333   0.004167   0.004167
      1       4       6         31 110.561886   0.033333   0.004167   0.004167
      1       4       6         32 108.030351   0.033333   0.004167   0.004167
      1       4       6         33 110.561886   0.033333   0.004167   0.004167
      1       4       6         34 108.030351   0.033333   0.004167   0.004167
      1       4       6         35 110.561886   0.033333   0.004167   0.004167
      1       4       6         36 108.030351   0.033333   0.004167   0.004167
      1       4       6         37 110.561886   0.033333   0.004167   0.004167
      1       4       6         38 108.030351   0.033333   0.004167   0.004167
      1       4       6         39 110.561886   0.033333   0.004167   0.004167
      1       4       6         40 108.030351   0.033333   0.004167   0.004167
      1       5       7          1  73.899938   0.016667   0.004167   0.004167
      1       5       7          2  84.431840   0.016667   0.004167   0.004167
      1       5       7          3  77.130990   0.016667   0.004167   0.004167
      1       5       7          4  65.546259   0.016667   0.004167   0.004167
      1       5       7          5  78.948338   0.016667   0.004167   0.004167
      1       5       7          6  86.961266   0.016667   0.004167   0.004167
      1       5       7          7  74.625410   0.016667   0.004167   0.004167
      1       5       7          8  58.100737   0.016667   0.004167   0.004167
      1       5       7          9  74.725035   0.016667   0.004167   0.004167
      1       5       7         10  87.009434   0.016667   0.004167   0.004167
      1       5       7         11  74.591573   0.016667   0.004167   0.004167
      1       5       7         12  57.796571   0.016667   0.004167   0.004167
      1       5       7         13  74.508391   0.016667   0.004167   0.004167
      1       5       7         14  86.959189   0.016667   0.004167   0.004167
      1       5       7         15  74.647813   0.016667   0.004167   0.004167
      1       5       7         16  57.977109   0.016667   0.004167   0.004167
      1       5       7         17  74.636729   0.016667   0.004167   0.004167
      1       5       7         18  86.989369   0.016667   0.004167   0.004167
      1       5       7         19  74.614088   0.016667   0.004167   0.004167
      1       5       7         20  57.868747   0.016667   0.004167   0.004167
      1       5       7         21  74.559830   0.016667   0.004167   0.004167
      1       5       7         22  86.971418   0.016667   0.004167   0.004167
      1       5       7         23  74.634163   0.016667   0.004167   0.004167
      1       5       7         24  57.933227   0.016667   0.004167   0.004167
      1       5       7         25  74.605636   0.016667   0.004167   0.004167
      1       5       7         26  86.982159   0.016667   0.004167   0.004167
      1       5       7         27  74.622157   0.016667   0.004167   0.004167
      1       5       7         28  57.894655   0.016667   0.004167   0.004167
      1       5       7         29  74.578251   0.016667   0.004167   0.004167
      1       5       7         30  86.975755   0.016667   0.004167   0.004167
      1       5       7         31  74.629318   0.016667   0.004167   0.004167
      1       5       7         32  57.917657   0.016667   0.004167   0.004167
      1       5       7         33  74.594588   0.016667   0.004167   0.004167
      1       5       7         34  86.979581   0.016667   0.004167   0.004167
      1       5       7         35  74.625040   0.016667   0.004167   0.004167
      1       5       7         36  57.903914   0.016667   0.004167   0.004167
      1       5       7         37  74.584829   0.016667   0.004167   0.004167
      1       5       7         38  86.977298   0.016667   0.004167   0.004167
      1       5       7         39  74.627593   0.016667   0.004167   0.004167
      1       5       7         40  57.912116   0.016667   0.004167   0.004167
      1       6       8          1  22.045717   0.008333   0.004167   0.004167
      1       6       8          2  12.702255   0.008333   0.004167   0.004167
      1       6       8          3  10.120045   0.008333   0.004167   0.004167
      1       6       8          4   7.899899   0.008333   0.004167   0.004167
      1       6       8          5   6.367753   0.008333   0.004167   0.004167
      1       6       8          6   5.064976   0.008333   0.004167   0.004167
      1       6       8          7   4.096516   0.008333   0.004167   0.004167
      1       6       8          8   3.283379   0.008333   0.004167   0.004167
      1       6       8          9   2.657412   0.008333   0.004167   0.004167
      1       6       8         10   2.137638   0.008333   0.004167   0.004167
      1       6       8         11   1.729840   0.008333   0.004167   0.004167
      1       6       8         12   1.394087   0.008333   0.004167   0.004167
      1       6       8         13   1.127739   0.008333   0.004167   0.004167
      2       6       8  Conv   14   0.909779   0.008333   0.012500   0.012500
      2       6       9          1  51.188359   0.016667   0.012500   0.012500
      2       6       9          2  30.574681   0.016667   0.012500   0.012500
      2       6       9          3  26.965888   0.016667   0.012500   0.012500
      2       6       9          4  22.438501   0.016667   0.012500   0.012500
      2       6       9          5  19.977763   0.016667   0.012500   0.012500
      2       6       9          6  17.120647   0.016667   0.012500   0.012500
      2       6       9          7  15.313347   0.016667   0.012500   0.012500
      2       6       9          8  13.313027   0.016667   0.012500   0.012500
      2       6       9          9  11.929823   0.016667   0.012500   0.012500
      2       6       9         10  10.459051   0.016667   0.012500   0.012500
      2       6       9         11   9.377925   0.016667   0.012500   0.012500
      2       6       9         12   8.265750   0.016667   0.012500   0.012500
      2       6       9         13   7.411161   0.016667   0.012500   0.012500
      2       6       9         14   6.555541   0.016667   0.012500   0.012500
      2       6       9         15   5.875915   0.016667   0.012500   0.012500
      2       6       9         16   5.210357   0.016667   0.012500   0.012500
      2       6       9         17   4.668159   0.016667   0.012500   0.012500
      2       6       9         18   4.146649   0.016667   0.012500   0.012500
      2       6       9         19   3.713424   0.016667   0.012500   0.012500
      2       6       9         20   3.302761   0.016667   0.012500   0.012500
      2       6       9         21   2.956392   0.016667   0.012500   0.012500
      2       6       9         22   2.631910   0.016667   0.012500   0.012500
      2       6       9         23   2.354952   0.016667   0.012500   0.012500
      2       6       9         24   2.097948   0.016667   0.012500   0.012500
      2       6       9         25   1.876523   0.016667   0.012500   0.012500
      2       6       9         26   1.672617   0.016667   0.012500   0.012500
      2       6       9         27   1.495637   0.016667   0.012500   0.012500
      2       6       9         28   1.333657   0.016667   0.012500   0.012500
      2       6       9         29   1.192244   0.016667   0.012500   0.012500
      2       6       9         30   1.063453   0.016667   0.012500   0.012500
      2       6       9         31   0.950493   0.016667   0.012500   0.012500
      2       6       9          1  57.456364   0.033333   0.012500   0.012500
      2       6       9          2  10.546101   0.033333   0.012500   0.012500
      2       6       9          3   4.925731   0.033333   0.012500   0.012500
      2       6       9          4   2.512683   0.033333   0.012500   0.012500
      2       6       9          5   1.239840   0.033333   0.012500   0.012500
      2       6       9          6   0.622796   0.033333   0.012500   0.012500
      2       6       9          1 112.757869   0.066667   0.012500   0.012500
      2       6       9          2  79.224575   0.066667   0.012500   0.012500
      2       6       9          3  50.040192   0.066667   0.012500   0.012500
      2       6       9          4  38.200812   0.066667   0.012500   0.012500
      2       6       9          5  28.692996   0.066667   0.012500   0.012500
      2       6       9          6  22.232062   0.066667   0.012500   0.012500
      2       6       9          7  16.844669   0.066667   0.012500   0.012500
      2       6       9          8  12.999862   0.066667   0.012500   0.012500
      2       6       9          9   9.901526   0.066667   0.012500   0.012500
      2       6       9         10   7.621687   0.066667   0.012500   0.012500
      2       6       9         11   5.821314   0.066667   0.012500   0.012500
      2       6       9         12   4.473568   0.066667   0.012500   0.012500
      2       6       9         13   3.422090   0.066667   0.012500   0.012500
      2       6       9         14   2.627145   0.066667   0.012500   0.012500
      2       6       9         15   2.011408   0.066667   0.012500   0.012500
      2       6       9         16   1.543217   0.066667   0.012500   0.012500
      2       6       9         17   1.182119   0.066667   0.012500   0.012500
      3       6       9  Conv   18   0.906629   0.066667   0.079167   0.079167
      3       6      10          1 334.301008   0.066667   0.079167   0.079167
      3       6      10          2 370.714491   0.066667   0.079167   0.079167
      3       6      10          3 438.046004   0.066667   0.079167   0.079167
      3       6      10          4 479.069646   0.066667   0.079167   0.079167
      3       6      10          5 553.287118   0.066667   0.079167   0.079167
      3       6      10          6 626.598332   0.066667   0.079167   0.079167
      3       6      10          7 706.695526   0.066667   0.079167   0.079167
      3       6      10          8 711.615640   0.066667   0.079167   0.079167
      3       6      10          9 459.090381   0.066667   0.079167   0.079167
      3       6      10         10 462.900367   0.066667   0.079167   0.079167
      3       6      10         11 772.775679   0.066667   0.079167   0.079167
      3       6      10         12 290.878780   0.066667   0.079167   0.079167
      3       6      10         13 282.475285   0.066667   0.079167   0.079167
      3       6      10         14 379.141660   0.066667   0.079167   0.079167
      3       6      10         15 453.126587   0.066667   0.079167   0.079167
      3       6      10         16 495.595955   0.066667   0.079167   0.079167
      3       6      10         17 571.704452   0.066667   0.079167   0.079167
      3       6      10         18 647.105370   0.066667   0.079167   0.079167
      3       6      10         19 718.526616   0.066667   0.079167   0.079167
      3       6      10         20 678.362396   0.066667   0.079167   0.079167
      3       6      10         21 352.727357   0.066667   0.079167   0.079167
      3       6      10         22 336.602112   0.066667   0.079167   0.079167
      3       6      10         23 600.053080   0.066667   0.079167   0.079167
      3       6      10         24 492.445466   0.066667   0.079167   0.079167
      3       6      10         25 495.160232   0.066667   0.079167   0.079167
      3       6      10         26 635.362376   0.066667   0.079167   0.079167
      3       6      10         27 775.338216   0.066667   0.079167   0.079167
      3       6      10         28 664.541008   0.066667   0.079167   0.079167
      3       6      10         29 334.944380   0.066667   0.079167   0.079167
      3       6      10         30 418.070766   0.066667   0.079167   0.079167
      3       6      10         31 714.444912   0.066667   0.079167   0.079167
      3       6      10         32 508.417597   0.066667   0.079167   0.079167
      3       6      10         33 462.237369   0.066667   0.079167   0.079167
      3       6      10         34 658.234505   0.066667   0.079167   0.079167
      3       6      10         35 852.862362   0.066667   0.079167   0.079167
      3       6      10         36 590.041456   0.066667   0.079167   0.079167
      3       6      10         37 234.736433   0.066667   0.079167   0.079167
      3       6      10         38 269.119659   0.066667   0.079167   0.079167
      3       6      10         39 428.261202   0.066667   0.079167   0.079167
      3       6      10         40 424.460978   0.066667   0.079167   0.079167
      3       7      11          1 113.989845   0.033333   0.079167   0.079167
      3       7      11          2  43.375176   0.033333   0.079167   0.079167
      3       7      11          3  22.441361   0.033333   0.079167   0.079167
      3       7      11          4  11.613911   0.033333   0.079167   0.079167
      3       7      11          5   5.956627   0.033333   0.079167   0.079167
      3       7      11          6   3.065090   0.033333   0.079167   0.079167
      3       7      11          7   1.573288   0.033333   0.079167   0.079167
      4       7      11  Conv    8   0.808432   0.033333   0.112500   0.112500
      4       7      12          1 327.230693   0.066667   0.112500   0.112500
      4       7      12          2 254.983169   0.066667   0.112500   0.112500
      4       7      12          3 217.093985   0.066667   0.112500   0.112500
      4       7      12          4 199.049174   0.066667   0.112500   0.112500
      4       7      12          5 167.832052   0.066667   0.112500   0.112500
      4       7      12          6 151.058701   0.066667   0.112500   0.112500
      4       7      12          7 126.382277   0.066667   0.112500   0.112500
      4       7      12          8 111.794503   0.066667   0.112500   0.112500
      4       7      12          9  93.323380   0.066667   0.112500   0.112500
      4       7      12         10  81.471622   0.066667   0.112500   0.112500
      4       7      12         11  68.070573   0.066667   0.112500   0.112500
      4       7      12         12  58.866712   0.066667   0.112500   0.112500
      4       7      12         13  49.288230   0.066667   0.112500   0.112500
      4       7      12         14  42.345125   0.066667   0.112500   0.112500
      4       7      12         15  35.537428   0.066667   0.112500   0.112500
      4       7      12         16  30.394403   0.066667   0.112500   0.112500
      4       7      12         17  25.561033   0.066667   0.112500   0.112500
      4       7      12         18  21.794648   0.066667   0.112500   0.112500
      4       7      12         19  18.359920   0.066667   0.112500   0.112500
      4       7      12         20  15.621522   0.066667   0.112500   0.112500
      4       7      12         21  13.176992   0.066667   0.112500   0.112500
      4       7      12         22  11.195215   0.066667   0.112500   0.112500
      4       7      12         23   9.452735   0.066667   0.112500   0.112500
      4       7      12         24   8.022868   0.066667   0.112500   0.112500
      4       7      12         25   6.779154   0.066667   0.112500   0.112500
      4       7      12         26   5.749578   0.066667   0.112500   0.112500
      4       7      12         27   4.860906   0.066667   0.112500   0.112500
      4       7      12         28   4.120575   0.066667   0.112500   0.112500
      4       7      12         29   3.485063   0.066667   0.112500   0.112500
      4       7      12         30   2.953217   0.066667   0.112500   0.112500
      4       7      12         31   2.498461   0.066667   0.112500   0.112500
      4       7      12         32   2.116638   0.066667   0.112500   0.112500
      4       7      12         33   1.791075   0.066667   0.112500   0.112500
      4       7      12         34   1.517081   0.066667   0.112500   0.112500
      4       7      12         35   1.283928   0.066667   0.112500   0.112500
      4       7      12         36   1.087376   0.066667   0.112500   0.112500
      5       7      12  Conv   37   0.920361   0.066667   0.179167   0.179167
      5       7      13          1 326.344351   0.066667   0.179167   0.179167
      5       7      13          2 216.962374   0.066667   0.179167   0.179167
      5       7      13          3 158.203741   0.066667   0.179167   0.179167
      5       7      13          4 115.787880   0.066667   0.179167   0.179167
      5       7      13          5  78.358774   0.066667   0.179167   0.179167
      5       7      13          6  56.529043   0.066667   0.179167   0.179167
      5       7      13          7  38.022043   0.066667   0.179167   0.179167
      5       7      13          8  26.598946   0.066667   0.179167   0.179167
      5       7      13          9  18.018024   0.066667   0.179167   0.179167
      5       7      13         10  12.450431   0.066667   0.179167   0.179167
      5       7      13         11   8.476238   0.066667   0.179167   0.179167
      5       7      13         12   5.826421   0.066667   0.179167   0.179167
      5       7      13         13   3.977575   0.066667   0.179167   0.179167
      5       7      13         14   2.727854   0.066667   0.179167   0.179167
      5       7      13         15   1.864824   0.066667   0.179167   0.179167
      5       7      13         16   1.277588   0.066667   0.179167   0.179167
      6       7      13  Conv  -17   0.873971   0.066667   0.245833   0.245833
      6       7      14         -1 376.530735   0.066667   0.245833   0.245833
      6       7      14         -2 244.258394   0.066667   0.245833   0.245833
      6       7      14         -3 194.420181   0.066667   0.245833   0.245833
      6       7      14         -4 131.630681   0.066667   0.245833   0.245833
      6       7      14         -5 124.910037   0.066667   0.245833   0.245833
      6       7      14         -6 104.115413   0.066667   0.245833   0.245833
      6       7      14         -7  63.333474   0.066667   0.245833   0.245833
      6       7      14         -8  31.650116   0.066667   0.245833   0.245833
      6       7      14         -9  35.143972   0.066667   0.245833   0.245833
      6       7      14        -10  42.826327   0.066667   0.245833   0.245833
      6       7      14          1 376.530735   0.066667   0.245833   0.245833
      6       7      14          2 585.103195   0.066667   0.245833   0.245833
      6       7      14          3 363.282904   0.066667   0.245833   0.245833
      6       7      14          4 491.061028   0.066667   0.245833   0.245833
      6       7      14          5 298.248325   0.066667   0.245833   0.245833
      6       7      14          6 189.014968   0.066667   0.245833   0.245833
      6       7      14          7 152.856227   0.066667   0.245833   0.245833
      6       7      14          8 246.553275   0.066667   0.245833   0.245833
      6       7      14          9 580.204734   0.066667   0.245833   0.245833
      6       7      14         10   1160.515   0.066667   0.245833   0.245833
      6       7      14         11   1915.596   0.066667   0.245833   0.245833
      6       7      14         12  28053.366   0.066667   0.245833   0.245833
      6       7      14         13   1871.510   0.066667   0.245833   0.245833
      6       7      14         14  19528.630   0.066667   0.245833   0.245833
      6       7      14         15  13276.940   0.066667   0.245833   0.245833
      6       7      14         16  23279.728   0.066667   0.245833   0.245833
      6       7      14         17  18553.277   0.066667   0.245833   0.245833
      6       7      14         18  19758.474   0.066667   0.245833   0.245833
      6       7      14         19  18589.783   0.066667   0.245833   0.245833
      6       7      14         20  18198.597   0.066667   0.245833   0.245833
      6       7      14         21  18037.003   0.066667   0.245833   0.245833
      6       7      14         22  18291.230   0.066667   0.245833   0.245833
      6       7      14         23  18786.310   0.066667   0.245833   0.245833
      6       7      14         24  19407.651   0.066667   0.245833   0.245833
      6       7      14         25  20075.945   0.066667   0.245833   0.245833
      6       7      14         26  20763.772   0.066667   0.245833   0.245833
      6       7      14         27  21461.962   0.066667   0.245833   0.245833
      6       7      14         28  22168.137   0.066667   0.245833   0.245833
      6       7      14         29  22881.188   0.066667   0.245833   0.245833
      6       7      14         30  23600.345   0.066667   0.245833   0.245833
      6       7      14         31  24324.881   0.066667   0.245833   0.245833
      6       7      14         32  25054.096   0.066667   0.245833   0.245833
      6       7      14         33  25787.317   0.066667   0.245833   0.245833
      6       7      14         34  26523.901   0.066667   0.245833   0.245833
      6       7      14         35  27263.244   0.066667   0.245833   0.245833
      6       7      14         36  28004.781   0.066667   0.245833   0.245833
      6       7      14         37  28747.993   0.066667   0.245833   0.245833
      6       7      14         38  29492.400   0.066667   0.245833   0.245833
      6       7      14         39  30237.565   0.066667   0.245833   0.245833
      6       7      14         40  30983.091   0.066667   0.245833   0.245833
      6       8      15          1 146.883654   0.033333   0.245833   0.245833
      6       8      15          2 337.839154   0.033333   0.245833   0.245833
      6       8      15          3   1227.917   0.033333   0.245833   0.245833
      6       8      15          4   1861.126   0.033333   0.245833   0.245833
      6       8      15          5   3468.357   0.033333   0.245833   0.245833
      6       8      15          6 1.9934E+06   0.033333   0.245833   0.245833
      6       9      16          1  66.699110   0.016667   0.245833   0.245833
      6       9      16          2  25.363761   0.016667   0.245833   0.245833
      6       9      16          3  11.840767   0.016667   0.245833   0.245833
      6       9      16          4   3.159983   0.016667   0.245833   0.245833
      6       9      16          5   1.034485   0.016667   0.245833   0.245833
      7       9      16  Conv    6   0.306596   0.016667   0.262500   0.262500
      7       9      17          1 212.846618   0.033333   0.262500   0.262500
      7       9      17          2 829.512316   0.033333   0.262500   0.262500
      7       9      17          3   2461.756   0.033333   0.262500   0.262500
      7       9      17          4  13140.584   0.033333   0.262500   0.262500
      7       9      17          5  52740.912   0.033333   0.262500   0.262500
      7       9      17          6  16478.957   0.033333   0.262500   0.262500
      7       9      17          7  22152.226   0.033333   0.262500   0.262500
      7       9      17          8   7004.019   0.033333   0.262500   0.262500
      7       9      17          9  12029.485   0.033333   0.262500   0.262500
      7       9      17         10   5446.887   0.033333   0.262500   0.262500
      7       9      17         11  10343.057   0.033333   0.262500   0.262500
      7       9      17         12   8125.909   0.033333   0.262500   0.262500
      7       9      17         13   9537.319   0.033333   0.262500   0.262500
      7       9      17         14   9699.729   0.033333   0.262500   0.262500
      7       9      17         15  10171.576   0.033333   0.262500   0.262500
      7       9      17         16  10650.779   0.033333   0.262500   0.262500
      7       9      17         17  11152.961   0.033333   0.262500   0.262500
      7       9      17         18  11683.160   0.033333   0.262500   0.262500
      7       9      17         19  12230.983   0.033333   0.262500   0.262500
      7       9      17         20  12783.872   0.033333   0.262500   0.262500
      7       9      17         21  13335.716   0.033333   0.262500   0.262500
      7       9      17         22  13883.888   0.033333   0.262500   0.262500
      7       9      17         23  14427.172   0.033333   0.262500   0.262500
      7       9      17         24  14965.049   0.033333   0.262500   0.262500
      7       9      17         25  15497.340   0.033333   0.262500   0.262500
      7       9      17         26  16024.006   0.033333   0.262500   0.262500
      7       9      17         27  16545.058   0.033333   0.262500   0.262500
      7       9      17         28  17060.520   0.033333   0.262500   0.262500
      7       9      17         29  17570.427   0.033333   0.262500   0.262500
      7       9      17         30  18074.811   0.033333   0.262500   0.262500
      7       9      17         31  18573.701   0.033333   0.262500   0.262500
      7       9      17         32  19067.128   0.033333   0.262500   0.262500
      7       9      17         33  19555.117   0.033333   0.262500   0.262500
      7       9      17         34  20037.691   0.033333   0.262500   0.262500
      7       9      17         35  20514.871   0.033333   0.262500   0.262500
      7       9      17         36  20986.675   0.033333   0.262500   0.262500
      7       9      17         37  21453.118   0.033333   0.262500   0.262500
      7       9      17         38  21914.215   0.033333   0.262500   0.262500
      7       9      17         39  22369.976   0.033333   0.262500   0.262500
      7       9      17         40  22820.411   0.033333   0.262500   0.262500
      7       9      17          1 100.865678   0.016667   0.262500   0.262500
      7       9      17          2  88.615649   0.016667   0.262500   0.262500
      7       9      17          3 119.295047   0.016667   0.262500   0.262500
      7       9      17          4 177.140479   0.016667   0.262500   0.262500
      7       9      17          5 223.235395   0.016667   0.262500   0.262500
      7       9      17          6 412.826718   0.016667   0.262500   0.262500
      7       9      17          7   1006.086   0.016667   0.262500   0.262500
      7       9      17          8   1010.431   0.016667   0.262500   0.262500
      7       9      17          9 216797.896   0.016667   0.262500   0.262500
      7      10      18          1  49.655588   0.008333   0.262500   0.262500
      7      10      18          2  10.372196   0.008333   0.262500   0.262500
      7      10      18          3   5.680060   0.008333   0.262500   0.262500
      7      10      18          4   1.775218   0.008333   0.262500   0.262500
      7      10      18  Conv    5   0.619189   0.008333   0.270833   0.270833
      7      10      19          1 132.462411   0.016667   0.270833   0.270833
      7      10      19          2 300.920211   0.016667   0.270833   0.270833
      7      10      19          3   1069.259   0.016667   0.270833   0.270833
      7      10      19          4   5027.227   0.016667   0.270833   0.270833
      7      10      19          5   3888.217   0.016667   0.270833   0.270833
      7      10      19          6   4992.633   0.016667   0.270833   0.270833
      7      10      19          7   6483.590   0.016667   0.270833   0.270833
      7      10      19          8   6723.474   0.016667   0.270833   0.270833
      7      10      19          9   7352.071   0.016667   0.270833   0.270833
      7      10      19         10   7943.799   0.016667   0.270833   0.270833
      7      10      19         11   8510.103   0.016667   0.270833   0.270833
      7      10      19         12   9024.938   0.016667   0.270833   0.270833
      7      10      19         13   9503.922   0.016667   0.270833   0.270833
      7      10      19         14   9955.186   0.016667   0.270833   0.270833
      7      10      19         15  10390.233   0.016667   0.270833   0.270833
      7      10      19         16  10816.012   0.016667   0.270833   0.270833
      7      10      19         17  11236.537   0.016667   0.270833   0.270833
      7      10      19         18  11654.361   0.016667   0.270833   0.270833
      7      10      19         19  12070.924   0.016667   0.270833   0.270833
      7      10      19         20  12486.716   0.016667   0.270833   0.270833
      7      10      19         21  12901.607   0.016667   0.270833   0.270833
      7      10      19         22  13315.173   0.016667   0.270833   0.270833
      7      10      19         23  13726.913   0.016667   0.270833   0.270833
      7      10      19         24  14136.372   0.016667   0.270833   0.270833
      7      10      19         25  14543.184   0.016667   0.270833   0.270833
      7      10      19         26  14947.077   0.016667   0.270833   0.270833
      7      10      19         27  15347.859   0.016667   0.270833   0.270833
      7      10      19         28  15745.399   0.016667   0.270833   0.270833
      7      10      19         29  16139.612   0.016667   0.270833   0.270833
      7      10      19         30  16530.445   0.016667   0.270833   0.270833
      7      10      19         31  16917.862   0.016667   0.270833   0.270833
      7      10      19         32  17301.845   0.016667   0.270833   0.270833
      7      10      19         33  17682.385   0.016667   0.270833   0.270833
      7      10      19         34  18059.478   0.016667   0.270833   0.270833
      7      10      19         35  18433.125   0.016667   0.270833   0.270833
      7      10      19         36  18803.330   0.016667   0.270833   0.270833
      7      10      19         37  19170.099   0.016667   0.270833   0.270833
      7      10      19         38  19533.438   0.016667   0.270833   0.270833
      7      10      19         39  19893.356   0.016667   0.270833   0.270833
      7      10      19         40  20249.861   0.016667   0.270833   0.270833
      7      10      19          1  65.059729   0.008333   0.270833   0.270833
      7      10      19          2  16.686375   0.008333   0.270833   0.270833
      7      10      19          3  16.318820   0.008333   0.270833   0.270833
      7      10      19          4  12.211716   0.008333   0.270833   0.270833
      7      10      19          5   9.690319   0.008333   0.270833   0.270833
      7      10      19          6   7.197019   0.008333   0.270833   0.270833
      7      10      19          7   5.616583   0.008333   0.270833   0.270833
      7      10      19          8   4.209540   0.008333   0.270833   0.270833
      7      10      19          9   3.249576   0.008333   0.270833   0.270833
      7      10      19         10   2.450383   0.008333   0.270833   0.270833
      7      10      19         11   1.880168   0.008333   0.270833   0.270833
      7      10      19         12   1.423217   0.008333   0.270833   0.270833
      7      10      19         13   1.088323   0.008333   0.270833   0.270833
      8      10      19  Conv   14   0.825735   0.008333   0.279167   0.279167
      8      10      20          1 168.800654   0.016667   0.279167   0.279167
      8      10      20          2 117.775436   0.016667   0.279167   0.279167
      8      10      20          3   1137.543   0.016667   0.279167   0.279167
      8      10      20          4  20672.688   0.016667   0.279167   0.279167
      8      10      20          5 144442.353   0.016667   0.279167   0.279167
      8      10      20          6 4.0898E+07   0.016667   0.279167   0.279167
      8      10      20          1  83.937507   0.008333   0.279167   0.279167
      8      10      20          2  32.470841   0.008333   0.279167   0.279167
      8      10      20          3 121.560621   0.008333   0.279167   0.279167
      8      10      20          4 654.725392   0.008333   0.279167   0.279167
      8      10      20          5   1205.595   0.008333   0.279167   0.279167
      8      10      20          6   2461.045   0.008333   0.279167   0.279167
      8      10      20          7   1759.132   0.008333   0.279167   0.279167
      8      10      20          8 725.609206   0.008333   0.279167   0.279167
      8      10      20          9   2207.834   0.008333   0.279167   0.279167
      8      10      20         10  35448.623   0.008333   0.279167   0.279167
      8      10      20         11   8663.020   0.008333   0.279167   0.279167
      8      10      20         12   9265.527   0.008333   0.279167   0.279167
      8      10      20         13   6938.441   0.008333   0.279167   0.279167
      8      10      20         14   8342.496   0.008333   0.279167   0.279167
      8      10      20         15   7960.471   0.008333   0.279167   0.279167
      8      10      20         16   8114.993   0.008333   0.279167   0.279167
      8      10      20         17   8287.326   0.008333   0.279167   0.279167
      8      10      20         18   8520.650   0.008333   0.279167   0.279167
      8      10      20         19   8907.906   0.008333   0.279167   0.279167
      8      10      20         20   9417.228   0.008333   0.279167   0.279167
      8      10      20         21  10120.494   0.008333   0.279167   0.279167
      8      10      20         22  11004.213   0.008333   0.279167   0.279167
      8      10      20         23  12106.225   0.008333   0.279167   0.279167
      8      10      20         24  13429.198   0.008333   0.279167   0.279167
      8      10      20         25  15104.762   0.008333   0.279167   0.279167
      8      10      20         26  17663.461   0.008333   0.279167   0.279167
      8      10      20         27  24165.073   0.008333   0.279167   0.279167
      8      10      20         28  34972.288   0.008333   0.279167   0.279167
      8      10      20         29  60346.203   0.008333   0.279167   0.279167
      8      10      20         30  95057.319   0.008333   0.279167   0.279167
      8      10      20         31 160406.648   0.008333   0.279167   0.279167
      8      10      20         32 200636.877   0.008333   0.279167   0.279167
      8      10      20         33 278868.118   0.008333   0.279167   0.279167
      8      10      20         34 377701.246   0.008333   0.279167   0.279167
      8      10      20         35 405797.322   0.008333   0.279167   0.279167
      8      10      20         36 449885.851   0.008333   0.279167   0.279167
      8      10      20         37 422700.538   0.008333   0.279167   0.279167
      8      10      20         38 196449.525   0.008333   0.279167   0.279167
      8      10      20         39 186025.292   0.008333   0.279167   0.279167
      8      10      20         40 3.6211E+06   0.008333   0.279167   0.279167
      8      11      21          1  42.196782   0.004167   0.279167   0.279167
      8      11      21          2   1.673518   0.004167   0.279167   0.279167
      8      11      21          3   2.501304   0.004167   0.279167   0.279167
      8      11      21          4   1.606930   0.004167   0.279167   0.279167
      8      11      21          5   1.087344   0.004167   0.279167   0.279167
      9      11      21  Conv   -6   0.701455   0.004167   0.283333   0.283333
      9      11      22         -1  90.186298   0.008333   0.283333   0.283333
      9      11      22         -2   1.360834   0.008333   0.283333   0.283333
      9      11      22         -3   1.521193   0.008333   0.283333   0.283333
      9      11      22         -4   0.188461   0.008333   0.283333   0.283333
      9      11      22         -1 181.376199   0.016667   0.283333   0.283333
      9      11      22         -2   9.304192   0.016667   0.283333   0.283333
      9      11      22         -3   9.944302   0.016667   0.283333   0.283333
      9      11      22         -4   3.039443   0.016667   0.283333   0.283333
      9      11      22         -5   1.347415   0.016667   0.283333   0.283333
      9      11      22         -6   0.573706   0.016667   0.283333   0.283333
      9      11      22         -1 809.114990   0.066667   0.283333   0.283333
      9      11      22         -2  91.874134   0.066667   0.283333   0.283333
      9      11      22         -3 371.015679   0.066667   0.283333   0.283333
      9      11      22         -4   2311.485   0.066667   0.283333   0.283333
      9      11      22         -1 372.184428   0.033333   0.283333   0.283333
      9      11      22         -2  25.242378   0.033333   0.283333   0.283333
      9      11      22         -3  45.839379   0.033333   0.283333   0.283333
      9      11      22         -4  30.516886   0.033333   0.283333   0.283333
      9      11      22         -5  35.586474   0.033333   0.283333   0.283333
      9      11      22         -6  38.718934   0.033333   0.283333   0.283333
      9      11      22         -7  43.601044   0.033333   0.283333   0.283333
      9      11      22          1 372.184428   0.033333   0.283333   0.283333
      9      11      22          2 227.103062   0.033333   0.283333   0.283333
      9      11      22          3 792.146963   0.033333   0.283333   0.283333
      9      11      22          4 322.121118   0.033333   0.283333   0.283333
      9      11      22          5 180.233850   0.033333   0.283333   0.283333
      9      11      22          6 342.184877   0.033333   0.283333   0.283333
      9      11      22          7 981.666619   0.033333   0.283333   0.283333
      9      11      22          8 382340.343   0.033333   0.283333   0.283333
      9      12      23          1 181.376199   0.016667   0.283333   0.283333
      9      12      23          2  61.475869   0.016667   0.283333   0.283333
      9      12      23          3 160.525435   0.016667   0.283333   0.283333
      9      12      23          4   1161.399   0.016667   0.283333   0.283333
      9      12      23          5   1456.914   0.016667   0.283333   0.283333
      9      12      23          6 314825.671   0.016667   0.283333   0.283333
      9      13      24          1  90.186298   0.008333   0.283333   0.283333
      9      13      24          2  69.071273   0.008333   0.283333   0.283333
      9      13      24          3   1192.679   0.008333   0.283333   0.283333
      9      13      24          4   1639.673   0.008333   0.283333   0.283333
      9      13      24          5 368554.568   0.008333   0.283333   0.283333
      9      14      25          1  45.264506   0.004167   0.283333   0.283333
      9      14      25          2   2.900482   0.004167   0.283333   0.283333
      9      14      25          3   6.043760   0.004167   0.283333   0.283333
      9      14      25          4   9.165618   0.004167   0.283333   0.283333
      9      14      25          5  13.269477   0.004167   0.283333   0.283333
      9      14      25          6  20.717858   0.004167   0.283333   0.283333
      9      14      25          7  30.900082   0.004167   0.283333   0.283333
      9      14      25          8  54.607850   0.004167   0.283333   0.283333
      9      14      25          9 190.116438   0.004167   0.283333   0.283333
      9      14      25         10 588.190671   0.004167   0.283333   0.283333
      9      14      25         11   1675.344   0.004167   0.283333   0.283333
      9      14      25         12   1359.439   0.004167   0.283333   0.283333
      9      14      25         13   5960.922   0.004167   0.283333   0.283333
      9      14      25         14 571.812626   0.004167   0.283333   0.283333
      9      14      25         15  14953.263   0.004167   0.283333   0.283333
      9      14      25         16   5569.030   0.004167   0.283333   0.283333
      9      14      25         17 404318.726   0.004167   0.283333   0.283333
      9      15      26          1  22.922904   0.002083   0.283333   0.283333
     10      15      26  Conv    2   0.671938   0.002083   0.285417   0.285417
     10      15      27          1  45.115652   0.004167   0.285417   0.285417
     10      15      27          2   8.695826   0.004167   0.285417   0.285417
     10      15      27          3  47.566405   0.004167   0.285417   0.285417
     10      15      27          4 172.346632   0.004167   0.285417   0.285417
     10      15      27          5 441.072710   0.004167   0.285417   0.285417
     10      15      27          6 443.100971   0.004167   0.285417   0.285417
     10      15      27          7   1350.923   0.004167   0.285417   0.285417
     10      15      27          8 489.355331   0.004167   0.285417   0.285417
     10      15      27          9   1494.178   0.004167   0.285417   0.285417
     10      15      27         10  73367.555   0.004167   0.285417   0.285417
     10      15      27          1  22.215488   0.002083   0.285417   0.285417
     11      15      27  Conv    2   0.653054   0.002083   0.287500   0.287500
     11      15      28          1  45.952873   0.004167   0.287500   0.287500
     11      15      28          2   8.174514   0.004167   0.287500   0.287500
     11      15      28          3  53.124186   0.004167   0.287500   0.287500
     11      15      28          4 387.981671   0.004167   0.287500   0.287500
     11      15      28          5 573.904593   0.004167   0.287500   0.287500
     11      15      28          6 291.723598   0.004167   0.287500   0.287500
     11      15      28          7 831.515612   0.004167   0.287500   0.287500
     11      15      28          8 454.274497   0.004167   0.287500   0.287500
     11      15      28          9   5583.426   0.004167   0.287500   0.287500
     11      15      28         10  30972.776   0.004167   0.287500   0.287500
     11      15      28         11  11150.971   0.004167   0.287500   0.287500
     11      15      28         12 567888.359   0.004167   0.287500   0.287500
     11      15      28         13  85478.165   0.004167   0.287500   0.287500
     11      15      28         14  16527.546   0.004167   0.287500   0.287500
     11      15      28         15 4.3603E+08   0.004167   0.287500   0.287500
     11      15      28          1  22.677932   0.002083   0.287500   0.287500
     12      15      28  Conv    2   0.876702   0.002083   0.289583   0.289583
     12      15      29          1  46.291384   0.004167   0.289583   0.289583
     12      15      29          2   2.600412   0.004167   0.289583   0.289583
     12      15      29          3   3.099256   0.004167   0.289583   0.289583
     12      15      29          4   4.537855   0.004167   0.289583   0.289583
     12      15      29          5   6.683387   0.004167   0.289583   0.289583
     12      15      29          6   9.962963   0.004167   0.289583   0.289583
     12      15      29          7  15.222613   0.004167   0.289583   0.289583
     12      15      29          8  24.707688   0.004167   0.289583   0.289583
     12      15      29          9  49.799813   0.004167   0.289583   0.289583
     12      15      29         10 571789.136   0.004167   0.289583   0.289583
     12      15      29          1  22.802767   0.002083   0.289583   0.289583
     12      15      29  Conv    2   0.879460   0.002083   0.291667   0.291667
     12      15      30          1  46.320961   0.004167   0.291667   0.291667
     12      15      30          2   2.267208   0.004167   0.291667   0.291667
     12      15      30          3   1.521178   0.004167   0.291667   0.291667
     12      15      30          4   1.221691   0.004167   0.291667   0.291667
     12      15      30          5   0.980876   0.004167   0.291667   0.291667
     12      15      30          1  92.787087   0.008333   0.291667   0.291667
     12      15      30          2   2.885110   0.008333   0.291667   0.291667
     12      15      30          3   0.251209   0.008333   0.291667   0.291667
     12      15      30          1 371.322113   0.033333   0.291667   0.291667
     12      15      30          2  46.030700   0.033333   0.291667   0.291667
     12      15      30          3  21.800535   0.033333   0.291667   0.291667
     12      15      30          4   8.812722   0.033333   0.291667   0.291667
     12      15      30          5   3.388332   0.033333   0.291667   0.291667
     12      15      30          6   1.578001   0.033333   0.291667   0.291667
     12      15      30          7   0.791624   0.033333   0.291667   0.291667
     12      15      30          1 614.780302   0.066667   0.291667   0.291667
     12      15      30          2  36.491085   0.066667   0.291667   0.291667
     12      15      30          3   7.618062   0.066667   0.291667   0.291667
     12      15      30          4   1.442135   0.066667   0.291667   0.291667
     13      15      30  Conv    5   0.298303   0.066667   0.358333   0.358333
     13      15      31          1 712.594153   0.066667   0.358333   0.358333
     13      15      31          2 245.030345   0.066667   0.358333   0.358333
     13      15      31          3 305.097410   0.066667   0.358333   0.358333
     13      15      31          4  80.779657   0.066667   0.358333   0.358333
     13      15      31          5  33.276028   0.066667   0.358333   0.358333
     13      15      31          6   4.407615   0.066667   0.358333   0.358333
     14      15      31  Conv    7   0.216274   0.066667   0.425000   0.425000
     14      15      32          1 665.501166   0.066667   0.425000   0.425000
     14      15      32          2  57.102983   0.066667   0.425000   0.425000
     14      15      32          3  40.603782   0.066667   0.425000   0.425000
     14      15      32          4   3.925302   0.066667   0.425000   0.425000
     15      15      32  Conv    5   0.173426   0.066667   0.491667   0.491667
     15      15      33          1 652.280557   0.066667   0.491667   0.491667
     15      15      33          2  25.226093   0.066667   0.491667   0.491667
     15      15      33          3  13.946534   0.066667   0.491667   0.491667
     16      15      33  Conv    4   0.893341   0.066667   0.558333   0.558333
     16      15      34          1 651.480627   0.066667   0.558333   0.558333
     16      15      34          2  15.933082   0.066667   0.558333   0.558333
     16      15      34          3   7.717620   0.066667   0.558333   0.558333
     17      15      34  Conv   -4   0.420986   0.066667   0.625000   0.625000
     17      15      35         -1 654.503657   0.066667   0.625000   0.625000
     17      15      35         -2 181.202189   0.066667   0.625000   0.625000
     17      15      35         -3 241.748775   0.066667   0.625000   0.625000
     17      15      35         -4 180.280871   0.066667   0.625000   0.625000
     17      15      35         -5 222.193452   0.066667   0.625000   0.625000
     17      15      35         -6 256.261877   0.066667   0.625000   0.625000
     17      15      35          1 654.503657   0.066667   0.625000   0.625000
     17      15      35          2   9.942759   0.066667   0.625000   0.625000
     17      15      35          3   3.218256   0.066667   0.625000   0.625000
     18      15      35  Conv    4   0.155755   0.066667   0.691667   0.691667
     18      15      36          1 660.298805   0.066667   0.691667   0.691667
     18      15      36          2   7.161252   0.066667   0.691667   0.691667
     19      15      36  Conv    3   0.702516   0.066667   0.758333   0.758333
     19      15      37          1 667.256278   0.066667   0.758333   0.758333
     19      15      37          2   7.584078   0.066667   0.758333   0.758333
     19      15      37          3   2.865080   0.066667   0.758333   0.758333
     20      15      37  Conv    4   0.115294   0.066667   0.825000   0.825000
     20      15      38          1 675.811672   0.066667   0.825000   0.825000
     20      15      38          2   5.823292   0.066667   0.825000   0.825000
     20      15      38          3   2.225132   0.066667   0.825000   0.825000
     21      15      38  Conv    4   0.090942   0.066667   0.891667   0.891667
     21      15      39          1 684.540000   0.066667   0.891667   0.891667
     21      15      39          2   5.309442   0.066667   0.891667   0.891667
     21      15      39          3   2.529155   0.066667   0.891667   0.891667
     22      15      39  Conv    4   0.103410   0.066667   0.958333   0.958333
     22      15      40          1 301.823875   0.041667   0.958333   0.958333
     22      15      40          2   5.386526   0.041667   0.958333   0.958333
     22      15      40          3   2.237025   0.041667   0.958333   0.958333
     23      15      40  Conv    4   0.079112   0.041667   1.000000   1.000000

 NUMBER OF STIFFNESS FORMATIONS/SOLUTIONS  =         715

 TIME FOR INITIALIZING ANALYSIS            =        0.02
 TIME FOR CONTROLLING ANALYSIS             =        0.17
 TIME FOR UPDATING LOADS AND STATE         =        1.34
 TIME FOR FORMING STIFFNESS MATRIX         =        0.51
 TIME FOR SOLVING STIFFNESS MATRIX         =       28.69
 TIME FOR CALCULATING DISPLACEMENTS        =        3.71
 TIME FOR DETERMINING EVENTS               =        0.69
 TIME FOR SAVING RESULTS                   =        0.00
                                               ----------
 TOTAL TIME FOR THIS ANALYSIS              =       35.13


 A N A L Y S I S   C O M P L E T E                          2016/12/01  00:05:13
