

 SAP2000 v18.2.0 Ultimate 64-bit (Analysis Build 9503/64)
 File: C:\Users\lyoshi\Documen...lityTheory\4格构柱相关稳定\Sap2000_2\Column.LOG




 B E G I N   A N A L Y S I S                                2016/12/01  00:02:12


 RUNNING ANALYSIS WITHIN THE GUI PROCESS
 USING THE ADVANCED SOLVER (PROVIDES LIMITED INSTABILITY INFORMATION)

 NUMBER OF JOINTS                          =          85
    WITH RESTRAINTS                        =           2
 NUMBER OF FRAME/CABLE/TENDON ELEMENTS     =          95
 NUMBER OF LOAD PATTERNS                   =           1
 NUMBER OF ACCELERATION LOADS              =           9
 NUMBER OF LOAD CASES                      =           1

 ADDRESSABLE PHYSICAL MEMORY (RAM)         =       3.822 GB

 PARALLELIZATION OF ANALYSIS OPERATIONS:
 (Env. variable SAPFIRE_NUM_THREADS        =           0)
 NUMBER OF THREADS: STATE (AUTOMATIC)      =           2
 NUMBER OF THREADS: STIFFNESS (AUTOMATIC)  =           2
 NUMBER OF THREADS: EVENT (AUTOMATIC)      =           2
 NUMBER OF THREADS: MOVE (AUTOMATIC)       =           2
 NUMBER OF THREADS: RESPONSE (AUTOMATIC)   =           2
 NUMBER OF THREADS: SOLVE (AUTOMATIC)      =           2


 N O N L I N E A R   S T A T I C   A N A L Y S I S                      00:02:12

 CASE: NLSTAT1

 STARTING FROM ZERO (UNSTRESSED) INITIAL CONDITIONS

 LOAD CONTROL TYPE                         = DISPLACEMENT
 SAVE POSITIVE INCREMENTS ONLY             =         YES
 TYPE OF GEOMETRIC NONLINEARITY            = LARGE DISPLACEMENT AND P-DELTA
 INCLUDE ELASTIC MATERIAL NONLINEARITY     =         YES
 INCLUDE INELASTIC MATERIAL NONLINEARITY   =         YES
 USE EVENT STEPPING                        =         YES
 USE ITERATION                             =         YES
 USE LINE SEARCH                           =          NO
 EVENT LUMPING TOLERANCE                   =    0.010000
 FORCE CONVERGENCE TOLERANCE (RELATIVE)    =    0.000100


 E L E M E N T   F O R M A T I O N                                      00:02:12


 Negative iterations are Constant-Stiffness
 Positive iterations are Newton-Raphson

  Saved    Null   Total  Iteration   Relative  Curr Step   Curr Sum    Max Sum
  Steps   Steps   Steps  this Step  Unbalance       Size   of Steps   of Steps
 (  100      50     200     -10/40   1.000000   0.066667   1.000000   1.000000)

      0       0       1         -1   2408.634   0.066667    .000000    .000000
      0       0       1         -2  49843.659   0.066667    .000000    .000000
      0       0       1         -3 3.7355E+06   0.066667    .000000    .000000
      0       0       1         -4 2.3527E+09   0.066667    .000000    .000000
      0       0       1          1   2408.634   0.066667    .000000    .000000
      0       0       1          2 420181.485   0.066667    .000000    .000000
      0       0       1          3 5.7490E+08   0.066667    .000000    .000000
      0       0       1          4 7.8293E+06   0.066667    .000000    .000000
      0       0       1          5 8.3235E+06   0.066667    .000000    .000000
      0       0       1          6 6.0936E+06   0.066667    .000000    .000000
      0       0       1          7 6.2610E+06   0.066667    .000000    .000000
      0       0       1          8 3.7232E+06   0.066667    .000000    .000000
      0       0       1          9 3.6649E+06   0.066667    .000000    .000000
      0       0       1         10 1.9976E+06   0.066667    .000000    .000000
      0       0       1         11 1.8400E+06   0.066667    .000000    .000000
      0       0       1         12 1.1149E+06   0.066667    .000000    .000000
      0       0       1         13 1.0039E+06   0.066667    .000000    .000000
      0       0       1         14 942333.167   0.066667    .000000    .000000
      0       0       1         15 961334.957   0.066667    .000000    .000000
      0       0       1         16 1.0223E+06   0.066667    .000000    .000000
      0       0       1         17 1.0521E+06   0.066667    .000000    .000000
      0       0       1         18 1.0850E+06   0.066667    .000000    .000000
      0       0       1         19 1.6402E+06   0.066667    .000000    .000000
      0       0       1         20 1.6435E+06   0.066667    .000000    .000000
      0       0       1         21 1.1115E+06   0.066667    .000000    .000000
      0       0       1         22 1.0974E+06   0.066667    .000000    .000000
      0       0       1         23 1.0719E+06   0.066667    .000000    .000000
      0       0       1         24 1.0389E+06   0.066667    .000000    .000000
      0       0       1         25 999686.191   0.066667    .000000    .000000
      0       0       1         26 954347.601   0.066667    .000000    .000000
      0       0       1         27 908010.907   0.066667    .000000    .000000
      0       0       1         28 861439.664   0.066667    .000000    .000000
      0       0       1         29 815378.435   0.066667    .000000    .000000
      0       0       1         30 771288.174   0.066667    .000000    .000000
      0       0       1         31 1.6656E+06   0.066667    .000000    .000000
      0       0       1         32 682305.792   0.066667    .000000    .000000
      0       0       1         33 646017.084   0.066667    .000000    .000000
      0       0       1         34 612892.206   0.066667    .000000    .000000
      0       0       1         35 582699.678   0.066667    .000000    .000000
      0       0       1         36 555217.953   0.066667    .000000    .000000
      0       0       1         37 530182.766   0.066667    .000000    .000000
      0       0       1         38 507334.682   0.066667    .000000    .000000
      0       0       1         39 486423.680   0.066667    .000000    .000000
      0       0       1         40 467217.260   0.066667    .000000    .000000
      0       1       2          1 591.734005   0.033333    .000000    .000000
      0       1       2          2 112878.171   0.033333    .000000    .000000
      0       1       2          3 4.9466E+06   0.033333    .000000    .000000
      0       1       2          4 6.7061E+06   0.033333    .000000    .000000
      0       1       2          5 5.1195E+06   0.033333    .000000    .000000
      0       1       2          6 3.2633E+06   0.033333    .000000    .000000
      0       1       2          7 6.4142E+07   0.033333    .000000    .000000
      0       1       2          8 2.6832E+08   0.033333    .000000    .000000
      0       1       2          9 1.0424E+07   0.033333    .000000    .000000
      0       1       2         10 1.8843E+07   0.033333    .000000    .000000
      0       1       2         11 3.6484E+07   0.033333    .000000    .000000
      0       1       2         12 7.2999E+06   0.033333    .000000    .000000
      0       1       2         13 6.3482E+07   0.033333    .000000    .000000
      0       1       2         14 8.6003E+07   0.033333    .000000    .000000
      0       1       2         15 2.6597E+06   0.033333    .000000    .000000
      0       1       2         16 4.3570E+06   0.033333    .000000    .000000
      0       1       2         17 2.0217E+06   0.033333    .000000    .000000
      0       1       2         18 7.7756E+06   0.033333    .000000    .000000
      0       1       2         19 3.0327E+06   0.033333    .000000    .000000
      0       1       2         20 4.0568E+06   0.033333    .000000    .000000
      0       1       2         21 1.7247E+07   0.033333    .000000    .000000
      0       1       2         22 2.7321E+06   0.033333    .000000    .000000
      0       1       2         23 2.5157E+06   0.033333    .000000    .000000
      0       1       2         24 359341.379   0.033333    .000000    .000000
      0       1       2         25 139054.192   0.033333    .000000    .000000
      0       1       2         26 137760.021   0.033333    .000000    .000000
      0       1       2         27 101256.403   0.033333    .000000    .000000
      0       1       2         28 134012.674   0.033333    .000000    .000000
      0       1       2         29  44756.219   0.033333    .000000    .000000
      0       1       2         30 1.0021E+06   0.033333    .000000    .000000
      0       2       3         -1 146.627129   0.016667    .000000    .000000
      0       2       3         -2 113.633308   0.016667    .000000    .000000
      0       2       3         -3  90.130049   0.016667    .000000    .000000
      0       2       3         -4 114.956689   0.016667    .000000    .000000
      0       2       3         -5 163.080326   0.016667    .000000    .000000
      0       2       3          1 146.627129   0.016667    .000000    .000000
      0       2       3          2   1664.410   0.016667    .000000    .000000
      0       2       3          3   2707.643   0.016667    .000000    .000000
      0       2       3          4  11385.834   0.016667    .000000    .000000
      0       2       3          5  45562.761   0.016667    .000000    .000000
      0       2       3          6 125898.297   0.016667    .000000    .000000
      0       2       3          7 141137.579   0.016667    .000000    .000000
      0       2       3          8 102991.532   0.016667    .000000    .000000
      0       2       3          9  75402.384   0.016667    .000000    .000000
      0       2       3         10  60969.398   0.016667    .000000    .000000
      0       2       3         11  57548.423   0.016667    .000000    .000000
      0       2       3         12  42658.744   0.016667    .000000    .000000
      0       2       3         13  61248.563   0.016667    .000000    .000000
      0       2       3         14  38178.934   0.016667    .000000    .000000
      0       2       3         15  86151.860   0.016667    .000000    .000000
      0       2       3         16  31452.313   0.016667    .000000    .000000
      0       2       3         17 106137.801   0.016667    .000000    .000000
      0       2       3         18  30275.402   0.016667    .000000    .000000
      0       2       3         19 1.1934E+06   0.016667    .000000    .000000
      0       3       4          1  36.493470   0.008333    .000000    .000000
      0       3       4          2  37.313401   0.008333    .000000    .000000
      0       3       4          3  33.133667   0.008333    .000000    .000000
      0       3       4          4  33.041441   0.008333    .000000    .000000
      0       3       4          5  37.518044   0.008333    .000000    .000000
      0       3       4          6  37.181856   0.008333    .000000    .000000
      0       3       4          7  33.603813   0.008333    .000000    .000000
      0       3       4          8  33.528357   0.008333    .000000    .000000
      0       3       4          9  37.420166   0.008333    .000000    .000000
      0       3       4         10  37.053733   0.008333    .000000    .000000
      0       3       4         11  33.900062   0.008333    .000000    .000000
      0       3       4         12  33.823848   0.008333    .000000    .000000
      0       3       4         13  37.329798   0.008333    .000000    .000000
      0       3       4         14  36.956817   0.008333    .000000    .000000
      0       3       4         15  34.109843   0.008333    .000000    .000000
      0       3       4         16  34.029893   0.008333    .000000    .000000
      0       3       4         17  37.251719   0.008333    .000000    .000000
      0       3       4         18  36.879360   0.008333    .000000    .000000
      0       3       4         19  34.269448   0.008333    .000000    .000000
      0       3       4         20  34.184896   0.008333    .000000    .000000
      0       3       4         21  37.184323   0.008333    .000000    .000000
      0       3       4         22  36.815184   0.008333    .000000    .000000
      0       3       4         23  34.396619   0.008333    .000000    .000000
      0       3       4         24  34.307319   0.008333    .000000    .000000
      0       3       4         25  37.125591   0.008333    .000000    .000000
      0       3       4         26  36.760630   0.008333    .000000    .000000
      0       3       4         27  34.501294   0.008333    .000000    .000000
      0       3       4         28  34.407373   0.008333    .000000    .000000
      0       3       4         29  37.073849   0.008333    .000000    .000000
      0       3       4         30  36.713352   0.008333    .000000    .000000
      0       3       4         31  34.589564   0.008333    .000000    .000000
      0       3       4         32  34.491250   0.008333    .000000    .000000
      0       3       4         33  37.027798   0.008333    .000000    .000000
      0       3       4         34  36.671755   0.008333    .000000    .000000
      0       3       4         35  34.665413   0.008333    .000000    .000000
      0       3       4         36  34.562963   0.008333    .000000    .000000
      0       3       4         37  36.986439   0.008333    .000000    .000000
      0       3       4         38  36.634708   0.008333    .000000    .000000
      0       3       4         39  34.731577   0.008333    .000000    .000000
      0       3       4         40  34.625249   0.008333    .000000    .000000
      0       4       5          1   9.102958   0.004167    .000000    .000000
      0       4       5          2   6.595166   0.004167    .000000    .000000
      0       4       5          3   4.935158   0.004167    .000000    .000000
      0       4       5          4   3.817431   0.004167    .000000    .000000
      0       4       5          5   2.931191   0.004167    .000000    .000000
      0       4       5          6   2.286280   0.004167    .000000    .000000
      0       4       5          7   1.771638   0.004167    .000000    .000000
      0       4       5          8   1.384383   0.004167    .000000    .000000
      0       4       5          9   1.076857   0.004167    .000000    .000000
      1       4       5  Conv   10   0.841615   0.004167   0.004167   0.004167
      1       4       6          1  21.961764   0.008333   0.004167   0.004167
      1       4       6          2  12.666188   0.008333   0.004167   0.004167
      1       4       6          3  10.108444   0.008333   0.004167   0.004167
      1       4       6          4   7.904811   0.008333   0.004167   0.004167
      1       4       6          5   6.382646   0.008333   0.004167   0.004167
      1       4       6          6   5.085545   0.008333   0.004167   0.004167
      1       4       6          7   4.120392   0.008333   0.004167   0.004167
      1       4       6          8   3.308245   0.008333   0.004167   0.004167
      1       4       6          9   2.682342   0.008333   0.004167   0.004167
      1       4       6         10   2.161482   0.008333   0.004167   0.004167
      1       4       6         11   1.752308   0.008333   0.004167   0.004167
      1       4       6         12   1.414699   0.008333   0.004167   0.004167
      1       4       6         13   1.146499   0.008333   0.004167   0.004167
      1       4       6        -14   0.926565   0.008333   0.004167   0.004167
      1       4       6         -1  20.210237   0.016667   0.004167   0.004167
      1       4       6         -2   3.523821   0.016667   0.004167   0.004167
      1       4       6         -3   0.921640   0.016667   0.004167   0.004167
      1       4       6         -1 393.521160   0.066667   0.004167   0.004167
      1       4       6         -2 339.742886   0.066667   0.004167   0.004167
      1       4       6         -3 499.144326   0.066667   0.004167   0.004167
      1       4       6         -4 512.489400   0.066667   0.004167   0.004167
      1       4       6         -1  90.472437   0.033333   0.004167   0.004167
      1       4       6         -2  31.524816   0.033333   0.004167   0.004167
      1       4       6         -3  20.559290   0.033333   0.004167   0.004167
      1       4       6         -4  14.731895   0.033333   0.004167   0.004167
      1       4       6         -5  10.247213   0.033333   0.004167   0.004167
      1       4       6         -6   7.275271   0.033333   0.004167   0.004167
      1       4       6         -7   5.103464   0.033333   0.004167   0.004167
      1       4       6         -8   3.610721   0.033333   0.004167   0.004167
      1       4       6         -9   2.539818   0.033333   0.004167   0.004167
      1       4       6        -10   1.793918   0.033333   0.004167   0.004167
      1       4       6          1  90.472437   0.033333   0.004167   0.004167
      1       4       6          2  64.090093   0.033333   0.004167   0.004167
      1       4       6          3  75.584066   0.033333   0.004167   0.004167
      1       4       6          4  92.549328   0.033333   0.004167   0.004167
      1       4       6          5 100.410673   0.033333   0.004167   0.004167
      1       4       6          6 107.960093   0.033333   0.004167   0.004167
      1       4       6          7 110.402117   0.033333   0.004167   0.004167
      1       4       6          8 106.848265   0.033333   0.004167   0.004167
      1       4       6          9 109.543126   0.033333   0.004167   0.004167
      1       4       6         10 107.053023   0.033333   0.004167   0.004167
      1       4       6         11 109.683961   0.033333   0.004167   0.004167
      1       4       6         12 107.010845   0.033333   0.004167   0.004167
      1       4       6         13 109.655798   0.033333   0.004167   0.004167
      1       4       6         14 107.020214   0.033333   0.004167   0.004167
      1       4       6         15 109.661996   0.033333   0.004167   0.004167
      1       4       6         16 107.018082   0.033333   0.004167   0.004167
      1       4       6         17 109.660589   0.033333   0.004167   0.004167
      1       4       6         18 107.018571   0.033333   0.004167   0.004167
      1       4       6         19 109.660912   0.033333   0.004167   0.004167
      1       4       6         20 107.018459   0.033333   0.004167   0.004167
      1       4       6         21 109.660837   0.033333   0.004167   0.004167
      1       4       6         22 107.018485   0.033333   0.004167   0.004167
      1       4       6         23 109.660854   0.033333   0.004167   0.004167
      1       4       6         24 107.018479   0.033333   0.004167   0.004167
      1       4       6         25 109.660850   0.033333   0.004167   0.004167
      1       4       6         26 107.018480   0.033333   0.004167   0.004167
      1       4       6         27 109.660851   0.033333   0.004167   0.004167
      1       4       6         28 107.018480   0.033333   0.004167   0.004167
      1       4       6         29 109.660851   0.033333   0.004167   0.004167
      1       4       6         30 107.018480   0.033333   0.004167   0.004167
      1       4       6         31 109.660851   0.033333   0.004167   0.004167
      1       4       6         32 107.018480   0.033333   0.004167   0.004167
      1       4       6         33 109.660851   0.033333   0.004167   0.004167
      1       4       6         34 107.018480   0.033333   0.004167   0.004167
      1       4       6         35 109.660851   0.033333   0.004167   0.004167
      1       4       6         36 107.018480   0.033333   0.004167   0.004167
      1       4       6         37 109.660851   0.033333   0.004167   0.004167
      1       4       6         38 107.018480   0.033333   0.004167   0.004167
      1       4       6         39 109.660851   0.033333   0.004167   0.004167
      1       4       6         40 107.018480   0.033333   0.004167   0.004167
      1       5       7          1  73.653348   0.016667   0.004167   0.004167
      1       5       7          2  83.924378   0.016667   0.004167   0.004167
      1       5       7          3  76.588154   0.016667   0.004167   0.004167
      1       5       7          4  64.895546   0.016667   0.004167   0.004167
      1       5       7          5  78.524942   0.016667   0.004167   0.004167
      1       5       7          6  86.476410   0.016667   0.004167   0.004167
      1       5       7          7  73.971967   0.016667   0.004167   0.004167
      1       5       7          8  57.161991   0.016667   0.004167   0.004167
      1       5       7          9  74.018528   0.016667   0.004167   0.004167
      1       5       7         10  86.384044   0.016667   0.004167   0.004167
      1       5       7         11  74.094242   0.016667   0.004167   0.004167
      1       5       7         12  57.371732   0.016667   0.004167   0.004167
      1       5       7         13  74.168736   0.016667   0.004167   0.004167
      1       5       7         14  86.420758   0.016667   0.004167   0.004167
      1       5       7         15  74.051865   0.016667   0.004167   0.004167
      1       5       7         16  57.236499   0.016667   0.004167   0.004167
      1       5       7         17  74.071424   0.016667   0.004167   0.004167
      1       5       7         18  86.397175   0.016667   0.004167   0.004167
      1       5       7         19  74.079117   0.016667   0.004167   0.004167
      1       5       7         20  57.323410   0.016667   0.004167   0.004167
      1       5       7         21  74.134034   0.016667   0.004167   0.004167
      1       5       7         22  86.412418   0.016667   0.004167   0.004167
      1       5       7         23  74.061511   0.016667   0.004167   0.004167
      1       5       7         24  57.267251   0.016667   0.004167   0.004167
      1       5       7         25  74.093606   0.016667   0.004167   0.004167
      1       5       7         26  86.402605   0.016667   0.004167   0.004167
      1       5       7         27  74.072850   0.016667   0.004167   0.004167
      1       5       7         28  57.303414   0.016667   0.004167   0.004167
      1       5       7         29  74.119652   0.016667   0.004167   0.004167
      1       5       7         30  86.408939   0.016667   0.004167   0.004167
      1       5       7         31  74.065533   0.016667   0.004167   0.004167
      1       5       7         32  57.280075   0.016667   0.004167   0.004167
      1       5       7         33  74.102847   0.016667   0.004167   0.004167
      1       5       7         34  86.404857   0.016667   0.004167   0.004167
      1       5       7         35  74.070249   0.016667   0.004167   0.004167
      1       5       7         36  57.295116   0.016667   0.004167   0.004167
      1       5       7         37  74.113679   0.016667   0.004167   0.004167
      1       5       7         38  86.407491   0.016667   0.004167   0.004167
      1       5       7         39  74.067207   0.016667   0.004167   0.004167
      1       5       7         40  57.285414   0.016667   0.004167   0.004167
      1       6       8          1  21.961764   0.008333   0.004167   0.004167
      1       6       8          2  12.666188   0.008333   0.004167   0.004167
      1       6       8          3  10.108444   0.008333   0.004167   0.004167
      1       6       8          4   7.904811   0.008333   0.004167   0.004167
      1       6       8          5   6.382646   0.008333   0.004167   0.004167
      1       6       8          6   5.085545   0.008333   0.004167   0.004167
      1       6       8          7   4.120392   0.008333   0.004167   0.004167
      1       6       8          8   3.308245   0.008333   0.004167   0.004167
      1       6       8          9   2.682342   0.008333   0.004167   0.004167
      1       6       8         10   2.161482   0.008333   0.004167   0.004167
      1       6       8         11   1.752308   0.008333   0.004167   0.004167
      1       6       8         12   1.414699   0.008333   0.004167   0.004167
      1       6       8         13   1.146499   0.008333   0.004167   0.004167
      2       6       8  Conv   14   0.926565   0.008333   0.012500   0.012500
      2       6       9          1  50.927547   0.016667   0.012500   0.012500
      2       6       9          2  30.374210   0.016667   0.012500   0.012500
      2       6       9          3  26.822829   0.016667   0.012500   0.012500
      2       6       9          4  22.335336   0.016667   0.012500   0.012500
      2       6       9          5  19.909284   0.016667   0.012500   0.012500
      2       6       9          6  17.073964   0.016667   0.012500   0.012500
      2       6       9          7  15.289240   0.016667   0.012500   0.012500
      2       6       9          8  13.302054   0.016667   0.012500   0.012500
      2       6       9          9  11.933721   0.016667   0.012500   0.012500
      2       6       9         10  10.470864   0.016667   0.012500   0.012500
      2       6       9         11   9.399341   0.016667   0.012500   0.012500
      2       6       9         12   8.291660   0.016667   0.012500   0.012500
      2       6       9         13   7.442973   0.016667   0.012500   0.012500
      2       6       9         14   6.589535   0.016667   0.012500   0.012500
      2       6       9         15   5.913203   0.016667   0.012500   0.012500
      2       6       9         16   5.248263   0.016667   0.012500   0.012500
      2       6       9         17   4.707539   0.016667   0.012500   0.012500
      2       6       9         18   4.185609   0.016667   0.012500   0.012500
      2       6       9         19   3.752622   0.016667   0.012500   0.012500
      2       6       9         20   3.340878   0.016667   0.012500   0.012500
      2       6       9         21   2.993936   0.016667   0.012500   0.012500
      2       6       9         22   2.667982   0.016667   0.012500   0.012500
      2       6       9         23   2.389950   0.016667   0.012500   0.012500
      2       6       9         24   2.131277   0.016667   0.012500   0.012500
      2       6       9         25   1.908497   0.016667   0.012500   0.012500
      2       6       9         26   1.702857   0.016667   0.012500   0.012500
      2       6       9         27   1.524396   0.016667   0.012500   0.012500
      2       6       9         28   1.360707   0.016667   0.012500   0.012500
      2       6       9         29   1.217792   0.016667   0.012500   0.012500
      2       6       9         30   1.087375   0.016667   0.012500   0.012500
      2       6       9         31   0.972961   0.016667   0.012500   0.012500
      2       6       9          1  57.157793   0.033333   0.012500   0.012500
      2       6       9          2  10.509972   0.033333   0.012500   0.012500
      2       6       9          3   4.907934   0.033333   0.012500   0.012500
      2       6       9          4   2.504640   0.033333   0.012500   0.012500
      2       6       9          5   1.235907   0.033333   0.012500   0.012500
      2       6       9          6   0.620977   0.033333   0.012500   0.012500
      2       6       9          1 112.159591   0.066667   0.012500   0.012500
      2       6       9          2  78.582753   0.066667   0.012500   0.012500
      2       6       9          3  49.673483   0.066667   0.012500   0.012500
      2       6       9          4  37.960694   0.066667   0.012500   0.012500
      2       6       9          5  28.520485   0.066667   0.012500   0.012500
      2       6       9          6  22.119405   0.066667   0.012500   0.012500
      2       6       9          7  16.767900   0.066667   0.012500   0.012500
      2       6       9          8  12.952301   0.066667   0.012500   0.012500
      2       6       9          9   9.871440   0.066667   0.012500   0.012500
      2       6       9         10   7.605074   0.066667   0.012500   0.012500
      2       6       9         11   5.812589   0.066667   0.012500   0.012500
      2       6       9         12   4.470573   0.066667   0.012500   0.012500
      2       6       9         13   3.422252   0.066667   0.012500   0.012500
      2       6       9         14   2.629395   0.066667   0.012500   0.012500
      2       6       9         15   2.014617   0.066667   0.012500   0.012500
      2       6       9         16   1.546908   0.066667   0.012500   0.012500
      2       6       9         17   1.185835   0.066667   0.012500   0.012500
      3       6       9  Conv   18   0.910194   0.066667   0.079167   0.079167
      3       6      10          1 331.357364   0.066667   0.079167   0.079167
      3       6      10          2 367.936512   0.066667   0.079167   0.079167
      3       6      10          3 432.891139   0.066667   0.079167   0.079167
      3       6      10          4 473.648554   0.066667   0.079167   0.079167
      3       6      10          5 541.925042   0.066667   0.079167   0.079167
      3       6      10          6 612.971560   0.066667   0.079167   0.079167
      3       6      10          7 673.563914   0.066667   0.079167   0.079167
      3       6      10          8 690.301699   0.066667   0.079167   0.079167
      3       6      10          9 452.707632   0.066667   0.079167   0.079167
      3       6      10         10 467.022343   0.066667   0.079167   0.079167
      3       6      10         11 586.234449   0.066667   0.079167   0.079167
      3       6      10         12 436.599302   0.066667   0.079167   0.079167
      3       6      10         13 445.121417   0.066667   0.079167   0.079167
      3       6      10         14 573.873789   0.066667   0.079167   0.079167
      3       6      10         15 697.190352   0.066667   0.079167   0.079167
      3       6      10         16 683.846811   0.066667   0.079167   0.079167
      3       6      10         17 502.011681   0.066667   0.079167   0.079167
      3       6      10         18 633.678315   0.066667   0.079167   0.079167
      3       6      10         19 709.239790   0.066667   0.079167   0.079167
      3       6      10         20 299.498377   0.066667   0.079167   0.079167
      3       6      10         21 441.110653   0.066667   0.079167   0.079167
      3       6      10         22 483.066903   0.066667   0.079167   0.079167
      3       6      10         23 569.813454   0.066667   0.079167   0.079167
      3       6      10         24 623.866651   0.066667   0.079167   0.079167
      3       6      10         25 660.291971   0.066667   0.079167   0.079167
      3       6      10         26 690.414247   0.066667   0.079167   0.079167
      3       6      10         27 449.759646   0.066667   0.079167   0.079167
      3       6      10         28 433.049758   0.066667   0.079167   0.079167
      3       6      10         29 573.265084   0.066667   0.079167   0.079167
      3       6      10         30 459.431997   0.066667   0.079167   0.079167
      3       6      10         31 470.379512   0.066667   0.079167   0.079167
      3       6      10         32 598.455802   0.066667   0.079167   0.079167
      3       6      10         33 717.786878   0.066667   0.079167   0.079167
      3       6      10         34 679.608768   0.066667   0.079167   0.079167
      3       6      10         35 427.956008   0.066667   0.079167   0.079167
      3       6      10         36 535.547578   0.066667   0.079167   0.079167
      3       6      10         37 660.290270   0.066667   0.079167   0.079167
      3       6      10         38 438.389320   0.066667   0.079167   0.079167
      3       6      10         39 428.690801   0.066667   0.079167   0.079167
      3       6      10         40 581.826378   0.066667   0.079167   0.079167
      3       7      11          1 113.162484   0.033333   0.079167   0.079167
      3       7      11          2  42.992535   0.033333   0.079167   0.079167
      3       7      11          3  22.275403   0.033333   0.079167   0.079167
      3       7      11          4  11.530841   0.033333   0.079167   0.079167
      3       7      11          5   5.920147   0.033333   0.079167   0.079167
      3       7      11          6   3.048388   0.033333   0.079167   0.079167
      3       7      11          7   1.566079   0.033333   0.079167   0.079167
      4       7      11  Conv    8   0.805352   0.033333   0.112500   0.112500
      4       7      12          1 324.120082   0.066667   0.112500   0.112500
      4       7      12          2 252.082180   0.066667   0.112500   0.112500
      4       7      12          3 213.154316   0.066667   0.112500   0.112500
      4       7      12          4 195.102022   0.066667   0.112500   0.112500
      4       7      12          5 163.642151   0.066667   0.112500   0.112500
      4       7      12          6 146.968123   0.066667   0.112500   0.112500
      4       7      12          7 122.473118   0.066667   0.112500   0.112500
      4       7      12          8 108.069208   0.066667   0.112500   0.112500
      4       7      12          9  89.936595   0.066667   0.112500   0.112500
      4       7      12         10  78.318877   0.066667   0.112500   0.112500
      4       7      12         11  65.272324   0.066667   0.112500   0.112500
      4       7      12         12  56.309923   0.066667   0.112500   0.112500
      4       7      12         13  47.044224   0.066667   0.112500   0.112500
      4       7      12         14  40.322911   0.066667   0.112500   0.112500
      4       7      12         15  33.771751   0.066667   0.112500   0.112500
      4       7      12         16  28.819180   0.066667   0.112500   0.112500
      4       7      12         17  24.189037   0.066667   0.112500   0.112500
      4       7      12         18  20.579644   0.066667   0.112500   0.112500
      4       7      12         19  17.303090   0.066667   0.112500   0.112500
      4       7      12         20  14.690775   0.066667   0.112500   0.112500
      4       7      12         21  12.368159   0.066667   0.112500   0.112500
      4       7      12         22  10.485887   0.066667   0.112500   0.112500
      4       7      12         23   8.836809   0.066667   0.112500   0.112500
      4       7      12         24   7.484509   0.066667   0.112500   0.112500
      4       7      12         25   6.312048   0.066667   0.112500   0.112500
      4       7      12         26   5.342388   0.066667   0.112500   0.112500
      4       7      12         27   4.507891   0.066667   0.112500   0.112500
      4       7      12         28   3.813515   0.066667   0.112500   0.112500
      4       7      12         29   3.219073   0.066667   0.112500   0.112500
      4       7      12         30   2.722277   0.066667   0.112500   0.112500
      4       7      12         31   2.298573   0.066667   0.112500   0.112500
      4       7      12         32   1.943360   0.066667   0.112500   0.112500
      4       7      12         33   1.641217   0.066667   0.112500   0.112500
      4       7      12         34   1.387348   0.066667   0.112500   0.112500
      4       7      12         35   1.171819   0.066667   0.112500   0.112500
      5       7      12  Conv   36   0.990435   0.066667   0.179167   0.179167
      5       7      13          1 320.041814   0.066667   0.179167   0.179167
      5       7      13          2 167.231815   0.066667   0.179167   0.179167
      5       7      13          3  74.042559   0.066667   0.179167   0.179167
      5       7      13          4  52.316693   0.066667   0.179167   0.179167
      5       7      13          5  28.653362   0.066667   0.179167   0.179167
      5       7      13          6  17.944249   0.066667   0.179167   0.179167
      5       7      13          7  10.276316   0.066667   0.179167   0.179167
      5       7      13          8   6.197114   0.066667   0.179167   0.179167
      5       7      13          9   3.621331   0.066667   0.179167   0.179167
      5       7      13         10   2.155372   0.066667   0.179167   0.179167
      5       7      13         11   1.268864   0.066667   0.179167   0.179167
      6       7      13  Conv  -12   0.751809   0.066667   0.245833   0.245833
      6       7      14         -1 318.983012   0.066667   0.245833   0.245833
      6       7      14         -2  50.248974   0.066667   0.245833   0.245833
      6       7      14         -3  57.364087   0.066667   0.245833   0.245833
      6       7      14         -4  20.692744   0.066667   0.245833   0.245833
      6       7      14         -5  15.565433   0.066667   0.245833   0.245833
      6       7      14         -6   7.087608   0.066667   0.245833   0.245833
      6       7      14         -7   4.487149   0.066667   0.245833   0.245833
      6       7      14         -8   2.276595   0.066667   0.245833   0.245833
      6       7      14         -9   1.348305   0.066667   0.245833   0.245833
      7       7      14  Conv  -10   0.755573   0.066667   0.312500   0.312500
      7       7      15         -1 318.736979   0.066667   0.312500   0.312500
      7       7      15         -2  51.255987   0.066667   0.312500   0.312500
      7       7      15         -3  67.003110   0.066667   0.312500   0.312500
      7       7      15         -4 109.805714   0.066667   0.312500   0.312500
      7       7      15         -5 324.863183   0.066667   0.312500   0.312500
      7       7      15          1 318.736979   0.066667   0.312500   0.312500
      7       7      15          2 129.394325   0.066667   0.312500   0.312500
      7       7      15          3  13.098306   0.066667   0.312500   0.312500
      7       7      15          4   4.594644   0.066667   0.312500   0.312500
      7       7      15          5   1.928247   0.066667   0.312500   0.312500
      8       7      15  Conv    6   0.850528   0.066667   0.379167   0.379167
      8       7      16          1 319.333418   0.066667   0.379167   0.379167
      8       7      16          2 134.418813   0.066667   0.379167   0.379167
      8       7      16          3  11.532110   0.066667   0.379167   0.379167
      8       7      16          4   2.704644   0.066667   0.379167   0.379167
      8       7      16          5   1.265596   0.066667   0.379167   0.379167
      9       7      16  Conv    6   0.594650   0.066667   0.445833   0.445833
      9       7      17          1 325.212101   0.066667   0.445833   0.445833
      9       7      17          2 171.737403   0.066667   0.445833   0.445833
      9       7      17          3  23.397262   0.066667   0.445833   0.445833
      9       7      17          4   1.837389   0.066667   0.445833   0.445833
      9       7      17          5   1.199138   0.066667   0.445833   0.445833
     10       7      17  Conv    6   0.847958   0.066667   0.512500   0.512500
     10       7      18          1 342.317405   0.066667   0.512500   0.512500
     10       7      18          2 292.713906   0.066667   0.512500   0.512500
     10       7      18          3  53.852500   0.066667   0.512500   0.512500
     10       7      18          4 250.717799   0.066667   0.512500   0.512500
     10       7      18          5 195.374472   0.066667   0.512500   0.512500
     10       7      18          6  34.724397   0.066667   0.512500   0.512500
     10       7      18          7  23.761027   0.066667   0.512500   0.512500
     10       7      18          8  65.589274   0.066667   0.512500   0.512500
     10       7      18          9 101.983694   0.066667   0.512500   0.512500
     10       7      18         10  23649.705   0.066667   0.512500   0.512500
     10       8      19          1 137.857344   0.033333   0.512500   0.512500
     10       8      19          2  56.149943   0.033333   0.512500   0.512500
     10       8      19          3  24.385533   0.033333   0.512500   0.512500
     10       8      19          4  16.909580   0.033333   0.512500   0.512500
     10       8      19          5   8.400943   0.033333   0.512500   0.512500
     10       8      19          6   4.958851   0.033333   0.512500   0.512500
     10       8      19          7   2.615373   0.033333   0.512500   0.512500
     10       8      19          8   1.461629   0.033333   0.512500   0.512500
     11       8      19  Conv    9   0.789934   0.033333   0.545833   0.545833
     11       8      20          1 357.953092   0.066667   0.545833   0.545833
     11       8      20          2 467.874486   0.066667   0.545833   0.545833
     11       8      20          3  80.913306   0.066667   0.545833   0.545833
     11       8      20          4   1838.263   0.066667   0.545833   0.545833
     11       8      20          5 294.885108   0.066667   0.545833   0.545833
     11       8      20          6 1.5143E+07   0.066667   0.545833   0.545833
     11       8      20         -1 147.205926   0.033333   0.545833   0.545833
     11       8      20         -2   8.552839   0.033333   0.545833   0.545833
     11       8      20         -3   3.596510   0.033333   0.545833   0.545833
     12       8      20  Conv   -4   0.321492   0.033333   0.579167   0.579167
     12       8      21         -1 377.648846   0.066667   0.579167   0.579167
     12       8      21         -2  56.190669   0.066667   0.579167   0.579167
     12       8      21         -3  58.173673   0.066667   0.579167   0.579167
     12       8      21         -4  20.196084   0.066667   0.579167   0.579167
     12       8      21         -5  15.902806   0.066667   0.579167   0.579167
     12       8      21         -6   7.379436   0.066667   0.579167   0.579167
     12       8      21         -7   4.733742   0.066667   0.579167   0.579167
     12       8      21         -8   2.478877   0.066667   0.579167   0.579167
     12       8      21         -9   1.470028   0.066667   0.579167   0.579167
     13       8      21  Conv  -10   0.806947   0.066667   0.645833   0.645833
     13       8      22         -1 420.525007   0.066667   0.645833   0.645833
     13       8      22         -2  50.007406   0.066667   0.645833   0.645833
     13       8      22         -3  67.572690   0.066667   0.645833   0.645833
     13       8      22         -4  26.040351   0.066667   0.645833   0.645833
     13       8      22         -5  21.632491   0.066667   0.645833   0.645833
     13       8      22         -6  11.227677   0.066667   0.645833   0.645833
     13       8      22         -7   7.646591   0.066667   0.645833   0.645833
     13       8      22         -8   4.431066   0.066667   0.645833   0.645833
     13       8      22         -9   2.820122   0.066667   0.645833   0.645833
     13       8      22        -10   1.698225   0.066667   0.645833   0.645833
     13       8      22          1 420.525007   0.066667   0.645833   0.645833
     13       8      22          2 803.107087   0.066667   0.645833   0.645833
     13       8      22          3  72.301262   0.066667   0.645833   0.645833
     13       8      22          4 130.240289   0.066667   0.645833   0.645833
     13       8      22          5  39.210014   0.066667   0.645833   0.645833
     13       8      22          6  33.508571   0.066667   0.645833   0.645833
     13       8      22          7  21.198429   0.066667   0.645833   0.645833
     13       8      22          8  13.587869   0.066667   0.645833   0.645833
     13       8      22          9   8.441250   0.066667   0.645833   0.645833
     13       8      22         10   5.142640   0.066667   0.645833   0.645833
     13       8      22         11   3.088275   0.066667   0.645833   0.645833
     13       8      22         12   1.836644   0.066667   0.645833   0.645833
     13       8      22         13   1.085453   0.066667   0.645833   0.645833
     14       8      22  Conv   14   0.639000   0.066667   0.712500   0.712500
     14       8      23          1 453.076420   0.066667   0.712500   0.712500
     14       8      23          2 302.649811   0.066667   0.712500   0.712500
     14       8      23          3 225.765925   0.066667   0.712500   0.712500
     14       8      23          4  52.012482   0.066667   0.712500   0.712500
     14       8      23          5  42.426557   0.066667   0.712500   0.712500
     14       8      23          6   7.890753   0.066667   0.712500   0.712500
     14       8      23          7   1.517794   0.066667   0.712500   0.712500
     15       8      23  Conv   -8   0.382819   0.066667   0.779167   0.779167
     15       8      24         -1 475.186165   0.066667   0.779167   0.779167
     15       8      24         -2  67.335440   0.066667   0.779167   0.779167
     15       8      24         -3  96.109242   0.066667   0.779167   0.779167
     15       8      24         -4  43.050432   0.066667   0.779167   0.779167
     15       8      24         -5  35.948224   0.066667   0.779167   0.779167
     15       8      24         -6  20.354165   0.066667   0.779167   0.779167
     15       8      24         -7  14.357658   0.066667   0.779167   0.779167
     15       8      24         -8   8.822361   0.066667   0.779167   0.779167
     15       8      24         -9   5.878108   0.066667   0.779167   0.779167
     15       8      24        -10   3.722556   0.066667   0.779167   0.779167
     15       8      24          1 475.186165   0.066667   0.779167   0.779167
     15       8      24          2 187.220681   0.066667   0.779167   0.779167
     15       8      24          3 102.137491   0.066667   0.779167   0.779167
     15       8      24          4  15.276829   0.066667   0.779167   0.779167
     15       8      24          5   4.749680   0.066667   0.779167   0.779167
     16       8      24  Conv    6   0.545260   0.066667   0.845833   0.845833
     16       8      25          1 491.067548   0.066667   0.845833   0.845833
     16       8      25          2 135.428563   0.066667   0.845833   0.845833
     16       8      25          3  72.170737   0.066667   0.845833   0.845833
     16       8      25          4   8.316011   0.066667   0.845833   0.845833
     16       8      25          5   1.443989   0.066667   0.845833   0.845833
     17       8      25  Conv    6   0.098574   0.066667   0.912500   0.912500
     17       8      26          1 504.050275   0.066667   0.912500   0.912500
     17       8      26          2 107.159145   0.066667   0.912500   0.912500
     17       8      26          3  58.113449   0.066667   0.912500   0.912500
     17       8      26          4   5.824325   0.066667   0.912500   0.912500
     18       8      26  Conv    5   0.631601   0.066667   0.979167   0.979167
     18       8      27          1 109.635671   0.020833   0.979167   0.979167
     18       8      27          2   4.755296   0.020833   0.979167   0.979167
     19       8      27  Conv   -3   0.222453   0.020833   1.000000   1.000000

 NUMBER OF STIFFNESS FORMATIONS/SOLUTIONS  =         485

 TIME FOR INITIALIZING ANALYSIS            =        0.01
 TIME FOR CONTROLLING ANALYSIS             =        0.09
 TIME FOR UPDATING LOADS AND STATE         =        0.79
 TIME FOR FORMING STIFFNESS MATRIX         =        0.29
 TIME FOR SOLVING STIFFNESS MATRIX         =       18.97
 TIME FOR CALCULATING DISPLACEMENTS        =        2.80
 TIME FOR DETERMINING EVENTS               =        0.50
 TIME FOR SAVING RESULTS                   =        0.02
                                               ----------
 TOTAL TIME FOR THIS ANALYSIS              =       23.47


 A N A L Y S I S   C O M P L E T E                          2016/12/01  00:02:36
