

 SAP2000 v18.2.0 Ultimate 64-bit (Analysis Build 9503/64)
 File: C:\Users\lyoshi\Documen...ilityTheory\5¹°µÄÎÈ¶¨\Sap2000_deeparch\arch.LOG




 B E G I N   A N A L Y S I S                                2016/12/01  02:36:48


 RUNNING ANALYSIS WITHIN THE GUI PROCESS
 USING THE ADVANCED SOLVER (PROVIDES LIMITED INSTABILITY INFORMATION)

 NUMBER OF JOINTS                          =          11
    WITH RESTRAINTS                        =           2
 NUMBER OF FRAME/CABLE/TENDON ELEMENTS     =          10
 NUMBER OF LOAD PATTERNS                   =           1
 NUMBER OF ACCELERATION LOADS              =           9
 NUMBER OF LOAD CASES                      =           2

 ADDRESSABLE PHYSICAL MEMORY (RAM)         =       3.822 GB

 PARALLELIZATION OF ANALYSIS OPERATIONS:
 (Env. variable SAPFIRE_NUM_THREADS        =           0)
 NUMBER OF THREADS: STATE (AUTOMATIC)      =           2
 NUMBER OF THREADS: STIFFNESS (AUTOMATIC)  =           2
 NUMBER OF THREADS: EVENT (AUTOMATIC)      =           2
 NUMBER OF THREADS: MOVE (AUTOMATIC)       =           2
 NUMBER OF THREADS: RESPONSE (AUTOMATIC)   =           2
 NUMBER OF THREADS: SOLVE (AUTOMATIC)      =           2


 E L E M E N T   F O R M A T I O N                                      02:36:48



 L I N E A R   E Q U A T I O N   S O L U T I O N                        02:36:48

 FORMING STIFFNESS AT ZERO (UNSTRESSED) INITIAL CONDITIONS

 TOTAL NUMBER OF EQUILIBRIUM EQUATIONS     =          29
 NUMBER OF NON-ZERO STIFFNESS TERMS        =         134

 ---------------------------------
 BASIC STABILITY CHECK FOR LINEAR LOAD CASES:
    NUMBER OF NEGATIVE STIFFNESS EIGENVALUES SHOULD BE ZERO FOR STABILITY.
    (NOTE: FURTHER CHECKS SHOULD BE CONSIDERED AS DEEMED NECESSARY,
     SUCH AS REVIEWING EIGEN MODES FOR MECHANISMS AND RIGID-BODY MOTION)

    NUMBER OF NEGATIVE EIGENVALUES         =           0,  OK.
 ---------------------------------


 L I N E A R   B U C K L I N G   A N A L Y S I S                        02:36:48

 CASE: BUCK1

 USING STIFFNESS AT ZERO (UNSTRESSED) INITIAL CONDITIONS

 NUMBER OF STIFFNESS DEGREES OF FREEDOM    =          29
 NUMBER OF BUCKLING MODES SOUGHT           =           6
 NUMBER OF SUBSPACE VECTORS USED           =          24

 RELATIVE CONVERGENCE TOLERANCE            =    1.00E-09


 Iteration  Approximations to next lowest eigenvalues...
         1  8.420286022E+02  2.002316798E+03  3.737473559E+03  5.759567211E+03
         2  8.420286022E+02  2.002316798E+03  3.737473559E+03  5.759567211E+03

     Found mode       1 of       6,  Eigenvalue =   8.420286022E+02
     Found mode       2 of       6,  Eigenvalue =   2.002316798E+03
     Found mode       3 of       6,  Eigenvalue =   3.737473559E+03
     Found mode       4 of       6,  Eigenvalue =   5.759567211E+03
     Found mode       5 of       6,  Eigenvalue =   8.327984758E+03
     Found mode       6 of       6,  Eigenvalue =   1.162435128E+04

 NUMBER OF BUCKLING MODES FOUND            =           6
 NUMBER OF ITERATIONS PERFORMED            =           2


 N O N L I N E A R   S T A T I C   A N A L Y S I S                      02:36:48

 CASE: NLSTAT1

 STARTING FROM ZERO (UNSTRESSED) INITIAL CONDITIONS

 LOAD CONTROL TYPE                         = DISPLACEMENT
 SAVE POSITIVE INCREMENTS ONLY             =         YES
 TYPE OF GEOMETRIC NONLINEARITY            = LARGE DISPLACEMENT AND P-DELTA
 INCLUDE ELASTIC MATERIAL NONLINEARITY     =         YES
 INCLUDE INELASTIC MATERIAL NONLINEARITY   =         YES
 USE EVENT STEPPING                        =         YES
 USE ITERATION                             =         YES
 USE LINE SEARCH                           =          NO
 EVENT LUMPING TOLERANCE                   =    0.010000
 FORCE CONVERGENCE TOLERANCE (RELATIVE)    =    0.000100

 Negative iterations are Constant-Stiffness
 Positive iterations are Newton-Raphson

  Saved    Null   Total  Iteration   Relative  Curr Step   Curr Sum    Max Sum
  Steps   Steps   Steps  this Step  Unbalance       Size   of Steps   of Steps
 (  200      50     200     -10/40   1.000000   0.010000   1.000000   1.000000)

      0       0       1         -1  36.618190   0.010000    .000000    .000000
      0       0       1         -2 376.969165   0.010000    .000000    .000000
      0       0       1         -3  48509.429   0.010000    .000000    .000000
      0       0       1         -4 1.7419E+09   0.010000    .000000    .000000
      0       0       1          1  36.618190   0.010000    .000000    .000000
      0       0       1          2   1931.565   0.010000    .000000    .000000
      0       0       1          3 2.2502E+06   0.010000    .000000    .000000
      0       0       1          4 3.7824E+06   0.010000    .000000    .000000
      0       0       1          5  91142.556   0.010000    .000000    .000000
      0       0       1          6 4.8018E+08   0.010000    .000000    .000000
      0       1       2          1   9.449113   0.005000    .000000    .000000
      0       1       2          2  75.314328   0.005000    .000000    .000000
      0       1       2          3 308416.373   0.005000    .000000    .000000
      0       1       2          4 2.1863E+06   0.005000    .000000    .000000
      0       1       2          5 6.8421E+06   0.005000    .000000    .000000
      0       1       2          6 812037.233   0.005000    .000000    .000000
      0       1       2          7 1.0853E+07   0.005000    .000000    .000000
      0       1       2          8 4.3686E+07   0.005000    .000000    .000000
      0       1       2          9 1.2211E+07   0.005000    .000000    .000000
      0       1       2         10 2.1767E+07   0.005000    .000000    .000000
      0       1       2         11 1.1167E+06   0.005000    .000000    .000000
      0       1       2         12 2.6707E+07   0.005000    .000000    .000000
      0       1       2         13 4.2199E+07   0.005000    .000000    .000000
      0       1       2         14 667630.039   0.005000    .000000    .000000
      0       1       2         15 5.5588E+07   0.005000    .000000    .000000
      0       1       2         16 6.9963E+07   0.005000    .000000    .000000
      0       1       2         17  82837.105   0.005000    .000000    .000000
      0       1       2         18 1.8993E+08   0.005000    .000000    .000000
      0       1       2         19 1.9842E+08   0.005000    .000000    .000000
      0       1       2         20 2.5335E+06   0.005000    .000000    .000000
      0       1       2         21 7.4835E+07   0.005000    .000000    .000000
      0       1       2         22 6.7574E+07   0.005000    .000000    .000000
      0       1       2         23 746003.888   0.005000    .000000    .000000
      0       1       2         24 6.6047E+07   0.005000    .000000    .000000
      0       1       2         25 8.9683E+07   0.005000    .000000    .000000
      0       1       2         26 908076.843   0.005000    .000000    .000000
      0       1       2         27 9.1962E+07   0.005000    .000000    .000000
      0       1       2         28 1.5832E+08   0.005000    .000000    .000000
      0       1       2         29 6.8861E+06   0.005000    .000000    .000000
      0       1       2         30 1.0545E+08   0.005000    .000000    .000000
      0       1       2         31 1.7086E+08   0.005000    .000000    .000000
      0       1       2         32 6.2685E+06   0.005000    .000000    .000000
      0       1       2         33 1.3072E+08   0.005000    .000000    .000000
      0       1       2         34 2.0379E+08   0.005000    .000000    .000000
      0       1       2         35 5.6518E+06   0.005000    .000000    .000000
      0       1       2         36 1.2956E+08   0.005000    .000000    .000000
      0       1       2         37 5.7117E+07   0.005000    .000000    .000000
      0       1       2         38 3.8680E+06   0.005000    .000000    .000000
      0       1       2         39 8.0706E+06   0.005000    .000000    .000000
      0       1       2         40 3.2880E+06   0.005000    .000000    .000000
      0       1       2         41 413549.549   0.005000    .000000    .000000
      0       1       2         42 9.8346E+06   0.005000    .000000    .000000
      0       2       3         -1   2.399593   0.002500    .000000    .000000
      0       2       3         -2   4.687488   0.002500    .000000    .000000
      0       2       3         -3  15.581579   0.002500    .000000    .000000
      0       2       3         -4 103.086478   0.002500    .000000    .000000
      0       2       3          1   2.399593   0.002500    .000000    .000000
      0       2       3          2   5.708139   0.002500    .000000    .000000
      0       2       3          3  31.416143   0.002500    .000000    .000000
      0       2       3          4   1237.075   0.002500    .000000    .000000
      0       2       3          5 6.6496E+06   0.002500    .000000    .000000
      1       3       4  Conv   -1   0.604590   0.001250   0.001250   0.001250
      1       3       5         -1  30.377100   0.002500   0.001250   0.001250
      1       3       5         -2   1493.030   0.002500   0.001250   0.001250
      1       3       5         -3 385675.923   0.002500   0.001250   0.001250
      1       3       5         -4 7.5120E+11   0.002500   0.001250   0.001250
      1       3       5          1   9.142061   0.001250   0.001250   0.001250
      1       3       5          2 300.493125   0.001250   0.001250   0.001250
      1       3       5          3 3.8863E+06   0.001250   0.001250   0.001250
      1       3       5          4 9.6687E+07   0.001250   0.001250   0.001250
      1       3       5          5 1.5451E+08   0.001250   0.001250   0.001250
      1       3       5          6 2.0615E+10   0.001250   0.001250   0.001250
      1       4       6          1   3.206635   0.000625   0.001250   0.001250
      1       4       6          2  32.398192   0.000625   0.001250   0.001250
      1       4       6          3  19520.541   0.000625   0.001250   0.001250
      1       4       6          4 6.2783E+07   0.000625   0.001250   0.001250
      1       5       7         -1   1.478519   0.000313   0.001250   0.001250
      1       5       7         -2   6.183162   0.000313   0.001250   0.001250
      1       5       7         -3  95.496994   0.000313   0.001250   0.001250
      1       5       7         -4  34933.190   0.000313   0.001250   0.001250
      1       5       7          1   1.478519   0.000313   0.001250   0.001250
      1       5       7          2   6.881240   0.000313   0.001250   0.001250
      1       5       7          3 185.646754   0.000313   0.001250   0.001250
      1       5       7          4 6.1229E+06   0.000313   0.001250   0.001250
      2       6       8  Conv   -1   0.933183   0.000156   0.001406   0.001406
      2       6       9         -1   3014.920   0.000313   0.001406   0.001406
      2       6       9         -2 6.8092E+11   0.000313   0.001406   0.001406
      2       6       9         -3 2.9415E+26   0.000313   0.001406   0.001406
      2       6       9         -4 3.9846E+45   0.000313   0.001406   0.001406
      2       6       9          1 599.108199   0.000156   0.001406   0.001406
      2       6       9          2 9.8307E+08   0.000156   0.001406   0.001406
      2       6       9          3 2.1316E+13   0.000156   0.001406   0.001406
      2       6       9          4 8.9576E+17   0.000156   0.001406   0.001406
      2       7      10          1 127.207465   7.81E-05   0.001406   0.001406
      2       7      10          2 1.7981E+08   7.81E-05   0.001406   0.001406
      2       7      10          3 1.1096E+12   7.81E-05   0.001406   0.001406
      2       7      10          4 4.6541E+16   7.81E-05   0.001406   0.001406
      2       8      11          1  27.718705   3.91E-05   0.001406   0.001406
      2       8      11          2 2.1987E+07   3.91E-05   0.001406   0.001406
      2       8      11          3 2.1412E+11   3.91E-05   0.001406   0.001406
      2       8      11          4 9.3238E+15   3.91E-05   0.001406   0.001406
      2       9      12          1   6.080346   1.95E-05   0.001406   0.001406
      2       9      12          2 2.0256E+06   1.95E-05   0.001406   0.001406
      2       9      12          3 3.3776E+11   1.95E-05   0.001406   0.001406
      2       9      12          4 1.4736E+16   1.95E-05   0.001406   0.001406
      2      10      13          1   1.550718   9.77E-06   0.001406   0.001406
      2      10      13          2 182324.174   9.77E-06   0.001406   0.001406
      2      10      13          3 3.1525E+10   9.77E-06   0.001406   0.001406
      2      10      13          4 1.5375E+15   9.77E-06   0.001406   0.001406
      3      11      14  Conv   -1   0.761715   4.88E-06   0.001411   0.001411
      3      11      15         -1   0.765122   9.77E-06   0.001411   0.001411
      3      11      15         -1   0.768724   1.95E-05   0.001411   0.001411
      3      11      15         -1   0.794419   7.81E-05   0.001411   0.001411
      3      11      15         -1   1.370746   0.000625   0.001411   0.001411
      3      11      15         -2   3.301082   0.000625   0.001411   0.001411
      3      11      15         -3  13.072337   0.000625   0.001411   0.001411
      3      11      15         -4 136.944182   0.000625   0.001411   0.001411
      4      11      15  Conv   -1   0.967179   0.000313   0.001724   0.001724
      4      11      16         -1   3.053196   0.000625   0.001724   0.001724
      4      11      16         -2  24.299797   0.000625   0.001724   0.001724
      4      11      16         -3 844.186409   0.000625   0.001724   0.001724
      4      11      16         -4 1.4558E+06   0.000625   0.001724   0.001724
      4      11      16         -1   1.670452   0.000313   0.001724   0.001724
      4      11      16         -2   9.273167   0.000313   0.001724   0.001724
      4      11      16         -3 163.351946   0.000313   0.001724   0.001724
      4      11      16         -4 107160.597   0.000313   0.001724   0.001724
      4      11      16          1   1.670452   0.000313   0.001724   0.001724
      4      11      16          2  10.283728   0.000313   0.001724   0.001724
      4      11      16          3 356.606323   0.000313   0.001724   0.001724
      4      11      16          4 3.1459E+06   0.000313   0.001724   0.001724
      4      12      17          1   1.232635   0.000156   0.001724   0.001724
      4      12      17          2   6.298453   0.000156   0.001724   0.001724
      4      12      17          3 122.933347   0.000156   0.001724   0.001724
      4      12      17          4 3.9238E+07   0.000156   0.001724   0.001724
      4      13      18         -1   1.078202   7.81E-05   0.001724   0.001724
      4      13      18         -2   4.980124   7.81E-05   0.001724   0.001724
      4      13      18         -3  50.818033   7.81E-05   0.001724   0.001724
      4      13      18         -4   4213.640   7.81E-05   0.001724   0.001724
      4      13      18          1   1.078202   7.81E-05   0.001724   0.001724
      4      13      18          2   5.113608   7.81E-05   0.001724   0.001724
      4      13      18          3  77.249040   7.81E-05   0.001724   0.001724
      4      13      18          4 3.0068E+06   7.81E-05   0.001724   0.001724
      4      14      19          1   1.017247   3.91E-05   0.001724   0.001724
      4      14      19          2   4.666474   3.91E-05   0.001724   0.001724
      4      14      19          3  62.687554   3.91E-05   0.001724   0.001724
      4      14      19          4 617743.685   3.91E-05   0.001724   0.001724
      5      15      20  Conv   -1   0.990850   1.95E-05   0.001743   0.001743
      5      15      21         -1   1.049847   3.91E-05   0.001743   0.001743
      5      15      21         -2   5.639272   3.91E-05   0.001743   0.001743
      5      15      21         -3  72.517135   3.91E-05   0.001743   0.001743
      5      15      21         -4  15512.875   3.91E-05   0.001743   0.001743
      5      15      21          1   1.018663   1.95E-05   0.001743   0.001743
      5      15      21          2   5.474085   1.95E-05   0.001743   0.001743
      5      15      21          3 100.453483   1.95E-05   0.001743   0.001743
      5      15      21          4 1.9019E+08   1.95E-05   0.001743   0.001743
      5      16      22         -1   1.004335   9.77E-06   0.001743   0.001743
      5      16      22         -2   5.338284   9.77E-06   0.001743   0.001743
      5      16      22         -3  64.670253   9.77E-06   0.001743   0.001743
      5      16      22         -4  11100.544   9.77E-06   0.001743   0.001743
      5      16      22          1   1.004335   9.77E-06   0.001743   0.001743
      5      16      22          2   5.358928   9.77E-06   0.001743   0.001743
      5      16      22          3  95.569665   9.77E-06   0.001743   0.001743
      5      16      22          4 5.1631E+07   9.77E-06   0.001743   0.001743
      5      17      23  Conv   -1   0.997487   4.88E-06   0.001748   0.001748
      5      17      24         -1   1.011609   9.77E-06   0.001748   0.001748
      5      17      24         -2   5.662644   9.77E-06   0.001748   0.001748
      5      17      24         -3  75.319452   9.77E-06   0.001748   0.001748
      5      17      24         -4  18900.400   9.77E-06   0.001748   0.001748
      5      17      24          1   1.004435   4.88E-06   0.001748   0.001748
      5      17      24          2   5.626154   4.88E-06   0.001748   0.001748
      5      17      24          3 110.441705   4.88E-06   0.001748   0.001748
      5      17      24          4 8.6270E+08   4.88E-06   0.001748   0.001748
      5      18      25          1   1.000933   2.44E-06   0.001748   0.001748
      5      18      25          2   5.597249   2.44E-06   0.001748   0.001748
      5      18      25          3 109.105993   2.44E-06   0.001748   0.001748
      5      18      25          4 2.1653E+09   2.44E-06   0.001748   0.001748
      5      19      26  Conv   -1   0.999203   1.22E-06   0.001749   0.001749
      5      19      27         -1   1.002690   2.44E-06   0.001749   0.001749
      5      19      27         -2   5.678696   2.44E-06   0.001749   0.001749
      5      19      27         -3  76.323539   2.44E-06   0.001749   0.001749
      5      19      27         -4  20096.470   2.44E-06   0.001749   0.001749
      5      19      27          1   1.000940   1.22E-06   0.001749   0.001749
      5      19      27          2   5.669916   1.22E-06   0.001749   0.001749
      5      19      27          3 113.375733   1.22E-06   0.001749   0.001749
      5      19      27          4 2.8007E+08   1.22E-06   0.001749   0.001749
      5      20      28          1   1.000069   6.10E-07   0.001749   0.001749
      5      20      28          2   5.662686   6.10E-07   0.001749   0.001749
      5      20      28          3 113.033802   6.10E-07   0.001749   0.001749
      5      20      28          4 3.1014E+08   6.10E-07   0.001749   0.001749
      5      21      29  Conv   -1   0.999636   3.05E-07   0.001750   0.001750
      5      21      30         -1   1.000505   6.10E-07   0.001750   0.001750
      5      21      30         -2   5.683432   6.10E-07   0.001750   0.001750
      5      21      30         -3  76.596977   6.10E-07   0.001750   0.001750
      5      21      30         -4  20424.159   6.10E-07   0.001750   0.001750
      5      21      30         -1   1.000070   3.05E-07   0.001750   0.001750
      5      21      30         -2   5.680535   3.05E-07   0.001750   0.001750
      5      21      30         -3  76.513526   3.05E-07   0.001750   0.001750
      5      21      30         -4  20359.792   3.05E-07   0.001750   0.001750
      5      21      30          1   1.000070   3.05E-07   0.001750   0.001750
      5      21      30          2   5.681259   3.05E-07   0.001750   0.001750
      5      21      30          3 114.141084   3.05E-07   0.001750   0.001750
      5      21      30          4 2.2857E+08   3.05E-07   0.001750   0.001750
      5      22      31  Conv   -1   0.999853   1.53E-07   0.001750   0.001750
      5      22      32         -1   1.000288   3.05E-07   0.001750   0.001750
      5      22      32         -2   5.691694   3.05E-07   0.001750   0.001750
      5      22      32         -3  76.904195   3.05E-07   0.001750   0.001750
      5      22      32         -4  20722.582   3.05E-07   0.001750   0.001750
      5      22      32          1   1.000070   1.53E-07   0.001750   0.001750
      5      22      32          2   5.690608   1.53E-07   0.001750   0.001750
      5      22      32          3 114.701186   1.53E-07   0.001750   0.001750
      5      22      32          4 1.9959E+08   1.53E-07   0.001750   0.001750
      5      23      33  Conv   -1   0.999961   7.63E-08   0.001750   0.001750
      5      23      34         -1   1.000179   1.53E-07   0.001750   0.001750
      5      23      34         -2   5.695841   1.53E-07   0.001750   0.001750
      5      23      34         -3  77.058667   1.53E-07   0.001750   0.001750
      5      23      34         -4  20873.742   1.53E-07   0.001750   0.001750
      5      23      34          1   1.000070   7.63E-08   0.001750   0.001750
      5      23      34          2   5.695298   7.63E-08   0.001750   0.001750
      5      23      34          3 114.982872   7.63E-08   0.001750   0.001750
      5      23      34          4 1.8718E+08   7.63E-08   0.001750   0.001750
      5      24      35          1   1.000016   3.81E-08   0.001750   0.001750
      5      24      35          2   5.694845   3.81E-08   0.001750   0.001750
      5      24      35          3 114.961209   3.81E-08   0.001750   0.001750
      5      24      35          4 1.8811E+08   3.81E-08   0.001750   0.001750
      5      25      36  Conv   -1   0.999989   1.91E-08   0.001750   0.001750
      5      25      37         -1   1.000043   3.81E-08   0.001750   0.001750
      5      25      37         -2   5.696155   3.81E-08   0.001750   0.001750
      5      25      37         -3  77.076408   3.81E-08   0.001750   0.001750
      5      25      37         -4  20895.290   3.81E-08   0.001750   0.001750
      5      25      37         -1   1.000016   1.91E-08   0.001750   0.001750
      5      25      37         -2   5.695973   1.91E-08   0.001750   0.001750
      5      25      37         -3  77.071167   1.91E-08   0.001750   0.001750
      5      25      37         -4  20891.179   1.91E-08   0.001750   0.001750
      5      25      37          1   1.000016   1.91E-08   0.001750   0.001750
      5      25      37          2   5.696019   1.91E-08   0.001750   0.001750
      5      25      37          3 115.031795   1.91E-08   0.001750   0.001750
      5      25      37          4 1.8517E+08   1.91E-08   0.001750   0.001750
      5      26      38          1   1.000002   9.54E-09   0.001750   0.001750
      5      26      38          2   5.695906   9.54E-09   0.001750   0.001750
      5      26      38          3 115.026378   9.54E-09   0.001750   0.001750
      5      26      38          4 1.8540E+08   9.54E-09   0.001750   0.001750
      5      27      39  Conv   -1   0.999995   4.77E-09   0.001750   0.001750
      5      27      40         -1   1.000009   9.54E-09   0.001750   0.001750
      5      27      40         -2   5.696233   9.54E-09   0.001750   0.001750
      5      27      40         -3  77.080849   9.54E-09   0.001750   0.001750
      5      27      40         -4  20900.684   9.54E-09   0.001750   0.001750
      5      27      40          1   1.000002   4.77E-09   0.001750   0.001750
      5      27      40          2   5.696199   4.77E-09   0.001750   0.001750
      5      27      40          3 115.044035   4.77E-09   0.001750   0.001750
      5      27      40          4 1.8467E+08   4.77E-09   0.001750   0.001750
      5      28      41  Conv   -1   0.999999   2.38E-09   0.001750   0.001750
      5      28      42         -1   1.000005   4.77E-09   0.001750   0.001750
      5      28      42         -2   5.696363   4.77E-09   0.001750   0.001750
      5      28      42         -3  77.085691   4.77E-09   0.001750   0.001750
      5      28      42         -4  20905.438   4.77E-09   0.001750   0.001750
      5      28      42         -1   1.000002   2.38E-09   0.001750   0.001750
      5      28      42         -2   5.696340   2.38E-09   0.001750   0.001750
      5      28      42         -3  77.085036   2.38E-09   0.001750   0.001750
      5      28      42         -4  20904.924   2.38E-09   0.001750   0.001750
      5      28      42          1   1.000002   2.38E-09   0.001750   0.001750
      5      28      42          2   5.696346   2.38E-09   0.001750   0.001750
      5      28      42          3 115.052865   2.38E-09   0.001750   0.001750
      5      28      42          4 1.8431E+08   2.38E-09   0.001750   0.001750
      5      29      43          1   1.000000   1.19E-09   0.001750   0.001750
      5      29      43          2   5.696332   1.19E-09   0.001750   0.001750
      5      29      43          3 115.052187   1.19E-09   0.001750   0.001750
      5      29      43          4 1.8434E+08   1.19E-09   0.001750   0.001750
      5      30      44  Conv   -1   1.000000   5.96E-10   0.001750   0.001750
      5      30      45         -1   1.000001   1.19E-09   0.001750   0.001750
      5      30      45         -2   5.696373   1.19E-09   0.001750   0.001750
      5      30      45         -3  77.086247   1.19E-09   0.001750   0.001750
      5      30      45         -4  20906.113   1.19E-09   0.001750   0.001750
      5      30      45         -1   1.000000   5.96E-10   0.001750   0.001750
      5      30      45         -2   5.696367   5.96E-10   0.001750   0.001750
      5      30      45         -3  77.086083   5.96E-10   0.001750   0.001750
      5      30      45         -4  20905.985   5.96E-10   0.001750   0.001750
      5      30      45          1   1.000000   5.96E-10   0.001750   0.001750
      5      30      45          2   5.696369   5.96E-10   0.001750   0.001750
      5      30      45          3 115.054395   5.96E-10   0.001750   0.001750
      5      30      45          4 1.8425E+08   5.96E-10   0.001750   0.001750
      5      31      46  Conv   -1   1.000000   2.98E-10   0.001750   0.001750
      5      31      47         -1   1.000001   5.96E-10   0.001750   0.001750
      5      31      47         -2   5.696389   5.96E-10   0.001750   0.001750
      5      31      47         -3  77.086852   5.96E-10   0.001750   0.001750
      5      31      47         -4  20906.708   5.96E-10   0.001750   0.001750
      5      31      47         -1   1.000000   2.98E-10   0.001750   0.001750
      5      31      47         -2   5.696386   2.98E-10   0.001750   0.001750
      5      31      47         -3  77.086770   2.98E-10   0.001750   0.001750
      5      31      47         -4  20906.643   2.98E-10   0.001750   0.001750
      5      31      47          1   1.000000   2.98E-10   0.001750   0.001750
      5      31      47          2   5.696387   2.98E-10   0.001750   0.001750
      5      31      47          3 115.055499   2.98E-10   0.001750   0.001750
      5      31      47          4 1.8420E+08   2.98E-10   0.001750   0.001750
      5      32      48          1   1.000000   1.49E-10   0.001750   0.001750
      5      32      48          2   5.696385   1.49E-10   0.001750   0.001750
      5      32      48          3 115.055414   1.49E-10   0.001750   0.001750
      5      32      48          4 1.8421E+08   1.49E-10   0.001750   0.001750
      5      33      49          1   1.000000   7.45E-11   0.001750   0.001750
      5      33      49          2   5.696384   7.45E-11   0.001750   0.001750
      5      33      49          3 115.055372   7.45E-11   0.001750   0.001750
      5      33      49          4 1.8421E+08   7.45E-11   0.001750   0.001750
      5      34      50          1   1.000000   3.73E-11   0.001750   0.001750
      5      34      50          2   5.696384   3.73E-11   0.001750   0.001750
      5      34      50          3 115.055351   3.73E-11   0.001750   0.001750
      5      34      50          4 1.8421E+08   3.73E-11   0.001750   0.001750
      5      35      51  Conv   -1   1.000000   1.86E-11   0.001750   0.001750
      5      35      52         -1   1.000000   3.73E-11   0.001750   0.001750
      5      35      52         -2   5.696385   3.73E-11   0.001750   0.001750
      5      35      52         -3  77.086746   3.73E-11   0.001750   0.001750
      5      35      52         -4  20906.632   3.73E-11   0.001750   0.001750
      5      35      52         -1   1.000000   1.86E-11   0.001750   0.001750
      5      35      52         -2   5.696385   1.86E-11   0.001750   0.001750
      5      35      52         -3  77.086741   1.86E-11   0.001750   0.001750
      5      35      52         -4  20906.628   1.86E-11   0.001750   0.001750
      5      35      52          1   1.000000   1.86E-11   0.001750   0.001750
      5      35      52          2   5.696385   1.86E-11   0.001750   0.001750
      5      35      52          3 115.055420   1.86E-11   0.001750   0.001750
      5      35      52          4 1.8421E+08   1.86E-11   0.001750   0.001750
      5      36      53          1   1.000000   9.31E-12   0.001750   0.001750
      5      36      53          2   5.696385   9.31E-12   0.001750   0.001750
      5      36      53          3 115.055415   9.31E-12   0.001750   0.001750
      5      36      53          4 1.8421E+08   9.31E-12   0.001750   0.001750
      5      37      54         -1   1.000000   4.66E-12   0.001750   0.001750
      5      37      54         -2   5.696385   4.66E-12   0.001750   0.001750
      5      37      54         -3  77.086737   4.66E-12   0.001750   0.001750
      5      37      54         -4  20906.625   4.66E-12   0.001750   0.001750
      5      37      54          1   1.000000   4.66E-12   0.001750   0.001750
      5      37      54          2   5.696385   4.66E-12   0.001750   0.001750
      5      37      54          3 115.055412   4.66E-12   0.001750   0.001750
      5      37      54          4 1.8421E+08   4.66E-12   0.001750   0.001750
      5      38      55  Conv   -1   1.000000   2.33E-12   0.001750   0.001750
      5      38      56         -1   1.000000   4.66E-12   0.001750   0.001750
      5      38      56         -2   5.696385   4.66E-12   0.001750   0.001750
      5      38      56         -3  77.086743   4.66E-12   0.001750   0.001750
      5      38      56         -4  20906.631   4.66E-12   0.001750   0.001750
      5      38      56          1   1.000000   2.33E-12   0.001750   0.001750
      5      38      56          2   5.696385   2.33E-12   0.001750   0.001750
      5      38      56          3 115.055421   2.33E-12   0.001750   0.001750
      5      38      56          4 1.8421E+08   2.33E-12   0.001750   0.001750
      5      39      57          1   1.000000   1.16E-12   0.001750   0.001750
      5      39      57          2   5.696385   1.16E-12   0.001750   0.001750
      5      39      57          3 115.055420   1.16E-12   0.001750   0.001750
      5      39      57          4 1.8421E+08   1.16E-12   0.001750   0.001750
      5      40      58  Conv   -1   1.000000   5.82E-13   0.001750   0.001750
      5      40      59         -1   1.000000   1.16E-12   0.001750   0.001750
      5      40      59         -2   5.696385   1.16E-12   0.001750   0.001750
      5      40      59         -3  77.086744   1.16E-12   0.001750   0.001750
      5      40      59         -4  20906.632   1.16E-12   0.001750   0.001750
      5      40      59         -1   1.000000   5.82E-13   0.001750   0.001750
      5      40      59         -2   5.696385   5.82E-13   0.001750   0.001750
      5      40      59         -3  77.086744   5.82E-13   0.001750   0.001750
      5      40      59         -4  20906.632   5.82E-13   0.001750   0.001750
      5      40      59          1   1.000000   5.82E-13   0.001750   0.001750
      5      40      59          2   5.696385   5.82E-13   0.001750   0.001750
      5      40      59          3 115.055422   5.82E-13   0.001750   0.001750
      5      40      59          4 1.8421E+08   5.82E-13   0.001750   0.001750
      5      41      60  Conv   -1   1.000000   2.91E-13   0.001750   0.001750
      5      41      61         -1   1.000000   5.82E-13   0.001750   0.001750
      5      41      61         -2   5.696385   5.82E-13   0.001750   0.001750
      5      41      61         -3  77.086745   5.82E-13   0.001750   0.001750
      5      41      61         -4  20906.632   5.82E-13   0.001750   0.001750
      5      41      61         -1   1.000000   2.91E-13   0.001750   0.001750
      5      41      61         -2   5.696385   2.91E-13   0.001750   0.001750
      5      41      61         -3  77.086745   2.91E-13   0.001750   0.001750
      5      41      61         -4  20906.632   2.91E-13   0.001750   0.001750
      5      41      61          1   1.000000   2.91E-13   0.001750   0.001750
      5      41      61          2   5.696385   2.91E-13   0.001750   0.001750
      5      41      61          3 115.055423   2.91E-13   0.001750   0.001750
      5      41      61          4 1.8421E+08   2.91E-13   0.001750   0.001750
      5      42      62          1   1.000000   1.46E-13   0.001750   0.001750
      5      42      62          2   5.696385   1.46E-13   0.001750   0.001750
      5      42      62          3 115.055423   1.46E-13   0.001750   0.001750
      5      42      62          4 1.8421E+08   1.46E-13   0.001750   0.001750
      5      43      63  Conv   -1   1.000000   7.28E-14   0.001750   0.001750
      5      43      64         -1   1.000000   1.46E-13   0.001750   0.001750
      5      43      64         -2   5.696385   1.46E-13   0.001750   0.001750
      5      43      64         -3  77.086745   1.46E-13   0.001750   0.001750
      5      43      64         -4  20906.632   1.46E-13   0.001750   0.001750
      5      43      64          1   1.000000   7.28E-14   0.001750   0.001750
      5      43      64          2   5.696385   7.28E-14   0.001750   0.001750
      5      43      64          3 115.055423   7.28E-14   0.001750   0.001750
      5      43      64          4 1.8421E+08   7.28E-14   0.001750   0.001750
      5      44      65         -1   1.000000   3.64E-14   0.001750   0.001750
      5      44      65         -2   5.696385   3.64E-14   0.001750   0.001750
      5      44      65         -3  77.086745   3.64E-14   0.001750   0.001750
      5      44      65         -4  20906.632   3.64E-14   0.001750   0.001750
      5      44      65          1   1.000000   3.64E-14   0.001750   0.001750
      5      44      65          2   5.696385   3.64E-14   0.001750   0.001750
      5      44      65          3 115.055423   3.64E-14   0.001750   0.001750
      5      44      65          4 1.8421E+08   3.64E-14   0.001750   0.001750
      5      45      66          1   1.000000   1.82E-14   0.001750   0.001750
      5      45      66          2   5.696385   1.82E-14   0.001750   0.001750
      5      45      66          3 115.055423   1.82E-14   0.001750   0.001750
      5      45      66          4 1.8421E+08   1.82E-14   0.001750   0.001750
      5      46      67  Conv   -1   1.000000   9.09E-15   0.001750   0.001750
      5      46      68         -1   1.000000   1.82E-14   0.001750   0.001750
      5      46      68         -2   5.696385   1.82E-14   0.001750   0.001750
      5      46      68         -3  77.086745   1.82E-14   0.001750   0.001750
      5      46      68         -4  20906.632   1.82E-14   0.001750   0.001750
      5      46      68          1   1.000000   9.09E-15   0.001750   0.001750
      5      46      68          2   5.696385   9.09E-15   0.001750   0.001750
      5      46      68          3 115.055423   9.09E-15   0.001750   0.001750
      5      46      68          4 1.8421E+08   9.09E-15   0.001750   0.001750
      5      47      69  Conv   -1   1.000000   4.55E-15   0.001750   0.001750
      5      47      70         -1   1.000000   9.09E-15   0.001750   0.001750
      5      47      70         -2   5.696385   9.09E-15   0.001750   0.001750
      5      47      70         -3  77.086745   9.09E-15   0.001750   0.001750
      5      47      70         -4  20906.632   9.09E-15   0.001750   0.001750
      5      47      70          1   1.000000   4.55E-15   0.001750   0.001750
      5      47      70          2   5.696385   4.55E-15   0.001750   0.001750
      5      47      70          3 115.055423   4.55E-15   0.001750   0.001750
      5      47      70          4 1.8421E+08   4.55E-15   0.001750   0.001750
      5      48      71  Conv   -1   1.000000   2.27E-15   0.001750   0.001750
      5      48      72         -1   1.000000   4.55E-15   0.001750   0.001750
      5      48      72         -2   5.696385   4.55E-15   0.001750   0.001750
      5      48      72         -3  77.086745   4.55E-15   0.001750   0.001750
      5      48      72         -4  20906.632   4.55E-15   0.001750   0.001750
      5      48      72  Conv   -1   1.000000   2.27E-15   0.001750   0.001750
      5      48      73         -1   1.000000   4.55E-15   0.001750   0.001750
      5      48      73         -2   5.696385   4.55E-15   0.001750   0.001750
      5      48      73         -3  77.086745   4.55E-15   0.001750   0.001750
      5      48      73         -4  20906.632   4.55E-15   0.001750   0.001750
      5      48      73  Conv   -1   1.000000   2.27E-15   0.001750   0.001750
      5      48      74         -1   1.000000   4.55E-15   0.001750   0.001750
      5      48      74         -2   5.696385   4.55E-15   0.001750   0.001750
      5      48      74         -3  77.086745   4.55E-15   0.001750   0.001750
      5      48      74         -4  20906.632   4.55E-15   0.001750   0.001750
      5      48      74         -1   1.000000   2.27E-15   0.001750   0.001750
      5      48      74         -2   5.696385   2.27E-15   0.001750   0.001750
      5      48      74         -3  77.086745   2.27E-15   0.001750   0.001750
      5      48      74         -4  20906.632   2.27E-15   0.001750   0.001750
      5      48      74          1   1.000000   2.27E-15   0.001750   0.001750
      5      48      74          2   5.696385   2.27E-15   0.001750   0.001750
      5      48      74          3 115.055423   2.27E-15   0.001750   0.001750
      5      48      74          4 1.8421E+08   2.27E-15   0.001750   0.001750
      5      49      75          1   1.000000   1.14E-15   0.001750   0.001750
      5      49      75          2   5.696385   1.14E-15   0.001750   0.001750
      5      49      75          3 115.055423   1.14E-15   0.001750   0.001750
      5      49      75          4 1.8421E+08   1.14E-15   0.001750   0.001750

 * * * W A R N I N G * * *
 MAXIMUM NUMBER OF NULL STEPS REACHED FOR
 CASE: NLSTAT1
 SUBSEQUENT RESULTS WILL NOT BE AVAILABLE


 NUMBER OF STIFFNESS FORMATIONS/SOLUTIONS  =         268

 TIME FOR INITIALIZING ANALYSIS            =        0.00
 TIME FOR CONTROLLING ANALYSIS             =        0.09
 TIME FOR UPDATING LOADS AND STATE         =        0.18
 TIME FOR FORMING STIFFNESS MATRIX         =        0.02
 TIME FOR SOLVING STIFFNESS MATRIX         =        4.98
 TIME FOR CALCULATING DISPLACEMENTS        =        0.19
 TIME FOR DETERMINING EVENTS               =        0.10
 TIME FOR SAVING RESULTS                   =        0.02
                                               ----------
 TOTAL TIME FOR THIS ANALYSIS              =        5.58


 A N A L Y S I S   C O M P L E T E                          2016/12/01  02:36:53
