

 SAP2000 v18.2.0 Ultimate 64-bit (Analysis Build 9503/64)
 File: C:\Users\lyoshi\Documen...ilityTheory\5拱的稳定\Sap2000_flatarch\arch.LOG




 B E G I N   A N A L Y S I S                                2016/12/01  00:29:16


 RUNNING ANALYSIS WITHIN THE GUI PROCESS
 USING THE ADVANCED SOLVER (PROVIDES LIMITED INSTABILITY INFORMATION)

 NUMBER OF JOINTS                          =          11
    WITH RESTRAINTS                        =           2
 NUMBER OF FRAME/CABLE/TENDON ELEMENTS     =          10
 NUMBER OF LOAD PATTERNS                   =           1
 NUMBER OF ACCELERATION LOADS              =           9
 NUMBER OF LOAD CASES                      =           3

 ADDRESSABLE PHYSICAL MEMORY (RAM)         =       3.822 GB

 PARALLELIZATION OF ANALYSIS OPERATIONS:
 (Env. variable SAPFIRE_NUM_THREADS        =           0)
 NUMBER OF THREADS: STATE (AUTOMATIC)      =           2
 NUMBER OF THREADS: STIFFNESS (AUTOMATIC)  =           2
 NUMBER OF THREADS: EVENT (AUTOMATIC)      =           2
 NUMBER OF THREADS: MOVE (AUTOMATIC)       =           2
 NUMBER OF THREADS: RESPONSE (AUTOMATIC)   =           2
 NUMBER OF THREADS: SOLVE (AUTOMATIC)      =           2


 E L E M E N T   F O R M A T I O N                                      00:29:16



 L I N E A R   E Q U A T I O N   S O L U T I O N                        00:29:16

 FORMING STIFFNESS AT ZERO (UNSTRESSED) INITIAL CONDITIONS

 TOTAL NUMBER OF EQUILIBRIUM EQUATIONS     =          27
 NUMBER OF NON-ZERO STIFFNESS TERMS        =         126

 ---------------------------------
 BASIC STABILITY CHECK FOR LINEAR LOAD CASES:
    NUMBER OF NEGATIVE STIFFNESS EIGENVALUES SHOULD BE ZERO FOR STABILITY.
    (NOTE: FURTHER CHECKS SHOULD BE CONSIDERED AS DEEMED NECESSARY,
     SUCH AS REVIEWING EIGEN MODES FOR MECHANISMS AND RIGID-BODY MOTION)

    NUMBER OF NEGATIVE EIGENVALUES         =           0,  OK.
 ---------------------------------


 L I N E A R   S T A T I C   C A S E S                                  00:29:16

 USING STIFFNESS AT ZERO (UNSTRESSED) INITIAL CONDITIONS

 TOTAL NUMBER OF CASES TO SOLVE            =           1
 NUMBER OF CASES TO SOLVE PER BLOCK        =           1

 LINEAR STATIC CASES TO BE SOLVED:

 CASE: DEAD


 L I N E A R   B U C K L I N G   A N A L Y S I S                        00:29:16

 CASE: BUCK1

 USING STIFFNESS AT ZERO (UNSTRESSED) INITIAL CONDITIONS

 NUMBER OF STIFFNESS DEGREES OF FREEDOM    =          27
 NUMBER OF BUCKLING MODES SOUGHT           =           6
 NUMBER OF SUBSPACE VECTORS USED           =          24

 RELATIVE CONVERGENCE TOLERANCE            =    1.00E-09


 Iteration  Approximations to next lowest eigenvalues...
         1  7.895465995E+01  1.091767660E+02  2.171614725E+02  3.106191523E+02
         2  7.895465995E+01  1.091767660E+02  2.171614725E+02  3.106191523E+02

     Found mode       1 of       6,  Eigenvalue =   7.895465995E+01
     Found mode       2 of       6,  Eigenvalue =   1.091767660E+02
     Found mode       3 of       6,  Eigenvalue =   2.171614725E+02
     Found mode       4 of       6,  Eigenvalue =   3.106191523E+02
     Found mode       5 of       6,  Eigenvalue =   4.582350939E+02
     Found mode       6 of       6,  Eigenvalue =   5.978340203E+02

 NUMBER OF BUCKLING MODES FOUND            =           6
 NUMBER OF ITERATIONS PERFORMED            =           2


 N O N L I N E A R   S T A T I C   A N A L Y S I S                      00:29:16

 CASE: NLSTAT1

 STARTING FROM ZERO (UNSTRESSED) INITIAL CONDITIONS

 LOAD CONTROL TYPE                         = DISPLACEMENT
 SAVE POSITIVE INCREMENTS ONLY             =         YES
 TYPE OF GEOMETRIC NONLINEARITY            = LARGE DISPLACEMENT AND P-DELTA
 INCLUDE ELASTIC MATERIAL NONLINEARITY     =         YES
 INCLUDE INELASTIC MATERIAL NONLINEARITY   =         YES
 USE EVENT STEPPING                        =         YES
 USE ITERATION                             =         YES
 USE LINE SEARCH                           =          NO
 EVENT LUMPING TOLERANCE                   =    0.010000
 FORCE CONVERGENCE TOLERANCE (RELATIVE)    =    0.000100

 Negative iterations are Constant-Stiffness
 Positive iterations are Newton-Raphson

  Saved    Null   Total  Iteration   Relative  Curr Step   Curr Sum    Max Sum
  Steps   Steps   Steps  this Step  Unbalance       Size   of Steps   of Steps
 (  100      50     200     -10/40   1.000000   0.100000   1.000000   1.000000)

      0       0       1         -1   6.957728   0.100000    .000000    .000000
      1       0       1  Conv   -2   0.013653   0.100000   0.100000   0.100000
      1       0       2         -1   7.794545   0.100000   0.100000   0.100000
      2       0       2  Conv   -2   0.012931   0.100000   0.200000   0.200000
      2       0       3         -1   7.140782   0.100000   0.200000   0.200000
      3       0       3  Conv   -2   0.011210   0.100000   0.300000   0.300000
      3       0       4         -1   6.338657   0.100000   0.300000   0.300000
      4       0       4  Conv   -2   0.009691   0.100000   0.400000   0.400000
      4       0       5         -1   5.647340   0.100000   0.400000   0.400000
      5       0       5  Conv   -2   0.008501   0.100000   0.500000   0.500000
      5       0       6         -1   5.087510   0.100000   0.500000   0.500000
      6       0       6  Conv   -2   0.007581   0.100000   0.600000   0.600000
      6       0       7         -1   4.636960   0.100000   0.600000   0.600000
      7       0       7  Conv   -2   0.006860   0.100000   0.700000   0.700000
      7       0       8         -1   4.271104   0.100000   0.700000   0.700000
      8       0       8  Conv   -2   0.006285   0.100000   0.800000   0.800000
      8       0       9         -1   3.970158   0.100000   0.800000   0.800000
      9       0       9  Conv   -2   0.005817   0.100000   0.900000   0.900000
      9       0      10         -1   3.719286   0.100000   0.900000   0.900000
     10       0      10  Conv   -2   0.005431   0.100000   1.000000   1.000000

 NUMBER OF STIFFNESS FORMATIONS/SOLUTIONS  =          10

 TIME FOR INITIALIZING ANALYSIS            =        0.02
 TIME FOR CONTROLLING ANALYSIS             =        0.00
 TIME FOR UPDATING LOADS AND STATE         =        0.00
 TIME FOR FORMING STIFFNESS MATRIX         =        0.00
 TIME FOR SOLVING STIFFNESS MATRIX         =        0.16
 TIME FOR CALCULATING DISPLACEMENTS        =        0.02
 TIME FOR DETERMINING EVENTS               =        0.00
 TIME FOR SAVING RESULTS                   =        0.00
                                               ----------
 TOTAL TIME FOR THIS ANALYSIS              =        0.20


 A N A L Y S I S   C O M P L E T E                          2016/12/01  00:29:16


 SAP2000 v18.2.0 Ultimate 64-bit (Analysis Build 9503/64)
 File: C:\Users\lyoshi\Documen...ilityTheory\5拱的稳定\Sap2000_flatarch\arch.LOG




 B E G I N   A N A L Y S I S                                2016/12/01  00:30:56


 RUNNING ANALYSIS WITHIN THE GUI PROCESS
 USING THE ADVANCED SOLVER (PROVIDES LIMITED INSTABILITY INFORMATION)

 NUMBER OF JOINTS                          =          11
    WITH RESTRAINTS                        =           2
 NUMBER OF FRAME/CABLE/TENDON ELEMENTS     =          10
 NUMBER OF LOAD PATTERNS                   =           1
 NUMBER OF ACCELERATION LOADS              =           9
 NUMBER OF LOAD CASES                      =           3

 ADDRESSABLE PHYSICAL MEMORY (RAM)         =       3.822 GB

 PARALLELIZATION OF ANALYSIS OPERATIONS:
 (Env. variable SAPFIRE_NUM_THREADS        =           0)
 NUMBER OF THREADS: STATE (AUTOMATIC)      =           2
 NUMBER OF THREADS: STIFFNESS (AUTOMATIC)  =           2
 NUMBER OF THREADS: EVENT (AUTOMATIC)      =           2
 NUMBER OF THREADS: MOVE (AUTOMATIC)       =           2
 NUMBER OF THREADS: RESPONSE (AUTOMATIC)   =           2
 NUMBER OF THREADS: SOLVE (AUTOMATIC)      =           2


 N O N L I N E A R   S T A T I C   A N A L Y S I S                      00:30:56

 CASE: NLSTAT1

 STARTING FROM ZERO (UNSTRESSED) INITIAL CONDITIONS

 LOAD CONTROL TYPE                         = DISPLACEMENT
 SAVE POSITIVE INCREMENTS ONLY             =         YES
 TYPE OF GEOMETRIC NONLINEARITY            = LARGE DISPLACEMENT AND P-DELTA
 INCLUDE ELASTIC MATERIAL NONLINEARITY     =         YES
 INCLUDE INELASTIC MATERIAL NONLINEARITY   =         YES
 USE EVENT STEPPING                        =         YES
 USE ITERATION                             =         YES
 USE LINE SEARCH                           =          NO
 EVENT LUMPING TOLERANCE                   =    0.010000
 FORCE CONVERGENCE TOLERANCE (RELATIVE)    =    0.000100


 E L E M E N T   F O R M A T I O N                                      00:30:56


 Negative iterations are Constant-Stiffness
 Positive iterations are Newton-Raphson

  Saved    Null   Total  Iteration   Relative  Curr Step   Curr Sum    Max Sum
  Steps   Steps   Steps  this Step  Unbalance       Size   of Steps   of Steps
 (  100      50     200     -10/40   1.000000   0.100000   1.000000   1.000000)

      0       0       1         -1  68.397046   0.100000    .000000    .000000
      0       0       1         -2   1.343810   0.100000    .000000    .000000
      1       0       1  Conv   -3   0.016613   0.100000   0.100000   0.100000
      1       0       2         -1  74.187412   0.100000   0.100000   0.100000
      1       0       2         -2   1.277250   0.100000   0.100000   0.100000
      2       0       2  Conv   -3   0.011908   0.100000   0.200000   0.200000
      2       0       3         -1  65.829199   0.100000   0.200000   0.200000
      2       0       3         -2   1.115502   0.100000   0.200000   0.200000
      3       0       3  Conv   -3   0.008683   0.100000   0.300000   0.300000
      3       0       4         -1  56.495470   0.100000   0.300000   0.300000
      4       0       4  Conv   -2   0.971389   0.100000   0.400000   0.400000
      4       0       5         -1  48.312148   0.100000   0.400000   0.400000
      5       0       5  Conv   -2   0.861612   0.100000   0.500000   0.500000
      5       0       6         -1  41.857292   0.100000   0.500000   0.500000
      6       0       6  Conv   -2   0.772695   0.100000   0.600000   0.600000
      6       0       7         -1  36.603183   0.100000   0.600000   0.600000
      7       0       7  Conv   -2   0.702594   0.100000   0.700000   0.700000
      7       0       8         -1  32.262396   0.100000   0.700000   0.700000
      8       0       8  Conv   -2   0.646356   0.100000   0.800000   0.800000
      8       0       9         -1  28.613137   0.100000   0.800000   0.800000
      9       0       9  Conv   -2   0.600374   0.100000   0.900000   0.900000
      9       0      10         -1  25.492385   0.100000   0.900000   0.900000
     10       0      10  Conv   -2   0.562107   0.100000   1.000000   1.000000

 NUMBER OF STIFFNESS FORMATIONS/SOLUTIONS  =          10

 TIME FOR INITIALIZING ANALYSIS            =        0.00
 TIME FOR CONTROLLING ANALYSIS             =        0.00
 TIME FOR UPDATING LOADS AND STATE         =        0.00
 TIME FOR FORMING STIFFNESS MATRIX         =        0.00
 TIME FOR SOLVING STIFFNESS MATRIX         =        0.28
 TIME FOR CALCULATING DISPLACEMENTS        =        0.00
 TIME FOR DETERMINING EVENTS               =        0.01
 TIME FOR SAVING RESULTS                   =        0.00
                                               ----------
 TOTAL TIME FOR THIS ANALYSIS              =        0.29


 A N A L Y S I S   C O M P L E T E                          2016/12/01  00:30:57


 SAP2000 v18.2.0 Ultimate 64-bit (Analysis Build 9503/64)
 File: C:\Users\lyoshi\Documen...ilityTheory\5拱的稳定\Sap2000_flatarch\arch.LOG




 B E G I N   A N A L Y S I S                                2016/12/01  00:32:13


 RUNNING ANALYSIS WITHIN THE GUI PROCESS
 USING THE ADVANCED SOLVER (PROVIDES LIMITED INSTABILITY INFORMATION)

 NUMBER OF JOINTS                          =          11
    WITH RESTRAINTS                        =           2
 NUMBER OF FRAME/CABLE/TENDON ELEMENTS     =          10
 NUMBER OF LOAD PATTERNS                   =           1
 NUMBER OF ACCELERATION LOADS              =           9
 NUMBER OF LOAD CASES                      =           3

 ADDRESSABLE PHYSICAL MEMORY (RAM)         =       3.822 GB

 PARALLELIZATION OF ANALYSIS OPERATIONS:
 (Env. variable SAPFIRE_NUM_THREADS        =           0)
 NUMBER OF THREADS: STATE (AUTOMATIC)      =           2
 NUMBER OF THREADS: STIFFNESS (AUTOMATIC)  =           2
 NUMBER OF THREADS: EVENT (AUTOMATIC)      =           2
 NUMBER OF THREADS: MOVE (AUTOMATIC)       =           2
 NUMBER OF THREADS: RESPONSE (AUTOMATIC)   =           2
 NUMBER OF THREADS: SOLVE (AUTOMATIC)      =           2


 N O N L I N E A R   S T A T I C   A N A L Y S I S                      00:32:13

 CASE: NLSTAT1

 STARTING FROM ZERO (UNSTRESSED) INITIAL CONDITIONS

 LOAD CONTROL TYPE                         = DISPLACEMENT
 SAVE POSITIVE INCREMENTS ONLY             =         YES
 TYPE OF GEOMETRIC NONLINEARITY            = LARGE DISPLACEMENT AND P-DELTA
 INCLUDE ELASTIC MATERIAL NONLINEARITY     =         YES
 INCLUDE INELASTIC MATERIAL NONLINEARITY   =         YES
 USE EVENT STEPPING                        =         YES
 USE ITERATION                             =         YES
 USE LINE SEARCH                           =          NO
 EVENT LUMPING TOLERANCE                   =    0.010000
 FORCE CONVERGENCE TOLERANCE (RELATIVE)    =    0.000100


 E L E M E N T   F O R M A T I O N                                      00:32:13


 Negative iterations are Constant-Stiffness
 Positive iterations are Newton-Raphson

  Saved    Null   Total  Iteration   Relative  Curr Step   Curr Sum    Max Sum
  Steps   Steps   Steps  this Step  Unbalance       Size   of Steps   of Steps
 (  100      50     200     -10/40   1.000000   0.100000   1.000000   1.000000)

      0       0       1         -1 197.474407   0.100000    .000000    .000000
      0       0       1         -2  11.710001   0.100000    .000000    .000000
      1       0       1  Conv   -3   0.397867   0.100000   0.100000   0.100000
      1       0       2         -1 197.144569   0.100000   0.100000   0.100000
      1       0       2         -2  11.279483   0.100000   0.100000   0.100000
      2       0       2  Conv   -3   0.247985   0.100000   0.200000   0.200000
      2       0       3         -1 158.687623   0.100000   0.200000   0.200000
      2       0       3         -2   9.997447   0.100000   0.200000   0.200000
      3       0       3  Conv   -3   0.146459   0.100000   0.300000   0.300000
      3       0       4         -1 120.501973   0.100000   0.300000   0.300000
      3       0       4         -2   8.800268   0.100000   0.300000   0.300000
      4       0       4  Conv   -3   0.078969   0.100000   0.400000   0.400000
      4       0       5         -1  88.459427   0.100000   0.400000   0.400000
      4       0       5         -2   7.815296   0.100000   0.400000   0.400000
      5       0       5  Conv   -3   0.035364   0.100000   0.500000   0.500000
      5       0       6         -1  62.159272   0.100000   0.500000   0.500000
      5       0       6         -2   7.010965   0.100000   0.500000   0.500000
      6       0       6  Conv   -3   0.029192   0.100000   0.600000   0.600000
      6       0       7         -1  40.433296   0.100000   0.600000   0.600000
      6       0       7         -2   6.340928   0.100000   0.600000   0.600000
      7       0       7  Conv   -3   0.049677   0.100000   0.700000   0.700000
      7       0       8         -1  22.408214   0.100000   0.700000   0.700000
      7       0       8         -2   5.768782   0.100000   0.700000   0.700000
      8       0       8  Conv   -3   0.068647   0.100000   0.800000   0.800000
      8       0       9         -1   8.588960   0.100000   0.800000   0.800000
      8       0       9         -2   5.268812   0.100000   0.800000   0.800000
      9       0       9  Conv   -3   0.082665   0.100000   0.900000   0.900000
      9       0      10         -1  10.230731   0.100000   0.900000   0.900000
      9       0      10         -2   4.822814   0.100000   0.900000   0.900000
     10       0      10  Conv   -3   0.092298   0.100000   1.000000   1.000000

 NUMBER OF STIFFNESS FORMATIONS/SOLUTIONS  =          10

 TIME FOR INITIALIZING ANALYSIS            =        0.00
 TIME FOR CONTROLLING ANALYSIS             =        0.00
 TIME FOR UPDATING LOADS AND STATE         =        0.00
 TIME FOR FORMING STIFFNESS MATRIX         =        0.00
 TIME FOR SOLVING STIFFNESS MATRIX         =        0.17
 TIME FOR CALCULATING DISPLACEMENTS        =        0.03
 TIME FOR DETERMINING EVENTS               =        0.00
 TIME FOR SAVING RESULTS                   =        0.00
                                               ----------
 TOTAL TIME FOR THIS ANALYSIS              =        0.20


 A N A L Y S I S   C O M P L E T E                          2016/12/01  00:32:13
