

 SAP2000 v18.2.0 Ultimate 64-bit (Analysis Build 9503/64)
 File: C:\Users\lyoshi\Documen...lityTheory\4格构柱相关稳定\Sap2000_1\Column.LOG




 B E G I N   A N A L Y S I S                                2016/12/01  00:03:24


 RUNNING ANALYSIS WITHIN THE GUI PROCESS
 USING THE ADVANCED SOLVER (PROVIDES LIMITED INSTABILITY INFORMATION)

 NUMBER OF JOINTS                          =          85
    WITH RESTRAINTS                        =           2
 NUMBER OF FRAME/CABLE/TENDON ELEMENTS     =          95
 NUMBER OF LOAD PATTERNS                   =           1
 NUMBER OF ACCELERATION LOADS              =           9
 NUMBER OF LOAD CASES                      =           1

 ADDRESSABLE PHYSICAL MEMORY (RAM)         =       3.822 GB

 PARALLELIZATION OF ANALYSIS OPERATIONS:
 (Env. variable SAPFIRE_NUM_THREADS        =           0)
 NUMBER OF THREADS: STATE (AUTOMATIC)      =           2
 NUMBER OF THREADS: STIFFNESS (AUTOMATIC)  =           2
 NUMBER OF THREADS: EVENT (AUTOMATIC)      =           2
 NUMBER OF THREADS: MOVE (AUTOMATIC)       =           2
 NUMBER OF THREADS: RESPONSE (AUTOMATIC)   =           2
 NUMBER OF THREADS: SOLVE (AUTOMATIC)      =           2


 E L E M E N T   F O R M A T I O N                                      00:03:24



 L I N E A R   E Q U A T I O N   S O L U T I O N                        00:03:24

 FORMING STIFFNESS AT ZERO (UNSTRESSED) INITIAL CONDITIONS

 TOTAL NUMBER OF EQUILIBRIUM EQUATIONS     =         252
 NUMBER OF NON-ZERO STIFFNESS TERMS        =        1339

 * * * W A R N I N G * * *
 THE STRUCTURE IS UNSTABLE OR ILL-CONDITIONED !!
 CHECK THE STRUCTURE CAREFULLY FOR:
 - INADEQUATE SUPPORT CONDITIONS, OR
 - ONE OR MORE INTERNAL MECHANISMS, OR
 - ZERO OR NEGATIVE STIFFNESS PROPERTIES, OR
 - EXTREMELY LARGE STIFFNESS PROPERTIES, OR
 - BUCKLING DUE TO P-DELTA OR GEOMETRIC NONLINEARITY, OR
 - A FREQUENCY SHIFT (IF ANY) ONTO A NATURAL FREQUENCY

 TO OBTAIN FURTHER INFORMATION:
 - USE THE STANDARD SOLVER, OR
 - RUN AN EIGEN ANALYSIS USING AUTO FREQUENCY SHIFTING (WITH
   ADDITIONAL MASS IF NEEDED) AND INVESTIGATE THE MODE SHAPES


 ---------------------------------
 BASIC STABILITY CHECK FOR LINEAR LOAD CASES:
    NUMBER OF NEGATIVE STIFFNESS EIGENVALUES SHOULD BE ZERO FOR STABILITY.
    (NOTE: FURTHER CHECKS SHOULD BE CONSIDERED AS DEEMED NECESSARY,
     SUCH AS REVIEWING EIGEN MODES FOR MECHANISMS AND RIGID-BODY MOTION)

    NUMBER OF NEGATIVE EIGENVALUES         =           0,  OK.
 ---------------------------------


 L I N E A R   B U C K L I N G   A N A L Y S I S                        00:03:24

 CASE: BUCK1

 USING STIFFNESS AT ZERO (UNSTRESSED) INITIAL CONDITIONS

 NUMBER OF STIFFNESS DEGREES OF FREEDOM    =         252
 NUMBER OF BUCKLING MODES SOUGHT           =          10
 NUMBER OF SUBSPACE VECTORS USED           =          24

 RELATIVE CONVERGENCE TOLERANCE            =    1.00E-09


 Iteration  Approximations to next lowest eigenvalues...
         1  4.139402017E+08  5.196335131E+08  6.591758223E+08  7.395454700E+08
         2  4.065756173E+07  4.821457009E+07  5.301297545E+07  6.694783641E+07
         3  3.870615159E+07  4.018321403E+07  4.486673003E+07  4.680974050E+07
         4  3.864976935E+07  3.936635671E+07  4.446470243E+07  4.652999306E+07
         5  3.864808749E+07  3.934743846E+07  4.444864698E+07  4.651738201E+07
         6  3.864804098E+07  3.934698796E+07  4.444792874E+07  4.651677960E+07
         7  3.864803966E+07  3.934697616E+07  4.444789590E+07  4.651675025E+07
         8  3.864803962E+07  3.934697583E+07  4.444789441E+07  4.651674888E+07

     Found mode       1 of      10,  Eigenvalue =   3.864803962E+07

 Iteration  Approximations to next lowest eigenvalues...
         8  3.934697583E+07  4.444789441E+07  4.651674888E+07  5.435318341E+07
         9  3.934697582E+07  4.444789434E+07  4.651674882E+07  5.435318136E+07

     Found mode       2 of      10,  Eigenvalue =   3.934697582E+07
     Found mode       3 of      10,  Eigenvalue =   4.444789434E+07
     Found mode       4 of      10,  Eigenvalue =   4.651674882E+07

 Iteration  Approximations to next lowest eigenvalues...
         9  5.435318136E+07  6.912169456E+07  9.485198622E+07  9.607171797E+07
        10  5.435318125E+07  6.912169270E+07  9.485152463E+07  9.607160226E+07
        11  5.435318124E+07  6.912169256E+07  9.485144863E+07  9.607158213E+07

     Found mode       5 of      10,  Eigenvalue =   5.435318124E+07

 Iteration  Approximations to next lowest eigenvalues...
        11  6.912169256E+07  9.485144863E+07  9.607158213E+07  9.941162627E+07
        12  6.912169255E+07  9.485143755E+07  9.607157892E+07  9.941162487E+07

     Found mode       6 of      10,  Eigenvalue =   6.912169255E+07

 Iteration  Approximations to next lowest eigenvalues...
        12  9.485143755E+07  9.607157892E+07  9.941162487E+07  1.090203859E+08
        13  9.485143585E+07  9.607157838E+07  9.941162463E+07  1.090203227E+08
        14  9.485143558E+07  9.607157830E+07  9.941162456E+07  1.013109716E+08
        15  4.062980080E+07  9.485143556E+07  9.607157829E+07  9.941162458E+07
        16  9.485143555E+07  9.607157829E+07  9.941162458E+07  1.090203068E+08
        17  9.485143555E+07  9.607157829E+07  9.941162458E+07  1.090203067E+08

     Found mode       7 of      10,  Eigenvalue =   9.485143555E+07
     Found mode       8 of      10,  Eigenvalue =   9.607157829E+07
     Found mode       9 of      10,  Eigenvalue =   9.941162458E+07
     Found mode      10 of      10,  Eigenvalue =   1.090203067E+08

 NUMBER OF BUCKLING MODES FOUND            =          10
 NUMBER OF ITERATIONS PERFORMED            =          17


 A N A L Y S I S   C O M P L E T E                          2016/12/01  00:03:24
