

 SAP2000 v18.2.0 Ultimate 64-bit (Analysis Build 9503/64)
 File: C:\Users\lyoshi\Documen...2附加框架的屈曲分析和平衡路径\Sap2000\Frame.LOG




 B E G I N   A N A L Y S I S                                2016/12/01  00:38:20


 RUNNING ANALYSIS WITHIN THE GUI PROCESS
 USING THE ADVANCED SOLVER (PROVIDES LIMITED INSTABILITY INFORMATION)

 NUMBER OF JOINTS                          =          11
    WITH RESTRAINTS                        =           2
 NUMBER OF FRAME/CABLE/TENDON ELEMENTS     =          10
 NUMBER OF LOAD PATTERNS                   =           1
 NUMBER OF ACCELERATION LOADS              =           9
 NUMBER OF LOAD CASES                      =           1

 ADDRESSABLE PHYSICAL MEMORY (RAM)         =       3.822 GB

 PARALLELIZATION OF ANALYSIS OPERATIONS:
 (Env. variable SAPFIRE_NUM_THREADS        =           0)
 NUMBER OF THREADS: STATE (AUTOMATIC)      =           2
 NUMBER OF THREADS: STIFFNESS (AUTOMATIC)  =           2
 NUMBER OF THREADS: EVENT (AUTOMATIC)      =           2
 NUMBER OF THREADS: MOVE (AUTOMATIC)       =           2
 NUMBER OF THREADS: RESPONSE (AUTOMATIC)   =           2
 NUMBER OF THREADS: SOLVE (AUTOMATIC)      =           2


 N O N L I N E A R   S T A T I C   A N A L Y S I S                      00:38:20

 CASE: NLSTAT1

 STARTING FROM ZERO (UNSTRESSED) INITIAL CONDITIONS

 LOAD CONTROL TYPE                         = DISPLACEMENT
 SAVE POSITIVE INCREMENTS ONLY             =         YES
 TYPE OF GEOMETRIC NONLINEARITY            = LARGE DISPLACEMENT AND P-DELTA
 INCLUDE ELASTIC MATERIAL NONLINEARITY     =         YES
 INCLUDE INELASTIC MATERIAL NONLINEARITY   =         YES
 USE EVENT STEPPING                        =         YES
 USE ITERATION                             =         YES
 USE LINE SEARCH                           =          NO
 EVENT LUMPING TOLERANCE                   =    0.010000
 FORCE CONVERGENCE TOLERANCE (RELATIVE)    =    0.000100


 E L E M E N T   F O R M A T I O N                                      00:38:20


 Negative iterations are Constant-Stiffness
 Positive iterations are Newton-Raphson

  Saved    Null   Total  Iteration   Relative  Curr Step   Curr Sum    Max Sum
  Steps   Steps   Steps  this Step  Unbalance       Size   of Steps   of Steps
 (  100      50     200     -10/40   1.000000   0.100000   1.000000   1.000000)

      0       0       1         -1 563.281469   0.100000    .000000    .000000
      0       0       1         -2   1288.136   0.100000    .000000    .000000
      0       0       1         -3   4513.488   0.100000    .000000    .000000
      0       0       1         -4  13126.297   0.100000    .000000    .000000
      0       0       1          1 563.281469   0.100000    .000000    .000000
      0       0       1          2   2068.386   0.100000    .000000    .000000
      0       0       1          3   5250.014   0.100000    .000000    .000000
      0       0       1          4   4397.295   0.100000    .000000    .000000
      0       0       1          5   5220.193   0.100000    .000000    .000000
      0       0       1          6   7018.041   0.100000    .000000    .000000
      0       0       1          7  82559.479   0.100000    .000000    .000000
      0       0       1          8  13252.678   0.100000    .000000    .000000
      0       0       1          9  18122.876   0.100000    .000000    .000000
      0       0       1         10  10726.696   0.100000    .000000    .000000
      0       0       1         11  13170.342   0.100000    .000000    .000000
      0       0       1         12  17070.611   0.100000    .000000    .000000
      0       0       1         13  44041.009   0.100000    .000000    .000000
      0       0       1         14  13454.980   0.100000    .000000    .000000
      0       0       1         15  18784.081   0.100000    .000000    .000000
      0       0       1         16  23227.041   0.100000    .000000    .000000
      0       0       1         17  29432.992   0.100000    .000000    .000000
      0       0       1         18  61896.435   0.100000    .000000    .000000
      0       0       1         19  28158.813   0.100000    .000000    .000000
      0       0       1         20  41372.266   0.100000    .000000    .000000
      0       0       1         21  50333.498   0.100000    .000000    .000000
      0       0       1         22  61734.120   0.100000    .000000    .000000
      0       0       1         23 100424.389   0.100000    .000000    .000000
      0       0       1         24 8.1060E+08   0.100000    .000000    .000000
      0       1       2          1 141.323349   0.050000    .000000    .000000
      0       1       2          2   1667.035   0.050000    .000000    .000000
      0       1       2          3   1606.702   0.050000    .000000    .000000
      0       1       2          4   2157.791   0.050000    .000000    .000000
      0       1       2          5   4473.218   0.050000    .000000    .000000
      0       1       2          6   3323.173   0.050000    .000000    .000000
      0       1       2          7   4349.053   0.050000    .000000    .000000
      0       1       2          8   7102.519   0.050000    .000000    .000000
      0       1       2          9   8649.425   0.050000    .000000    .000000
      0       1       2         10   6139.597   0.050000    .000000    .000000
      0       1       2         11   8861.483   0.050000    .000000    .000000
      0       1       2         12  14798.676   0.050000    .000000    .000000
      0       1       2         13  16718.544   0.050000    .000000    .000000
      0       1       2         14   7448.464   0.050000    .000000    .000000
      0       1       2         15   7451.694   0.050000    .000000    .000000
      0       1       2         16   8655.682   0.050000    .000000    .000000
      0       1       2         17  10519.277   0.050000    .000000    .000000
      0       1       2         18  14176.580   0.050000    .000000    .000000
      0       1       2         19  58698.732   0.050000    .000000    .000000
      0       1       2         20   7264.741   0.050000    .000000    .000000
      0       1       2         21  12043.032   0.050000    .000000    .000000
      0       1       2         22  14244.783   0.050000    .000000    .000000
      0       1       2         23  16979.006   0.050000    .000000    .000000
      0       1       2         24  20483.043   0.050000    .000000    .000000
      0       1       2         25  27071.168   0.050000    .000000    .000000
      0       1       2         26  97964.030   0.050000    .000000    .000000
      0       1       2         27 116517.110   0.050000    .000000    .000000
      0       1       2         28  58376.051   0.050000    .000000    .000000
      0       1       2         29  68942.530   0.050000    .000000    .000000
      0       1       2         30  66413.270   0.050000    .000000    .000000
      0       1       2         31 132183.815   0.050000    .000000    .000000
      0       1       2         32 1.4784E+06   0.050000    .000000    .000000
      0       2       3         -1  35.394079   0.025000    .000000    .000000
      0       2       3         -2  23.004975   0.025000    .000000    .000000
      0       2       3         -3  14.317000   0.025000    .000000    .000000
      0       2       3         -4   9.196103   0.025000    .000000    .000000
      0       2       3         -5   5.797018   0.025000    .000000    .000000
      0       2       3         -6   3.698643   0.025000    .000000    .000000
      0       2       3         -7   2.341933   0.025000    .000000    .000000
      0       2       3         -8   1.490107   0.025000    .000000    .000000
      1       2       3  Conv   -9   0.945199   0.025000   0.025000   0.025000
      1       2       4         -1  81.758906   0.050000   0.025000   0.025000
      1       2       4         -2  55.530128   0.050000   0.025000   0.025000
      1       2       4         -3  43.822610   0.050000   0.025000   0.025000
      1       2       4         -4  34.995760   0.050000   0.025000   0.025000
      1       2       4         -5  27.837538   0.050000   0.025000   0.025000
      1       2       4         -6  22.211613   0.050000   0.025000   0.025000
      1       2       4         -7  17.679358   0.050000   0.025000   0.025000
      1       2       4         -8  14.099317   0.050000   0.025000   0.025000
      1       2       4         -9  11.226762   0.050000   0.025000   0.025000
      1       2       4        -10   8.950518   0.050000   0.025000   0.025000
      1       2       4         -1  28.797252   0.025000   0.025000   0.025000
      1       2       4         -2   9.526739   0.025000   0.025000   0.025000
      1       2       4         -3   3.827271   0.025000   0.025000   0.025000
      1       2       4         -4   1.554177   0.025000   0.025000   0.025000
      2       2       4  Conv   -5   0.629933   0.025000   0.050000   0.050000
      2       2       5         -1  62.965881   0.050000   0.050000   0.050000
      2       2       5         -2  26.422026   0.050000   0.050000   0.050000
      2       2       5         -3  15.180503   0.050000   0.050000   0.050000
      2       2       5         -4   8.916685   0.050000   0.050000   0.050000
      2       2       5         -5   5.232106   0.050000   0.050000   0.050000
      2       2       5         -6   3.071585   0.050000   0.050000   0.050000
      2       2       5         -7   1.802761   0.050000   0.050000   0.050000
      2       2       5         -8   1.058225   0.050000   0.050000   0.050000
      2       2       5         -9   0.621127   0.050000   0.050000   0.050000
      2       2       5         -1 176.909544   0.100000   0.050000   0.050000
      2       2       5         -2 158.124909   0.100000   0.050000   0.050000
      2       2       5         -3 178.697435   0.100000   0.050000   0.050000
      2       2       5         -4 205.863992   0.100000   0.050000   0.050000
      2       2       5         -1  62.965881   0.050000   0.050000   0.050000
      2       2       5         -2  26.422026   0.050000   0.050000   0.050000
      2       2       5         -3  15.180503   0.050000   0.050000   0.050000
      2       2       5         -4   8.916685   0.050000   0.050000   0.050000
      2       2       5         -5   5.232106   0.050000   0.050000   0.050000
      2       2       5         -6   3.071585   0.050000   0.050000   0.050000
      2       2       5         -7   1.802761   0.050000   0.050000   0.050000
      2       2       5         -8   1.058225   0.050000   0.050000   0.050000
      3       2       5  Conv   -9   0.621127   0.050000   0.100000   0.100000
      3       2       6         -1 118.843646   0.100000   0.100000   0.100000
      3       2       6         -2  50.457537   0.100000   0.100000   0.100000
      3       2       6         -3  34.648761   0.100000   0.100000   0.100000
      3       2       6         -4  26.237491   0.100000   0.100000   0.100000
      3       2       6         -5  19.865135   0.100000   0.100000   0.100000
      3       2       6         -6  15.048187   0.100000   0.100000   0.100000
      3       2       6         -7  11.400213   0.100000   0.100000   0.100000
      3       2       6         -8   8.636048   0.100000   0.100000   0.100000
      3       2       6         -9   6.542436   0.100000   0.100000   0.100000
      3       2       6        -10   4.956177   0.100000   0.100000   0.100000
      3       2       6         -1  49.258878   0.050000   0.100000   0.100000
      3       2       6         -2  10.036602   0.050000   0.100000   0.100000
      3       2       6         -3   3.599820   0.050000   0.100000   0.100000
      3       2       6         -4   1.410537   0.050000   0.100000   0.100000
      4       2       6  Conv   -5   0.552211   0.050000   0.150000   0.150000
      4       2       7         -1  98.712367   0.100000   0.150000   0.150000
      4       2       7         -2  22.509530   0.100000   0.150000   0.150000
      4       2       7         -3   9.177455   0.100000   0.150000   0.150000
      4       2       7         -4   5.216910   0.100000   0.150000   0.150000
      4       2       7         -5   2.958561   0.100000   0.150000   0.150000
      4       2       7         -6   1.684425   0.100000   0.150000   0.150000
      5       2       7  Conv   -7   0.959023   0.100000   0.250000   0.250000
      5       2       8         -1  84.334997   0.100000   0.250000   0.250000
      5       2       8         -2   9.763868   0.100000   0.250000   0.250000
      5       2       8         -3   1.046395   0.100000   0.250000   0.250000
      6       2       8  Conv   -4   0.410450   0.100000   0.350000   0.350000
      6       2       9         -1  78.626563   0.100000   0.350000   0.350000
      6       2       9         -2  10.874167   0.100000   0.350000   0.350000
      6       2       9         -3   3.047445   0.100000   0.350000   0.350000
      7       2       9  Conv   -4   0.913118   0.100000   0.450000   0.450000
      7       2      10         -1  76.693798   0.100000   0.450000   0.450000
      7       2      10         -2  13.656149   0.100000   0.450000   0.450000
      7       2      10         -3   3.547673   0.100000   0.450000   0.450000
      8       2      10  Conv   -4   0.873331   0.100000   0.550000   0.550000
      8       2      11         -1  75.572211   0.100000   0.550000   0.550000
      8       2      11         -2  16.444551   0.100000   0.550000   0.550000
      8       2      11         -3   3.741315   0.100000   0.550000   0.550000
      9       2      11  Conv   -4   0.789235   0.100000   0.650000   0.650000
      9       2      12         -1  75.093979   0.100000   0.650000   0.650000
      9       2      12         -2  19.152953   0.100000   0.650000   0.650000
      9       2      12         -3   3.821659   0.100000   0.650000   0.650000
     10       2      12  Conv   -4   0.711944   0.100000   0.750000   0.750000
     10       2      13         -1  75.047171   0.100000   0.750000   0.750000
     10       2      13         -2  21.813382   0.100000   0.750000   0.750000
     10       2      13         -3   3.860888   0.100000   0.750000   0.750000
     11       2      13  Conv   -4   0.650591   0.100000   0.850000   0.850000
     11       2      14         -1  75.311858   0.100000   0.850000   0.850000
     11       2      14         -2  24.453796   0.100000   0.850000   0.850000
     11       2      14         -3   3.885741   0.100000   0.850000   0.850000
     12       2      14  Conv   -4   0.604854   0.100000   0.950000   0.950000
     12       2      15         -1  36.590806   0.050000   0.950000   0.950000
     12       2      15         -2   6.163146   0.050000   0.950000   0.950000
     13       2      15  Conv   -3   0.464446   0.050000   1.000000   1.000000

 NUMBER OF STIFFNESS FORMATIONS/SOLUTIONS  =          69

 TIME FOR INITIALIZING ANALYSIS            =        0.00
 TIME FOR CONTROLLING ANALYSIS             =        0.09
 TIME FOR UPDATING LOADS AND STATE         =        0.06
 TIME FOR FORMING STIFFNESS MATRIX         =        0.02
 TIME FOR SOLVING STIFFNESS MATRIX         =        2.30
 TIME FOR CALCULATING DISPLACEMENTS        =        0.02
 TIME FOR DETERMINING EVENTS               =        0.09
 TIME FOR SAVING RESULTS                   =        0.05
                                               ----------
 TOTAL TIME FOR THIS ANALYSIS              =        2.63


 A N A L Y S I S   C O M P L E T E                          2016/12/01  00:38:22
